Got On Axis Power Density - Temporal
Got On Axis POwer Density - Spectral
Got FWHM
Got Divergence
Got Centroid
Wrote History to File
Setup Beamline
Source Scaled
propagating pulse, hold on...
Error at name='data/arrEhor' value='[[[[ 4.41116281e-05 -4.20876240e-05]
   [-1.18461357e-05 -7.27744555e-05]
   [-7.36474021e-06 -5.07375444e-05]
   ...
   [ 0.00000000e+00  0.00000000e+00]
   [ 0.00000000e+00  0.00000000e+00]
   [ 0.00000000e+00  0.00000000e+00]]

  [[ 3.83802908e-05 -4.33912101e-05]
   [-1.61370062e-05 -7.81401322e-05]
   [-6.26995825e-06 -5.39183384e-05]
   ...
   [ 0.00000000e+00  0.00000000e+00]
   [ 0.00000000e+00  0.00000000e+00]
   [ 0.00000000e+00  0.00000000e+00]]

  [[ 3.28300921e-05 -4.44063953e-05]
   [-2.02005540e-05 -8.21958965e-05]
   [-5.24244479e-06 -5.59407636e-05]
   ...
   [ 0.00000000e+00  0.00000000e+00]
   [ 0.00000000e+00  0.00000000e+00]
   [ 0.00000000e+00  0.00000000e+00]]

  ...

  [[-6.03523695e-05  3.95839670e-05]
   [-2.07933155e-08  4.90733837e-05]
   [ 1.24101098e-05  3.37687707e-05]
   ...
   [ 0.00000000e+00  0.00000000e+00]
   [ 0.00000000e+00  0.00000000e+00]
   [ 0.00000000e+00  0.00000000e+00]]

  [[-5.40726433e-05  4.13794405e-05]
   [ 5.47513127e-06  5.80428750e-05]
   [ 1.16289702e-05  4.04884013e-05]
   ...
   [ 0.00000000e+00  0.00000000e+00]
   [ 0.00000000e+00  0.00000000e+00]
   [ 0.00000000e+00  0.00000000e+00]]

  [[-4.79482878e-05  4.29230968e-05]
   [ 1.06297948e-05  6.57460623e-05]
   [ 1.07576743e-05  4.60352567e-05]
   ...
   [ 0.00000000e+00  0.00000000e+00]
   [ 0.00000000e+00  0.00000000e+00]
   [ 0.00000000e+00  0.00000000e+00]]]


 [[[ 4.44165162e-05 -3.60115482e-05]
   [-2.13267685e-05 -5.50974946e-05]
   [-2.62808953e-05 -3.29802751e-05]
   ...
   [ 0.00000000e+00  0.00000000e+00]
   [ 0.00000000e+00  0.00000000e+00]
   [ 0.00000000e+00  0.00000000e+00]]

  [[ 3.91697795e-05 -3.71915958e-05]
   [-2.51620677e-05 -5.99674131e-05]
   [-2.50134544e-05 -3.55633820e-05]
   ...
   [ 0.00000000e+00  0.00000000e+00]
   [ 0.00000000e+00  0.00000000e+00]
   [ 0.00000000e+00  0.00000000e+00]]

  [[ 3.40986771e-05 -3.81146710e-05]
   [-2.87089770e-05 -6.36154364e-05]
   [-2.37083568e-05 -3.70770831e-05]
   ...
   [ 0.00000000e+00  0.00000000e+00]
   [ 0.00000000e+00  0.00000000e+00]
   [ 0.00000000e+00  0.00000000e+00]]

  ...

  [[-5.94620906e-05  3.40131555e-05]
   [ 9.64935043e-06  3.28992319e-05]
   [ 3.04285641e-05  1.73954195e-05]
   ...
   [ 0.00000000e+00  0.00000000e+00]
   [ 0.00000000e+00  0.00000000e+00]
   [ 0.00000000e+00  0.00000000e+00]]

  [[-5.36833686e-05  3.56172677e-05]
   [ 1.48460022e-05  4.11271358e-05]
   [ 2.97456099e-05  2.32526036e-05]
   ...
   [ 0.00000000e+00  0.00000000e+00]
   [ 0.00000000e+00  0.00000000e+00]
   [ 0.00000000e+00  0.00000000e+00]]

  [[-4.80572853e-05  3.69998997e-05]
   [ 1.96424207e-05  4.81792340e-05]
   [ 2.88744704e-05  2.80305394e-05]
   ...
   [ 0.00000000e+00  0.00000000e+00]
   [ 0.00000000e+00  0.00000000e+00]
   [ 0.00000000e+00  0.00000000e+00]]]


 [[[ 4.41016928e-05 -2.97656752e-05]
   [-3.17545237e-05 -3.78077966e-05]
   [-4.59672083e-05 -1.60798973e-05]
   ...
   [ 0.00000000e+00  0.00000000e+00]
   [ 0.00000000e+00  0.00000000e+00]
   [ 0.00000000e+00  0.00000000e+00]]

  [[ 3.93481278e-05 -3.07945666e-05]
   [-3.51574636e-05 -4.21459154e-05]
   [-4.45705300e-05 -1.80528568e-05]
   ...
   [ 0.00000000e+00  0.00000000e+00]
   [ 0.00000000e+00  0.00000000e+00]
   [ 0.00000000e+00  0.00000000e+00]]

  [[ 3.47669120e-05 -3.15988655e-05]
   [-3.82061335e-05 -4.53506800e-05]
   [-4.30276632e-05 -1.90432856e-05]
   ...
   [ 0.00000000e+00  0.00000000e+00]
   [ 0.00000000e+00  0.00000000e+00]
   [ 0.00000000e+00  0.00000000e+00]]

  ...

  [[-5.79437328e-05  2.83299742e-05]
   [ 2.01987095e-05  1.71753400e-05]
   [ 4.91084975e-05  1.87124056e-06]
   ...
   [ 0.00000000e+00  0.00000000e+00]
   [ 0.00000000e+00  0.00000000e+00]
   [ 0.00000000e+00  0.00000000e+00]]

  [[-5.26697295e-05  2.97127735e-05]
   [ 2.51285419e-05  2.46249820e-05]
   [ 4.85774472e-05  6.85716168e-06]
   ...
   [ 0.00000000e+00  0.00000000e+00]
   [ 0.00000000e+00  0.00000000e+00]
   [ 0.00000000e+00  0.00000000e+00]]

  [[-4.75475936e-05  3.09050592e-05]
   [ 2.95951540e-05  3.09890820e-05]
   [ 4.77565918e-05  1.08560671e-05]
   ...
   [ 0.00000000e+00  0.00000000e+00]
   [ 0.00000000e+00  0.00000000e+00]
   [ 0.00000000e+00  0.00000000e+00]]]


 ...


 [[[-3.66304121e-05  6.09017334e-05]
   [-4.33584228e-06  1.27478910e-04]
   [-3.83528750e-05  1.09861263e-04]
   ...
   [ 0.00000000e+00  0.00000000e+00]
   [ 0.00000000e+00  0.00000000e+00]
   [ 0.00000000e+00  0.00000000e+00]]

  [[-2.94536476e-05  6.20575302e-05]
   [ 1.74873730e-06  1.33807087e-04]
   [-3.84434024e-05  1.14735609e-04]
   ...
   [ 0.00000000e+00  0.00000000e+00]
   [ 0.00000000e+00  0.00000000e+00]
   [ 0.00000000e+00  0.00000000e+00]]

  [[-2.25042895e-05  6.28490379e-05]
   [ 7.68785958e-06  1.38570846e-04]
   [-3.82513717e-05  1.18164295e-04]
   ...
   [ 0.00000000e+00  0.00000000e+00]
   [ 0.00000000e+00  0.00000000e+00]
   [ 0.00000000e+00  0.00000000e+00]]

  ...

  [[ 5.65065784e-05 -5.82091852e-05]
   [ 1.84974342e-05 -1.00380283e-04]
   [ 3.23477907e-05 -8.84647088e-05]
   ...
   [ 0.00000000e+00  0.00000000e+00]
   [ 0.00000000e+00  0.00000000e+00]
   [ 0.00000000e+00  0.00000000e+00]]

  [[ 4.86718127e-05 -6.00124113e-05]
   [ 1.14058066e-05 -1.10983987e-04]
   [ 3.26523732e-05 -9.76910451e-05]
   ...
   [ 0.00000000e+00  0.00000000e+00]
   [ 0.00000000e+00  0.00000000e+00]
   [ 0.00000000e+00  0.00000000e+00]]

  [[ 4.10290741e-05 -6.14888340e-05]
   [ 4.57635042e-06 -1.20066929e-04]
   [ 3.28502247e-05 -1.05454026e-04]
   ...
   [ 0.00000000e+00  0.00000000e+00]
   [ 0.00000000e+00  0.00000000e+00]
   [ 0.00000000e+00  0.00000000e+00]]]


 [[[-3.89896086e-05  5.56092309e-05]
   [ 1.26928023e-06  1.08828004e-04]
   [-2.31244303e-05  8.92835378e-05]
   ...
   [ 0.00000000e+00  0.00000000e+00]
   [ 0.00000000e+00  0.00000000e+00]
   [ 0.00000000e+00  0.00000000e+00]]

  [[-3.22597807e-05  5.67463612e-05]
   [ 6.82611972e-06  1.14800889e-04]
   [-2.35385305e-05  9.36263314e-05]
   ...
   [ 0.00000000e+00  0.00000000e+00]
   [ 0.00000000e+00  0.00000000e+00]
   [ 0.00000000e+00  0.00000000e+00]]

  [[-2.57447646e-05  5.75460799e-05]
   [ 1.21925523e-05  1.19298224e-04]
   [-2.37573950e-05  9.66190419e-05]
   ...
   [ 0.00000000e+00  0.00000000e+00]
   [ 0.00000000e+00  0.00000000e+00]
   [ 0.00000000e+00  0.00000000e+00]]

  ...

  [[ 5.77148603e-05 -5.31900805e-05]
   [ 1.24550324e-05 -8.29922647e-05]
   [ 1.76123922e-05 -6.92837857e-05]
   ...
   [ 0.00000000e+00  0.00000000e+00]
   [ 0.00000000e+00  0.00000000e+00]
   [ 0.00000000e+00  0.00000000e+00]]

  [[ 5.03599695e-05 -5.49165670e-05]
   [ 5.77558103e-06 -9.29989619e-05]
   [ 1.80163697e-05 -7.76987945e-05]
   ...
   [ 0.00000000e+00  0.00000000e+00]
   [ 0.00000000e+00  0.00000000e+00]
   [ 0.00000000e+00  0.00000000e+00]]

  [[ 4.31869303e-05 -5.63426365e-05]
   [-5.98427903e-07 -1.01575562e-04]
   [ 1.83950524e-05 -8.47501942e-05]
   ...
   [ 0.00000000e+00  0.00000000e+00]
   [ 0.00000000e+00  0.00000000e+00]
   [ 0.00000000e+00  0.00000000e+00]]]


 [[[-4.07827574e-05  5.00344177e-05]
   [ 7.88342095e-06  9.02712927e-05]
   [-6.90474781e-06  6.92563990e-05]
   ...
   [ 0.00000000e+00  0.00000000e+00]
   [ 0.00000000e+00  0.00000000e+00]
   [ 0.00000000e+00  0.00000000e+00]]

  [[-3.45164190e-05  5.11265389e-05]
   [ 1.29256250e-05  9.58493038e-05]
   [-7.60335661e-06  7.30459578e-05]
   ...
   [ 0.00000000e+00  0.00000000e+00]
   [ 0.00000000e+00  0.00000000e+00]
   [ 0.00000000e+00  0.00000000e+00]]

  [[-2.84541256e-05  5.19097593e-05]
   [ 1.77285146e-05  1.00040481e-04]
   [-8.19794332e-06  7.55823567e-05]
   ...
   [ 0.00000000e+00  0.00000000e+00]
   [ 0.00000000e+00  0.00000000e+00]
   [ 0.00000000e+00  0.00000000e+00]]

  ...

  [[ 5.83287874e-05 -4.79447735e-05]
   [ 5.45668081e-06 -6.57792480e-05]
   [ 1.99841816e-06 -5.06702818e-05]
   ...
   [ 0.00000000e+00  0.00000000e+00]
   [ 0.00000000e+00  0.00000000e+00]
   [ 0.00000000e+00  0.00000000e+00]]

  [[ 5.14660969e-05 -4.95654022e-05]
   [-8.33178603e-07 -7.51444022e-05]
   [ 2.45128399e-06 -5.82516077e-05]
   ...
   [ 0.00000000e+00  0.00000000e+00]
   [ 0.00000000e+00  0.00000000e+00]
   [ 0.00000000e+00  0.00000000e+00]]

  [[ 4.47772618e-05 -5.09131823e-05]
   [-6.77038906e-06 -8.31705329e-05]
   [ 2.96398525e-06 -6.45696491e-05]
   ...
   [ 0.00000000e+00  0.00000000e+00]
   [ 0.00000000e+00  0.00000000e+00]
   [ 0.00000000e+00  0.00000000e+00]]]]' group='<HDF5 file "NanoKB-Pulse_37.h5" (mode r+)>'
