Got On Axis Power Density - Temporal
Got On Axis POwer Density - Spectral
Got FWHM
Got Divergence
Got Centroid
Wrote History to File
Setup Beamline
Source Scaled
propagating pulse, hold on...
Error at name='data/arrEhor' value='[[[[ 1.38254662e-04  1.62764918e-05]
   [ 1.37770039e-04  1.69108534e-04]
   [-8.34945386e-05  2.25005046e-04]
   ...
   [ 0.00000000e+00  0.00000000e+00]
   [ 0.00000000e+00  0.00000000e+00]
   [ 0.00000000e+00  0.00000000e+00]]

  [[ 1.41529221e-04  3.33531571e-05]
   [ 1.28922344e-04  1.77640133e-04]
   [-8.80498628e-05  2.20368340e-04]
   ...
   [ 0.00000000e+00  0.00000000e+00]
   [ 0.00000000e+00  0.00000000e+00]
   [ 0.00000000e+00  0.00000000e+00]]

  [[ 1.44254474e-04  5.03948540e-05]
   [ 1.19864839e-04  1.85481244e-04]
   [-9.21034007e-05  2.15136039e-04]
   ...
   [ 0.00000000e+00  0.00000000e+00]
   [ 0.00000000e+00  0.00000000e+00]
   [ 0.00000000e+00  0.00000000e+00]]

  ...

  [[-1.23465841e-04  4.06058280e-05]
   [-1.69409876e-04 -1.31596913e-04]
   [ 5.53669088e-05 -2.38167937e-04]
   ...
   [ 0.00000000e+00  0.00000000e+00]
   [ 0.00000000e+00  0.00000000e+00]
   [ 0.00000000e+00  0.00000000e+00]]

  [[-1.29098073e-04  2.41153775e-05]
   [-1.61876975e-04 -1.42383418e-04]
   [ 6.14716919e-05 -2.35689891e-04]
   ...
   [ 0.00000000e+00  0.00000000e+00]
   [ 0.00000000e+00  0.00000000e+00]
   [ 0.00000000e+00  0.00000000e+00]]

  [[-1.34247806e-04  7.39957932e-06]
   [-1.54003268e-04 -1.52615597e-04]
   [ 6.71795497e-05 -2.32543389e-04]
   ...
   [ 0.00000000e+00  0.00000000e+00]
   [ 0.00000000e+00  0.00000000e+00]
   [ 0.00000000e+00  0.00000000e+00]]]


 [[[ 1.37384428e-04  3.14864633e-06]
   [ 1.46648439e-04  1.63301389e-04]
   [-7.93037761e-05  2.28464793e-04]
   ...
   [ 0.00000000e+00  0.00000000e+00]
   [ 0.00000000e+00  0.00000000e+00]
   [ 0.00000000e+00  0.00000000e+00]]

  [[ 1.40617936e-04  1.91070631e-05]
   [ 1.39149735e-04  1.71948050e-04]
   [-8.34724633e-05  2.25432334e-04]
   ...
   [ 0.00000000e+00  0.00000000e+00]
   [ 0.00000000e+00  0.00000000e+00]
   [ 0.00000000e+00  0.00000000e+00]]

  [[ 1.43316138e-04  3.50856390e-05]
   [ 1.31397523e-04  1.79925584e-04]
   [-8.71606826e-05  2.21777998e-04]
   ...
   [ 0.00000000e+00  0.00000000e+00]
   [ 0.00000000e+00  0.00000000e+00]
   [ 0.00000000e+00  0.00000000e+00]]

  ...

  [[-1.22331054e-04  5.00555143e-05]
   [-1.73746652e-04 -1.25353647e-04]
   [ 5.25123032e-05 -2.36619002e-04]
   ...
   [ 0.00000000e+00  0.00000000e+00]
   [ 0.00000000e+00  0.00000000e+00]
   [ 0.00000000e+00  0.00000000e+00]]

  [[-1.27819847e-04  3.48117937e-05]
   [-1.67661143e-04 -1.36117960e-04]
   [ 5.80949491e-05 -2.35759595e-04]
   ...
   [ 0.00000000e+00  0.00000000e+00]
   [ 0.00000000e+00  0.00000000e+00]
   [ 0.00000000e+00  0.00000000e+00]]

  [[-1.32843081e-04  1.93045271e-05]
   [-1.61209988e-04 -1.46352366e-04]
   [ 6.32980955e-05 -2.34227060e-04]
   ...
   [ 0.00000000e+00  0.00000000e+00]
   [ 0.00000000e+00  0.00000000e+00]
   [ 0.00000000e+00  0.00000000e+00]]]


 [[[ 1.36807488e-04 -9.34524815e-06]
   [ 1.55137313e-04  1.57679737e-04]
   [-7.50862018e-05  2.31465776e-04]
   ...
   [ 0.00000000e+00  0.00000000e+00]
   [ 0.00000000e+00  0.00000000e+00]
   [ 0.00000000e+00  0.00000000e+00]]

  [[ 1.40059477e-04  5.46176261e-06]
   [ 1.49004700e-04  1.66487938e-04]
   [-7.89305850e-05  2.30060570e-04]
   ...
   [ 0.00000000e+00  0.00000000e+00]
   [ 0.00000000e+00  0.00000000e+00]
   [ 0.00000000e+00  0.00000000e+00]]

  [[ 1.42788616e-04  2.03418222e-05]
   [ 1.42575125e-04  1.74647343e-04]
   [-8.23164373e-05  2.28008139e-04]
   ...
   [ 0.00000000e+00  0.00000000e+00]
   [ 0.00000000e+00  0.00000000e+00]
   [ 0.00000000e+00  0.00000000e+00]]

  ...

  [[-1.21341211e-04  5.87896939e-05]
   [-1.77650116e-04 -1.19175245e-04]
   [ 4.94738633e-05 -2.34539475e-04]
   ...
   [ 0.00000000e+00  0.00000000e+00]
   [ 0.00000000e+00  0.00000000e+00]
   [ 0.00000000e+00  0.00000000e+00]]

  [[-1.26746905e-04  4.48227729e-05]
   [-1.73029141e-04 -1.29964246e-04]
   [ 5.45938674e-05 -2.35321699e-04]
   ...
   [ 0.00000000e+00  0.00000000e+00]
   [ 0.00000000e+00  0.00000000e+00]
   [ 0.00000000e+00  0.00000000e+00]]

  [[-1.31703811e-04  3.05559224e-05]
   [-1.68018465e-04 -1.40248172e-04]
   [ 5.93525619e-05 -2.35427258e-04]
   ...
   [ 0.00000000e+00  0.00000000e+00]
   [ 0.00000000e+00  0.00000000e+00]
   [ 0.00000000e+00  0.00000000e+00]]]


 ...


 [[[-1.45124504e-04 -5.17432854e-05]
   [-1.18303040e-04 -1.81685667e-04]
   [ 8.51620280e-05 -2.16567933e-04]
   ...
   [ 0.00000000e+00  0.00000000e+00]
   [ 0.00000000e+00  0.00000000e+00]
   [ 0.00000000e+00  0.00000000e+00]]

  [[-1.49845451e-04 -7.17109579e-05]
   [-1.06013496e-04 -1.90757768e-04]
   [ 9.16551362e-05 -2.07670892e-04]
   ...
   [ 0.00000000e+00  0.00000000e+00]
   [ 0.00000000e+00  0.00000000e+00]
   [ 0.00000000e+00  0.00000000e+00]]

  [[-1.53958492e-04 -9.14993725e-05]
   [-9.36097131e-05 -1.99076530e-04]
   [ 9.76100637e-05 -1.98233494e-04]
   ...
   [ 0.00000000e+00  0.00000000e+00]
   [ 0.00000000e+00  0.00000000e+00]
   [ 0.00000000e+00  0.00000000e+00]]

  ...

  [[ 1.26999235e-04 -1.46914035e-05]
   [ 1.61190474e-04  1.42626828e-04]
   [-5.09170604e-05  2.42345981e-04]
   ...
   [ 0.00000000e+00  0.00000000e+00]
   [ 0.00000000e+00  0.00000000e+00]
   [ 0.00000000e+00  0.00000000e+00]]

  [[ 1.34372312e-04  4.96175653e-06]
   [ 1.50057123e-04  1.54307520e-04]
   [-5.92320066e-05  2.35656044e-04]
   ...
   [ 0.00000000e+00  0.00000000e+00]
   [ 0.00000000e+00  0.00000000e+00]
   [ 0.00000000e+00  0.00000000e+00]]

  [[ 1.41214026e-04  2.47395019e-05]
   [ 1.38629621e-04  1.65372898e-04]
   [-6.71362941e-05  2.28297475e-04]
   ...
   [ 0.00000000e+00  0.00000000e+00]
   [ 0.00000000e+00  0.00000000e+00]
   [ 0.00000000e+00  0.00000000e+00]]]


 [[[-1.42791905e-04 -3.71915557e-05]
   [-1.27853273e-04 -1.75009933e-04]
   [ 8.08688492e-05 -2.21115042e-04]
   ...
   [ 0.00000000e+00  0.00000000e+00]
   [ 0.00000000e+00  0.00000000e+00]
   [ 0.00000000e+00  0.00000000e+00]]

  [[-1.47259576e-04 -5.61853412e-05]
   [-1.16825708e-04 -1.84001881e-04]
   [ 8.67346025e-05 -2.13682550e-04]
   ...
   [ 0.00000000e+00  0.00000000e+00]
   [ 0.00000000e+00  0.00000000e+00]
   [ 0.00000000e+00  0.00000000e+00]]

  [[-1.51139495e-04 -7.50579202e-05]
   [-1.05640705e-04 -1.92265434e-04]
   [ 9.20840976e-05 -2.05682372e-04]
   ...
   [ 0.00000000e+00  0.00000000e+00]
   [ 0.00000000e+00  0.00000000e+00]
   [ 0.00000000e+00  0.00000000e+00]]

  ...

  [[ 1.24976475e-04 -2.59285807e-05]
   [ 1.66444792e-04  1.36068949e-04]
   [-4.85933815e-05  2.42317910e-04]
   ...
   [ 0.00000000e+00  0.00000000e+00]
   [ 0.00000000e+00  0.00000000e+00]
   [ 0.00000000e+00  0.00000000e+00]]

  [[ 1.31987908e-04 -7.38106201e-06]
   [ 1.56662194e-04  1.47529572e-04]
   [-5.61577108e-05  2.37101427e-04]
   ...
   [ 0.00000000e+00  0.00000000e+00]
   [ 0.00000000e+00  0.00000000e+00]
   [ 0.00000000e+00  0.00000000e+00]]

  [[ 1.38488904e-04  1.13341785e-05]
   [ 1.46560080e-04  1.58401148e-04]
   [-6.33261297e-05  2.31208847e-04]
   ...
   [ 0.00000000e+00  0.00000000e+00]
   [ 0.00000000e+00  0.00000000e+00]
   [ 0.00000000e+00  0.00000000e+00]]]


 [[[-1.40702599e-04 -2.30787628e-05]
   [-1.37097391e-04 -1.68460203e-04]
   [ 7.65609948e-05 -2.25234427e-04]
   ...
   [ 0.00000000e+00  0.00000000e+00]
   [ 0.00000000e+00  0.00000000e+00]
   [ 0.00000000e+00  0.00000000e+00]]

  [[-1.44965059e-04 -4.10466419e-05]
   [-1.27367166e-04 -1.77412789e-04]
   [ 8.18496919e-05 -2.19312569e-04]
   ...
   [ 0.00000000e+00  0.00000000e+00]
   [ 0.00000000e+00  0.00000000e+00]
   [ 0.00000000e+00  0.00000000e+00]]

  [[-1.48659281e-04 -5.89503943e-05]
   [-1.17436277e-04 -1.85661920e-04]
   [ 8.66444389e-05 -2.12796644e-04]
   ...
   [ 0.00000000e+00  0.00000000e+00]
   [ 0.00000000e+00  0.00000000e+00]
   [ 0.00000000e+00  0.00000000e+00]]

  ...

  [[ 1.23076999e-04 -3.65868182e-05]
   [ 1.71289605e-04  1.29533582e-04]
   [-4.61377313e-05  2.41722359e-04]
   ...
   [ 0.00000000e+00  0.00000000e+00]
   [ 0.00000000e+00  0.00000000e+00]
   [ 0.00000000e+00  0.00000000e+00]]

  [[ 1.29774649e-04 -1.91941799e-05]
   [ 1.62894125e-04  1.40813703e-04]
   [-5.29969038e-05  2.38025052e-04]
   ...
   [ 0.00000000e+00  0.00000000e+00]
   [ 0.00000000e+00  0.00000000e+00]
   [ 0.00000000e+00  0.00000000e+00]]

  [[ 1.35981652e-04 -1.59203205e-06]
   [ 1.54154768e-04  1.51531029e-04]
   [-5.94761950e-05  2.33645260e-04]
   ...
   [ 0.00000000e+00  0.00000000e+00]
   [ 0.00000000e+00  0.00000000e+00]
   [ 0.00000000e+00  0.00000000e+00]]]]' group='<HDF5 file "NanoKB-Pulse_50.h5" (mode r+)>'
