Got On Axis Power Density - Temporal
Got On Axis POwer Density - Spectral
Got FWHM
Got Divergence
Got Centroid
Wrote History to File
Setup Beamline
Source Scaled
propagating pulse, hold on...
Error at name='data/arrEhor' value='[[[[ 2.17123452e-04  2.06716271e-04]
   [ 2.60052271e-04  1.33830399e-04]
   [ 3.35563265e-04  1.44757563e-04]
   ...
   [ 0.00000000e+00  0.00000000e+00]
   [ 0.00000000e+00  0.00000000e+00]
   [ 0.00000000e+00  0.00000000e+00]]

  [[ 2.22178482e-04  2.14423155e-04]
   [ 2.69128592e-04  1.40629621e-04]
   [ 3.47333116e-04  1.57041213e-04]
   ...
   [ 0.00000000e+00  0.00000000e+00]
   [ 0.00000000e+00  0.00000000e+00]
   [ 0.00000000e+00  0.00000000e+00]]

  [[ 2.25861237e-04  2.20255359e-04]
   [ 2.76142062e-04  1.46141014e-04]
   [ 3.56915349e-04  1.67707258e-04]
   ...
   [ 0.00000000e+00  0.00000000e+00]
   [ 0.00000000e+00  0.00000000e+00]
   [ 0.00000000e+00  0.00000000e+00]]

  ...

  [[-2.01817573e-04 -1.62848824e-04]
   [-2.25535681e-04 -9.52272239e-05]
   [-2.92177283e-04 -8.48006239e-05]
   ...
   [ 0.00000000e+00  0.00000000e+00]
   [ 0.00000000e+00  0.00000000e+00]
   [ 0.00000000e+00  0.00000000e+00]]

  [[-2.11752806e-04 -1.75526045e-04]
   [-2.41319023e-04 -1.04833838e-04]
   [-3.11233103e-04 -1.00638965e-04]
   ...
   [ 0.00000000e+00  0.00000000e+00]
   [ 0.00000000e+00  0.00000000e+00]
   [ 0.00000000e+00  0.00000000e+00]]

  [[-2.20146845e-04 -1.86526508e-04]
   [-2.54950748e-04 -1.13438284e-04]
   [-3.28041177e-04 -1.15192801e-04]
   ...
   [ 0.00000000e+00  0.00000000e+00]
   [ 0.00000000e+00  0.00000000e+00]
   [ 0.00000000e+00  0.00000000e+00]]]


 [[[ 2.13777530e-04  1.87722791e-04]
   [ 2.44045543e-04  1.14662784e-04]
   [ 3.20821448e-04  1.26857092e-04]
   ...
   [ 0.00000000e+00  0.00000000e+00]
   [ 0.00000000e+00  0.00000000e+00]
   [ 0.00000000e+00  0.00000000e+00]]

  [[ 2.18612608e-04  1.95160959e-04]
   [ 2.52684054e-04  1.21330915e-04]
   [ 3.32230324e-04  1.38871372e-04]
   ...
   [ 0.00000000e+00  0.00000000e+00]
   [ 0.00000000e+00  0.00000000e+00]
   [ 0.00000000e+00  0.00000000e+00]]

  [[ 2.22074101e-04  2.00828988e-04]
   [ 2.59325694e-04  1.26823099e-04]
   [ 3.41504521e-04  1.49368891e-04]
   ...
   [ 0.00000000e+00  0.00000000e+00]
   [ 0.00000000e+00  0.00000000e+00]
   [ 0.00000000e+00  0.00000000e+00]]

  ...

  [[-1.98254449e-04 -1.45439320e-04]
   [-2.10348662e-04 -7.78464455e-05]
   [-2.78020481e-04 -6.89760709e-05]
   ...
   [ 0.00000000e+00  0.00000000e+00]
   [ 0.00000000e+00  0.00000000e+00]
   [ 0.00000000e+00  0.00000000e+00]]

  [[-2.07946563e-04 -1.57548566e-04]
   [-2.25476819e-04 -8.70214571e-05]
   [-2.96532031e-04 -8.42748632e-05]
   ...
   [ 0.00000000e+00  0.00000000e+00]
   [ 0.00000000e+00  0.00000000e+00]
   [ 0.00000000e+00  0.00000000e+00]]

  [[-2.16103668e-04 -1.68083017e-04]
   [-2.38526860e-04 -9.52990304e-05]
   [-3.12855176e-04 -9.83821883e-05]
   ...
   [ 0.00000000e+00  0.00000000e+00]
   [ 0.00000000e+00  0.00000000e+00]
   [ 0.00000000e+00  0.00000000e+00]]]


 [[[ 2.10856568e-04  1.68269136e-04]
   [ 2.28381934e-04  9.45282445e-05]
   [ 3.06299946e-04  1.07995016e-04]
   ...
   [ 0.00000000e+00  0.00000000e+00]
   [ 0.00000000e+00  0.00000000e+00]
   [ 0.00000000e+00  0.00000000e+00]]

  [[ 2.15484019e-04  1.75400768e-04]
   [ 2.36574953e-04  1.01017686e-04]
   [ 3.17337399e-04  1.19684657e-04]
   ...
   [ 0.00000000e+00  0.00000000e+00]
   [ 0.00000000e+00  0.00000000e+00]
   [ 0.00000000e+00  0.00000000e+00]]

  [[ 2.18734524e-04  1.80870149e-04]
   [ 2.42838054e-04  1.06449406e-04]
   [ 3.26294685e-04  1.29964945e-04]
   ...
   [ 0.00000000e+00  0.00000000e+00]
   [ 0.00000000e+00  0.00000000e+00]
   [ 0.00000000e+00  0.00000000e+00]]

  ...

  [[-1.95061031e-04 -1.27687279e-04]
   [-1.95488858e-04 -5.96553364e-05]
   [-2.64080532e-04 -5.23746057e-05]
   ...
   [ 0.00000000e+00  0.00000000e+00]
   [ 0.00000000e+00  0.00000000e+00]
   [ 0.00000000e+00  0.00000000e+00]]

  [[-2.04521013e-04 -1.39178475e-04]
   [-2.09950231e-04 -6.83356629e-05]
   [-2.82032182e-04 -6.70631489e-05]
   ...
   [ 0.00000000e+00  0.00000000e+00]
   [ 0.00000000e+00  0.00000000e+00]
   [ 0.00000000e+00  0.00000000e+00]]

  [[-2.12452404e-04 -1.49200947e-04]
   [-2.22407005e-04 -7.62283744e-05]
   [-2.97855615e-04 -8.06588432e-05]
   ...
   [ 0.00000000e+00  0.00000000e+00]
   [ 0.00000000e+00  0.00000000e+00]
   [ 0.00000000e+00  0.00000000e+00]]]


 ...


 [[[-2.41807385e-04 -2.48659780e-04]
   [-3.17740254e-04 -1.69340303e-04]
   [-3.88837303e-04 -1.72967033e-04]
   ...
   [ 0.00000000e+00  0.00000000e+00]
   [ 0.00000000e+00  0.00000000e+00]
   [ 0.00000000e+00  0.00000000e+00]]

  [[-2.47978955e-04 -2.56644125e-04]
   [-3.28386755e-04 -1.75733410e-04]
   [-4.02210397e-04 -1.85081240e-04]
   ...
   [ 0.00000000e+00  0.00000000e+00]
   [ 0.00000000e+00  0.00000000e+00]
   [ 0.00000000e+00  0.00000000e+00]]

  [[-2.52675236e-04 -2.62539106e-04]
   [-3.36704863e-04 -1.80654475e-04]
   [-4.13155532e-04 -1.95434346e-04]
   ...
   [ 0.00000000e+00  0.00000000e+00]
   [ 0.00000000e+00  0.00000000e+00]
   [ 0.00000000e+00  0.00000000e+00]]

  ...

  [[ 2.24504285e-04  2.01604460e-04]
   [ 2.78687221e-04  1.28262865e-04]
   [ 3.40626051e-04  1.10297464e-04]
   ...
   [ 0.00000000e+00  0.00000000e+00]
   [ 0.00000000e+00  0.00000000e+00]
   [ 0.00000000e+00  0.00000000e+00]]

  [[ 2.35894491e-04  2.15126740e-04]
   [ 2.96814193e-04  1.37897121e-04]
   [ 3.61980288e-04  1.26277955e-04]
   ...
   [ 0.00000000e+00  0.00000000e+00]
   [ 0.00000000e+00  0.00000000e+00]
   [ 0.00000000e+00  0.00000000e+00]]

  [[ 2.45630974e-04  2.26769771e-04]
   [ 3.12523771e-04  1.46367442e-04]
   [ 3.80851387e-04  1.40852702e-04]
   ...
   [ 0.00000000e+00  0.00000000e+00]
   [ 0.00000000e+00  0.00000000e+00]
   [ 0.00000000e+00  0.00000000e+00]]]


 [[[-2.36618274e-04 -2.31674348e-04]
   [-3.00499581e-04 -1.54220732e-04]
   [-3.73280782e-04 -1.58932817e-04]
   ...
   [ 0.00000000e+00  0.00000000e+00]
   [ 0.00000000e+00  0.00000000e+00]
   [ 0.00000000e+00  0.00000000e+00]]

  [[-2.42536553e-04 -2.39519664e-04]
   [-3.10744887e-04 -1.60643220e-04]
   [-3.86333384e-04 -1.70957908e-04]
   ...
   [ 0.00000000e+00  0.00000000e+00]
   [ 0.00000000e+00  0.00000000e+00]
   [ 0.00000000e+00  0.00000000e+00]]

  [[-2.46983516e-04 -2.45365838e-04]
   [-3.18728824e-04 -1.65683450e-04]
   [-3.97010823e-04 -1.81300304e-04]
   ...
   [ 0.00000000e+00  0.00000000e+00]
   [ 0.00000000e+00  0.00000000e+00]
   [ 0.00000000e+00  0.00000000e+00]]

  ...

  [[ 2.19307796e-04  1.85815181e-04]
   [ 2.62328482e-04  1.14386632e-04]
   [ 3.25686298e-04  9.77180243e-05]
   ...
   [ 0.00000000e+00  0.00000000e+00]
   [ 0.00000000e+00  0.00000000e+00]
   [ 0.00000000e+00  0.00000000e+00]]

  [[ 2.30414880e-04  1.98941110e-04]
   [ 2.79848668e-04  1.23809921e-04]
   [ 3.46552843e-04  1.13400158e-04]
   ...
   [ 0.00000000e+00  0.00000000e+00]
   [ 0.00000000e+00  0.00000000e+00]
   [ 0.00000000e+00  0.00000000e+00]]

  [[ 2.39878078e-04  2.10277431e-04]
   [ 2.95021775e-04  1.32153771e-04]
   [ 3.64992244e-04  1.27748455e-04]
   ...
   [ 0.00000000e+00  0.00000000e+00]
   [ 0.00000000e+00  0.00000000e+00]
   [ 0.00000000e+00  0.00000000e+00]]]


 [[[-2.31667145e-04 -2.14037529e-04]
   [-2.83256464e-04 -1.37992829e-04]
   [-3.57603509e-04 -1.43842699e-04]
   ...
   [ 0.00000000e+00  0.00000000e+00]
   [ 0.00000000e+00  0.00000000e+00]
   [ 0.00000000e+00  0.00000000e+00]]

  [[-2.37336790e-04 -2.21704453e-04]
   [-2.93084100e-04 -1.44399528e-04]
   [-3.70314287e-04 -1.55724905e-04]
   ...
   [ 0.00000000e+00  0.00000000e+00]
   [ 0.00000000e+00  0.00000000e+00]
   [ 0.00000000e+00  0.00000000e+00]]

  [[-2.41539572e-04 -2.27466939e-04]
   [-3.00717860e-04 -1.49519750e-04]
   [-3.80705111e-04 -1.66010272e-04]
   ...
   [ 0.00000000e+00  0.00000000e+00]
   [ 0.00000000e+00  0.00000000e+00]
   [ 0.00000000e+00  0.00000000e+00]]

  ...

  [[ 2.14312138e-04  1.69510662e-04]
   [ 2.45986506e-04  9.95715382e-05]
   [ 3.10662086e-04  8.42828304e-05]
   ...
   [ 0.00000000e+00  0.00000000e+00]
   [ 0.00000000e+00  0.00000000e+00]
   [ 0.00000000e+00  0.00000000e+00]]

  [[ 2.25136842e-04  1.82187243e-04]
   [ 2.62872054e-04  1.08721986e-04]
   [ 3.31007905e-04  9.95957671e-05]
   ...
   [ 0.00000000e+00  0.00000000e+00]
   [ 0.00000000e+00  0.00000000e+00]
   [ 0.00000000e+00  0.00000000e+00]]

  [[ 2.34328370e-04  1.93166677e-04]
   [ 2.77484825e-04  1.16882962e-04]
   [ 3.48986330e-04  1.13653936e-04]
   ...
   [ 0.00000000e+00  0.00000000e+00]
   [ 0.00000000e+00  0.00000000e+00]
   [ 0.00000000e+00  0.00000000e+00]]]]' group='<HDF5 file "NanoKB-Pulse_62.h5" (mode r+)>'
