Got On Axis Power Density - Temporal
Got On Axis POwer Density - Spectral
Got FWHM
Got Divergence
Got Centroid
Wrote History to File
Setup Beamline
Source Scaled
propagating pulse, hold on...
Error at name='data/arrEhor' value='[[[[-1.80235627e-04 -3.48727655e-04]
   [ 4.34400426e-05 -2.39356057e-04]
   [ 9.77713426e-05  1.14600507e-05]
   ...
   [ 0.00000000e+00  0.00000000e+00]
   [ 0.00000000e+00  0.00000000e+00]
   [ 0.00000000e+00  0.00000000e+00]]

  [[-1.77122114e-04 -3.63305968e-04]
   [ 5.16274267e-05 -2.45782197e-04]
   [ 1.03105958e-04  1.23656373e-05]
   ...
   [ 0.00000000e+00  0.00000000e+00]
   [ 0.00000000e+00  0.00000000e+00]
   [ 0.00000000e+00  0.00000000e+00]]

  [[-1.73292807e-04 -3.75201489e-04]
   [ 5.91446587e-05 -2.50614947e-04]
   [ 1.07729618e-04  1.35915634e-05]
   ...
   [ 0.00000000e+00  0.00000000e+00]
   [ 0.00000000e+00  0.00000000e+00]
   [ 0.00000000e+00  0.00000000e+00]]

  ...

  [[ 1.98910333e-04  2.79797183e-04]
   [-4.97840574e-06  2.11165854e-04]
   [-7.83749201e-05 -7.00696455e-06]
   ...
   [ 0.00000000e+00  0.00000000e+00]
   [ 0.00000000e+00  0.00000000e+00]
   [ 0.00000000e+00  0.00000000e+00]]

  [[ 1.99333459e-04  3.02175904e-04]
   [-1.43333236e-05  2.22818155e-04]
   [-8.56528204e-05 -6.46756598e-06]
   ...
   [ 0.00000000e+00  0.00000000e+00]
   [ 0.00000000e+00  0.00000000e+00]
   [ 0.00000000e+00  0.00000000e+00]]

  [[ 1.98728681e-04  3.22086824e-04]
   [-2.32693310e-05  2.32866994e-04]
   [-9.23214757e-05 -6.35682591e-06]
   ...
   [ 0.00000000e+00  0.00000000e+00]
   [ 0.00000000e+00  0.00000000e+00]
   [ 0.00000000e+00  0.00000000e+00]]]


 [[[-1.96223118e-04 -3.19040992e-04]
   [ 1.83932534e-05 -2.31350612e-04]
   [ 7.97350731e-05  1.01449159e-05]
   ...
   [ 0.00000000e+00  0.00000000e+00]
   [ 0.00000000e+00  0.00000000e+00]
   [ 0.00000000e+00  0.00000000e+00]]

  [[-1.93110027e-04 -3.32976604e-04]
   [ 2.60056440e-05 -2.37233093e-04]
   [ 8.44323949e-05  1.13757333e-05]
   ...
   [ 0.00000000e+00  0.00000000e+00]
   [ 0.00000000e+00  0.00000000e+00]
   [ 0.00000000e+00  0.00000000e+00]]

  [[-1.89188519e-04 -3.44373722e-04]
   [ 3.30740731e-05 -2.41564470e-04]
   [ 8.85128611e-05  1.29241689e-05]
   ...
   [ 0.00000000e+00  0.00000000e+00]
   [ 0.00000000e+00  0.00000000e+00]
   [ 0.00000000e+00  0.00000000e+00]]

  ...

  [[ 2.13007283e-04  2.52173748e-04]
   [ 1.72931286e-05  2.03915639e-04]
   [-6.26698238e-05 -5.48288244e-06]
   ...
   [ 0.00000000e+00  0.00000000e+00]
   [ 0.00000000e+00  0.00000000e+00]
   [ 0.00000000e+00  0.00000000e+00]]

  [[ 2.13645166e-04  2.73466052e-04]
   [ 8.83909797e-06  2.14858504e-04]
   [-6.90654851e-05 -5.32086642e-06]
   ...
   [ 0.00000000e+00  0.00000000e+00]
   [ 0.00000000e+00  0.00000000e+00]
   [ 0.00000000e+00  0.00000000e+00]]

  [[ 2.13179461e-04  2.92438694e-04]
   [ 6.90979675e-07  2.24246149e-04]
   [-7.49366081e-05 -5.57811109e-06]
   ...
   [ 0.00000000e+00  0.00000000e+00]
   [ 0.00000000e+00  0.00000000e+00]
   [ 0.00000000e+00  0.00000000e+00]]]


 [[[-2.13254607e-04 -2.89685820e-04]
   [-7.03602655e-06 -2.24090705e-04]
   [ 6.17021069e-05  8.14381656e-06]
   ...
   [ 0.00000000e+00  0.00000000e+00]
   [ 0.00000000e+00  0.00000000e+00]
   [ 0.00000000e+00  0.00000000e+00]]

  [[-2.10194790e-04 -3.02930537e-04]
   [-4.87721223e-08 -2.29440906e-04]
   [ 6.57393466e-05  9.66243442e-06]
   ...
   [ 0.00000000e+00  0.00000000e+00]
   [ 0.00000000e+00  0.00000000e+00]
   [ 0.00000000e+00  0.00000000e+00]]

  [[-2.06229932e-04 -3.13785044e-04]
   [ 6.52360814e-06 -2.33279745e-04]
   [ 6.92549875e-05  1.14982404e-05]
   ...
   [ 0.00000000e+00  0.00000000e+00]
   [ 0.00000000e+00  0.00000000e+00]
   [ 0.00000000e+00  0.00000000e+00]]

  ...

  [[ 2.27984303e-04  2.24984775e-04]
   [ 3.98161974e-05  1.97354617e-04]
   [-4.70141676e-05 -3.39439430e-06]
   ...
   [ 0.00000000e+00  0.00000000e+00]
   [ 0.00000000e+00  0.00000000e+00]
   [ 0.00000000e+00  0.00000000e+00]]

  [[ 2.28900302e-04  2.45138479e-04]
   [ 3.23218555e-05  2.07601333e-04]
   [-5.24995557e-05 -3.56738065e-06]
   ...
   [ 0.00000000e+00  0.00000000e+00]
   [ 0.00000000e+00  0.00000000e+00]
   [ 0.00000000e+00  0.00000000e+00]]

  [[ 2.28633246e-04  2.63121474e-04]
   [ 2.50170488e-05  2.16340355e-04]
   [-5.75462800e-05 -4.15217710e-06]
   ...
   [ 0.00000000e+00  0.00000000e+00]
   [ 0.00000000e+00  0.00000000e+00]
   [ 0.00000000e+00  0.00000000e+00]]]


 ...


 [[[ 1.60138079e-04  4.31142224e-04]
   [-1.01894730e-04  2.72547390e-04]
   [-1.51053056e-04 -3.93243454e-06]
   ...
   [ 0.00000000e+00  0.00000000e+00]
   [ 0.00000000e+00  0.00000000e+00]
   [ 0.00000000e+00  0.00000000e+00]]

  [[ 1.58138500e-04  4.47457918e-04]
   [-1.11070622e-04  2.81099317e-04]
   [-1.58099065e-04 -3.31625529e-06]
   ...
   [ 0.00000000e+00  0.00000000e+00]
   [ 0.00000000e+00  0.00000000e+00]
   [ 0.00000000e+00  0.00000000e+00]]

  [[ 1.55518035e-04  4.60693584e-04]
   [-1.19307224e-04  2.87875271e-04]
   [-1.64182668e-04 -3.09025063e-06]
   ...
   [ 0.00000000e+00  0.00000000e+00]
   [ 0.00000000e+00  0.00000000e+00]
   [ 0.00000000e+00  0.00000000e+00]]

  ...

  [[-1.79773560e-04 -3.55698430e-04]
   [ 5.75971681e-05 -2.39608387e-04]
   [ 1.24977305e-04  2.08033202e-06]
   ...
   [ 0.00000000e+00  0.00000000e+00]
   [ 0.00000000e+00  0.00000000e+00]
   [ 0.00000000e+00  0.00000000e+00]]

  [[-1.81170210e-04 -3.80934711e-04]
   [ 6.85704363e-05 -2.53983337e-04]
   [ 1.34571819e-04 -2.87405555e-07]
   ...
   [ 0.00000000e+00  0.00000000e+00]
   [ 0.00000000e+00  0.00000000e+00]
   [ 0.00000000e+00  0.00000000e+00]]

  [[-1.81600393e-04 -4.03314130e-04]
   [ 7.88920443e-05 -2.66569026e-04]
   [ 1.43339290e-04 -2.14782744e-06]
   ...
   [ 0.00000000e+00  0.00000000e+00]
   [ 0.00000000e+00  0.00000000e+00]
   [ 0.00000000e+00  0.00000000e+00]]]


 [[[ 1.71415668e-04  4.00627760e-04]
   [-7.89908154e-05  2.61493115e-04]
   [-1.33548790e-04 -5.48566777e-06]
   ...
   [ 0.00000000e+00  0.00000000e+00]
   [ 0.00000000e+00  0.00000000e+00]
   [ 0.00000000e+00  0.00000000e+00]]

  [[ 1.69237785e-04  4.16466704e-04]
   [-8.77821440e-05  2.69465701e-04]
   [-1.40064527e-04 -5.32269269e-06]
   ...
   [ 0.00000000e+00  0.00000000e+00]
   [ 0.00000000e+00  0.00000000e+00]
   [ 0.00000000e+00  0.00000000e+00]]

  [[ 1.66367245e-04  4.29367617e-04]
   [-9.57466691e-05  2.75713275e-04]
   [-1.45705548e-04 -5.53598511e-06]
   ...
   [ 0.00000000e+00  0.00000000e+00]
   [ 0.00000000e+00  0.00000000e+00]
   [ 0.00000000e+00  0.00000000e+00]]

  ...

  [[-1.89756422e-04 -3.26934212e-04]
   [ 3.69668669e-05 -2.29550074e-04]
   [ 1.09570763e-04  2.97338488e-06]
   ...
   [ 0.00000000e+00  0.00000000e+00]
   [ 0.00000000e+00  0.00000000e+00]
   [ 0.00000000e+00  0.00000000e+00]]

  [[-1.91138242e-04 -3.51270370e-04]
   [ 4.72687607e-05 -2.43163289e-04]
   [ 1.18414653e-04  1.13326041e-06]
   ...
   [ 0.00000000e+00  0.00000000e+00]
   [ 0.00000000e+00  0.00000000e+00]
   [ 0.00000000e+00  0.00000000e+00]]

  [[-1.91497224e-04 -3.72893701e-04]
   [ 5.70196898e-05 -2.55044026e-04]
   [ 1.26510320e-04 -2.17225590e-07]
   ...
   [ 0.00000000e+00  0.00000000e+00]
   [ 0.00000000e+00  0.00000000e+00]
   [ 0.00000000e+00  0.00000000e+00]]]


 [[[ 1.83747674e-04  3.70023074e-04]
   [-5.54535181e-05  2.50985206e-04]
   [-1.15770999e-04 -6.39567043e-06]
   ...
   [ 0.00000000e+00  0.00000000e+00]
   [ 0.00000000e+00  0.00000000e+00]
   [ 0.00000000e+00  0.00000000e+00]]

  [[ 1.81437412e-04  3.85327468e-04]
   [-6.38045167e-05  2.58376764e-04]
   [-1.21723329e-04 -6.65589778e-06]
   ...
   [ 0.00000000e+00  0.00000000e+00]
   [ 0.00000000e+00  0.00000000e+00]
   [ 0.00000000e+00  0.00000000e+00]]

  [[ 1.78360511e-04  3.97838419e-04]
   [-7.14450071e-05  2.64095317e-04]
   [-1.26891144e-04 -7.28072018e-06]
   ...
   [ 0.00000000e+00  0.00000000e+00]
   [ 0.00000000e+00  0.00000000e+00]
   [ 0.00000000e+00  0.00000000e+00]]

  ...

  [[-2.00632043e-04 -2.98226456e-04]
   [ 1.58648836e-05 -2.20012880e-04]
   [ 9.39752063e-05  3.33116873e-06]
   ...
   [ 0.00000000e+00  0.00000000e+00]
   [ 0.00000000e+00  0.00000000e+00]
   [ 0.00000000e+00  0.00000000e+00]]

  [[-2.02055031e-04 -3.21592146e-04]
   [ 2.54289589e-05 -2.32862920e-04]
   [ 1.02027669e-04  1.98606062e-06]
   ...
   [ 0.00000000e+00  0.00000000e+00]
   [ 0.00000000e+00  0.00000000e+00]
   [ 0.00000000e+00  0.00000000e+00]]

  [[-2.02394556e-04 -3.42393498e-04]
   [ 3.45464032e-05 -2.44036390e-04]
   [ 1.09412147e-04  1.11397014e-06]
   ...
   [ 0.00000000e+00  0.00000000e+00]
   [ 0.00000000e+00  0.00000000e+00]
   [ 0.00000000e+00  0.00000000e+00]]]]' group='<HDF5 file "NanoKB-Pulse_56.h5" (mode r+)>'
