Got On Axis Power Density - Temporal
Got On Axis POwer Density - Spectral
Got FWHM
Got Divergence
Got Centroid
Wrote History to File
Setup Beamline
Source Scaled
propagating pulse, hold on...
Error at name='data/arrEhor' value='[[[[-2.87833827e-05 -2.02701904e-05]
   [ 1.09762623e-04 -1.52340683e-04]
   [ 2.84289301e-04  6.23402084e-05]
   ...
   [ 0.00000000e+00  0.00000000e+00]
   [ 0.00000000e+00  0.00000000e+00]
   [ 0.00000000e+00  0.00000000e+00]]

  [[-2.42169008e-05 -3.01289710e-05]
   [ 1.21733785e-04 -1.60504191e-04]
   [ 2.96742772e-04  7.29292806e-05]
   ...
   [ 0.00000000e+00  0.00000000e+00]
   [ 0.00000000e+00  0.00000000e+00]
   [ 0.00000000e+00  0.00000000e+00]]

  [[-1.90013725e-05 -3.92606526e-05]
   [ 1.32775167e-04 -1.67738530e-04]
   [ 3.07577371e-04  8.29758937e-05]
   ...
   [ 0.00000000e+00  0.00000000e+00]
   [ 0.00000000e+00  0.00000000e+00]
   [ 0.00000000e+00  0.00000000e+00]]

  ...

  [[ 3.73660114e-05 -1.50262858e-05]
   [-6.28440248e-05  1.25851206e-04]
   [-2.39164860e-04 -1.63490240e-05]
   ...
   [ 0.00000000e+00  0.00000000e+00]
   [ 0.00000000e+00  0.00000000e+00]
   [ 0.00000000e+00  0.00000000e+00]]

  [[ 3.56410601e-05 -3.19008336e-06]
   [-7.67054444e-05  1.37381110e-04]
   [-2.56735802e-04 -2.73532296e-05]
   ...
   [ 0.00000000e+00  0.00000000e+00]
   [ 0.00000000e+00  0.00000000e+00]
   [ 0.00000000e+00  0.00000000e+00]]

  [[ 3.30875737e-05  8.11583595e-06]
   [-8.98735816e-05  1.47989849e-04]
   [-2.72806879e-04 -3.81078244e-05]
   ...
   [ 0.00000000e+00  0.00000000e+00]
   [ 0.00000000e+00  0.00000000e+00]
   [ 0.00000000e+00  0.00000000e+00]]]


 [[[-2.30018704e-05  4.96791336e-06]
   [ 9.86711821e-05 -1.41527649e-04]
   [ 2.66143354e-04  5.17180160e-05]
   ...
   [ 0.00000000e+00  0.00000000e+00]
   [ 0.00000000e+00  0.00000000e+00]
   [ 0.00000000e+00  0.00000000e+00]]

  [[-1.81244923e-05 -4.49883328e-06]
   [ 1.10524277e-04 -1.49395972e-04]
   [ 2.78246443e-04  6.22155203e-05]
   ...
   [ 0.00000000e+00  0.00000000e+00]
   [ 0.00000000e+00  0.00000000e+00]
   [ 0.00000000e+00  0.00000000e+00]]

  [[-1.26196637e-05 -1.33745561e-05]
   [ 1.21501718e-04 -1.56379188e-04]
   [ 2.88815500e-04  7.22228579e-05]
   ...
   [ 0.00000000e+00  0.00000000e+00]
   [ 0.00000000e+00  0.00000000e+00]
   [ 0.00000000e+00  0.00000000e+00]]

  ...

  [[ 3.15045727e-05 -3.80187776e-05]
   [-5.29159624e-05  1.15673225e-04]
   [-2.22077797e-04 -7.13323288e-06]
   ...
   [ 0.00000000e+00  0.00000000e+00]
   [ 0.00000000e+00  0.00000000e+00]
   [ 0.00000000e+00  0.00000000e+00]]

  [[ 2.93631856e-05 -2.69571738e-05]
   [-6.65215121e-05  1.26767030e-04]
   [-2.39040688e-04 -1.79264862e-05]
   ...
   [ 0.00000000e+00  0.00000000e+00]
   [ 0.00000000e+00  0.00000000e+00]
   [ 0.00000000e+00  0.00000000e+00]]

  [[ 2.64257833e-05 -1.62955366e-05]
   [-7.94826192e-05  1.36985516e-04]
   [-2.54589104e-04 -2.85123133e-05]
   ...
   [ 0.00000000e+00  0.00000000e+00]
   [ 0.00000000e+00  0.00000000e+00]
   [ 0.00000000e+00  0.00000000e+00]]]


 [[[-1.83406482e-05  3.01164891e-05]
   [ 8.70596778e-05 -1.31219917e-04]
   [ 2.48340250e-04  4.02758596e-05]
   ...
   [ 0.00000000e+00  0.00000000e+00]
   [ 0.00000000e+00  0.00000000e+00]
   [ 0.00000000e+00  0.00000000e+00]]

  [[-1.31936204e-05  2.10917115e-05]
   [ 9.87357271e-05 -1.38782823e-04]
   [ 2.60063214e-04  5.06190881e-05]
   ...
   [ 0.00000000e+00  0.00000000e+00]
   [ 0.00000000e+00  0.00000000e+00]
   [ 0.00000000e+00  0.00000000e+00]]

  [[-7.43676856e-06  1.25205552e-05]
   [ 1.09593690e-04 -1.45503844e-04]
   [ 2.70336372e-04  6.05283894e-05]
   ...
   [ 0.00000000e+00  0.00000000e+00]
   [ 0.00000000e+00  0.00000000e+00]
   [ 0.00000000e+00  0.00000000e+00]]

  ...

  [[ 2.66281240e-05 -6.08157425e-05]
   [-4.26343213e-05  1.06005507e-04]
   [-2.05390010e-04  2.71410795e-06]
   ...
   [ 0.00000000e+00  0.00000000e+00]
   [ 0.00000000e+00  0.00000000e+00]
   [ 0.00000000e+00  0.00000000e+00]]

  [[ 2.41200869e-05 -5.05829230e-05]
   [-5.59177097e-05  1.16653689e-04]
   [-2.21712093e-04 -7.79617403e-06]
   ...
   [ 0.00000000e+00  0.00000000e+00]
   [ 0.00000000e+00  0.00000000e+00]
   [ 0.00000000e+00  0.00000000e+00]]

  [[ 2.08453057e-05 -4.06196668e-05]
   [-6.86072453e-05  1.26471336e-04]
   [-2.36704713e-04 -1.81441628e-05]
   ...
   [ 0.00000000e+00  0.00000000e+00]
   [ 0.00000000e+00  0.00000000e+00]
   [ 0.00000000e+00  0.00000000e+00]]]


 ...


 [[[ 5.70344964e-05  9.26646317e-05]
   [-1.30094370e-04  1.93561369e-04]
   [-3.43235006e-04 -7.21507386e-05]
   ...
   [ 0.00000000e+00  0.00000000e+00]
   [ 0.00000000e+00  0.00000000e+00]
   [ 0.00000000e+00  0.00000000e+00]]

  [[ 5.41606714e-05  1.03536142e-04]
   [-1.41616125e-04  2.03105941e-04]
   [-3.57034500e-04 -8.19795750e-05]
   ...
   [ 0.00000000e+00  0.00000000e+00]
   [ 0.00000000e+00  0.00000000e+00]
   [ 0.00000000e+00  0.00000000e+00]]

  [[ 5.04953277e-05  1.13322050e-04]
   [-1.52121022e-04  2.11532359e-04]
   [-3.68937035e-04 -9.12289470e-05]
   ...
   [ 0.00000000e+00  0.00000000e+00]
   [ 0.00000000e+00  0.00000000e+00]
   [ 0.00000000e+00  0.00000000e+00]]

  ...

  [[-6.30177092e-05 -5.10366153e-05]
   [ 8.21819631e-05 -1.62879020e-04]
   [ 2.93024146e-04  2.55379691e-05]
   ...
   [ 0.00000000e+00  0.00000000e+00]
   [ 0.00000000e+00  0.00000000e+00]
   [ 0.00000000e+00  0.00000000e+00]]

  [[-6.34929092e-05 -6.48247369e-05]
   [ 9.57646917e-05 -1.76308095e-04]
   [ 3.12704622e-04  3.57934296e-05]
   ...
   [ 0.00000000e+00  0.00000000e+00]
   [ 0.00000000e+00  0.00000000e+00]
   [ 0.00000000e+00  0.00000000e+00]]

  [[-6.29800270e-05 -7.77524474e-05]
   [ 1.08579843e-04 -1.88638194e-04]
   [ 3.30621522e-04  4.57804090e-05]
   ...
   [ 0.00000000e+00  0.00000000e+00]
   [ 0.00000000e+00  0.00000000e+00]
   [ 0.00000000e+00  0.00000000e+00]]]


 [[[ 4.69561855e-05  6.83197868e-05]
   [-1.21350306e-04  1.81246840e-04]
   [-3.24340683e-04 -6.49643480e-05]
   ...
   [ 0.00000000e+00  0.00000000e+00]
   [ 0.00000000e+00  0.00000000e+00]
   [ 0.00000000e+00  0.00000000e+00]]

  [[ 4.36489172e-05  7.89809637e-05]
   [-1.32939211e-04  1.90541818e-04]
   [-3.37896607e-04 -7.48961902e-05]
   ...
   [ 0.00000000e+00  0.00000000e+00]
   [ 0.00000000e+00  0.00000000e+00]
   [ 0.00000000e+00  0.00000000e+00]]

  [[ 3.95894422e-05  8.86843627e-05]
   [-1.43552665e-04  1.98767520e-04]
   [-3.49639158e-04 -8.42836234e-05]
   ...
   [ 0.00000000e+00  0.00000000e+00]
   [ 0.00000000e+00  0.00000000e+00]
   [ 0.00000000e+00  0.00000000e+00]]

  ...

  [[-5.33450075e-05 -2.85336209e-05]
   [ 7.40540272e-05 -1.51171262e-04]
   [ 2.75006081e-04  1.91365307e-05]
   ...
   [ 0.00000000e+00  0.00000000e+00]
   [ 0.00000000e+00  0.00000000e+00]
   [ 0.00000000e+00  0.00000000e+00]]

  [[-5.32430058e-05 -4.17604715e-05]
   [ 8.75991245e-05 -1.64210142e-04]
   [ 2.94198631e-04  2.94149741e-05]
   ...
   [ 0.00000000e+00  0.00000000e+00]
   [ 0.00000000e+00  0.00000000e+00]
   [ 0.00000000e+00  0.00000000e+00]]

  [[-5.22006376e-05 -5.42483358e-05]
   [ 1.00414123e-04 -1.76198198e-04]
   [ 3.11710726e-04  3.94527633e-05]
   ...
   [ 0.00000000e+00  0.00000000e+00]
   [ 0.00000000e+00  0.00000000e+00]
   [ 0.00000000e+00  0.00000000e+00]]]


 [[[ 3.78382683e-05  4.36720002e-05]
   [-1.11988724e-04  1.69169711e-04]
   [-3.05416528e-04 -5.69463082e-05]
   ...
   [ 0.00000000e+00  0.00000000e+00]
   [ 0.00000000e+00  0.00000000e+00]
   [ 0.00000000e+00  0.00000000e+00]]

  [[ 3.41291161e-05  5.40661895e-05]
   [-1.23589431e-04  1.78195478e-04]
   [-3.18688544e-04 -6.69233850e-05]
   ...
   [ 0.00000000e+00  0.00000000e+00]
   [ 0.00000000e+00  0.00000000e+00]
   [ 0.00000000e+00  0.00000000e+00]]

  [[ 2.97037077e-05  6.36328405e-05]
   [-1.34259011e-04  1.86199875e-04]
   [-3.30232462e-04 -7.63959542e-05]
   ...
   [ 0.00000000e+00  0.00000000e+00]
   [ 0.00000000e+00  0.00000000e+00]
   [ 0.00000000e+00  0.00000000e+00]]

  ...

  [[-4.45137812e-05 -5.87352633e-06]
   [ 6.54807227e-05 -1.39739961e-04]
   [ 2.57054431e-04  1.20928762e-05]
   ...
   [ 0.00000000e+00  0.00000000e+00]
   [ 0.00000000e+00  0.00000000e+00]
   [ 0.00000000e+00  0.00000000e+00]]

  [[-4.38716233e-05 -1.84725814e-05]
   [ 7.89241312e-05 -1.52365188e-04]
   [ 2.75710801e-04  2.23281168e-05]
   ...
   [ 0.00000000e+00  0.00000000e+00]
   [ 0.00000000e+00  0.00000000e+00]
   [ 0.00000000e+00  0.00000000e+00]]

  [[-4.23341735e-05 -3.04561054e-05]
   [ 9.16775025e-05 -1.63988414e-04]
   [ 2.92772456e-04  3.23540808e-05]
   ...
   [ 0.00000000e+00  0.00000000e+00]
   [ 0.00000000e+00  0.00000000e+00]
   [ 0.00000000e+00  0.00000000e+00]]]]' group='<HDF5 file "NanoKB-Pulse_28.h5" (mode r+)>'
