Got On Axis Power Density - Temporal
Got On Axis POwer Density - Spectral
Got FWHM
Got Divergence
Got Centroid
Wrote History to File
Setup Beamline
Source Scaled
propagating pulse, hold on...
Error at name='data/arrEhor' value='[[[[ 1.43346324e-05  2.05390807e-05]
   [-1.31161025e-04 -7.24209822e-05]
   [-1.65846519e-04 -2.92919431e-04]
   ...
   [ 0.00000000e+00  0.00000000e+00]
   [ 0.00000000e+00  0.00000000e+00]
   [ 0.00000000e+00  0.00000000e+00]]

  [[ 1.52210223e-05  2.31544327e-05]
   [-1.35653987e-04 -7.28735467e-05]
   [-1.72660482e-04 -3.02779343e-04]
   ...
   [ 0.00000000e+00  0.00000000e+00]
   [ 0.00000000e+00  0.00000000e+00]
   [ 0.00000000e+00  0.00000000e+00]]

  [[ 1.65811452e-05  2.58263990e-05]
   [-1.38950185e-04 -7.26363141e-05]
   [-1.78539703e-04 -3.10759380e-04]
   ...
   [ 0.00000000e+00  0.00000000e+00]
   [ 0.00000000e+00  0.00000000e+00]
   [ 0.00000000e+00  0.00000000e+00]]

  ...

  [[-1.54633926e-05 -1.22184665e-05]
   [ 1.13674570e-04  6.15740501e-05]
   [ 1.52411274e-04  2.45607720e-04]
   ...
   [ 0.00000000e+00  0.00000000e+00]
   [ 0.00000000e+00  0.00000000e+00]
   [ 0.00000000e+00  0.00000000e+00]]

  [[-1.48688432e-05 -1.47336377e-05]
   [ 1.21918718e-04  6.35823089e-05]
   [ 1.62722048e-04  2.60319939e-04]
   ...
   [ 0.00000000e+00  0.00000000e+00]
   [ 0.00000000e+00  0.00000000e+00]
   [ 0.00000000e+00  0.00000000e+00]]

  [[-1.48296886e-05 -1.72629443e-05]
   [ 1.28896965e-04  6.50320653e-05]
   [ 1.71986569e-04  2.73358572e-04]
   ...
   [ 0.00000000e+00  0.00000000e+00]
   [ 0.00000000e+00  0.00000000e+00]
   [ 0.00000000e+00  0.00000000e+00]]]


 [[[ 2.27291057e-05  3.41521954e-05]
   [-1.28461019e-04 -5.66967901e-05]
   [-1.72400425e-04 -2.79961823e-04]
   ...
   [ 0.00000000e+00  0.00000000e+00]
   [ 0.00000000e+00  0.00000000e+00]
   [ 0.00000000e+00  0.00000000e+00]]

  [[ 2.38087196e-05  3.63831459e-05]
   [-1.32518588e-04 -5.73086763e-05]
   [-1.78775168e-04 -2.89511983e-04]
   ...
   [ 0.00000000e+00  0.00000000e+00]
   [ 0.00000000e+00  0.00000000e+00]
   [ 0.00000000e+00  0.00000000e+00]]

  [[ 2.53288763e-05  3.85969252e-05]
   [-1.35385693e-04 -5.73141624e-05]
   [-1.84180753e-04 -2.97242659e-04]
   ...
   [ 0.00000000e+00  0.00000000e+00]
   [ 0.00000000e+00  0.00000000e+00]
   [ 0.00000000e+00  0.00000000e+00]]

  ...

  [[-2.37738259e-05 -2.61275381e-05]
   [ 1.11532805e-04  4.59747607e-05]
   [ 1.59467309e-04  2.33567320e-04]
   ...
   [ 0.00000000e+00  0.00000000e+00]
   [ 0.00000000e+00  0.00000000e+00]
   [ 0.00000000e+00  0.00000000e+00]]

  [[-2.34665185e-05 -2.84769249e-05]
   [ 1.19321841e-04  4.79060836e-05]
   [ 1.69426246e-04  2.47806980e-04]
   ...
   [ 0.00000000e+00  0.00000000e+00]
   [ 0.00000000e+00  0.00000000e+00]
   [ 0.00000000e+00  0.00000000e+00]]

  [[-2.36746055e-05 -3.07644259e-05]
   [ 1.25856255e-04  4.93655352e-05]
   [ 1.78304967e-04  2.60435103e-04]
   ...
   [ 0.00000000e+00  0.00000000e+00]
   [ 0.00000000e+00  0.00000000e+00]
   [ 0.00000000e+00  0.00000000e+00]]]


 [[[ 3.06343027e-05  4.79586779e-05]
   [-1.26177489e-04 -4.06719846e-05]
   [-1.79414536e-04 -2.66717630e-04]
   ...
   [ 0.00000000e+00  0.00000000e+00]
   [ 0.00000000e+00  0.00000000e+00]
   [ 0.00000000e+00  0.00000000e+00]]

  [[ 3.19078645e-05  4.98158952e-05]
   [-1.29792345e-04 -4.14193601e-05]
   [-1.85354555e-04 -2.75909930e-04]
   ...
   [ 0.00000000e+00  0.00000000e+00]
   [ 0.00000000e+00  0.00000000e+00]
   [ 0.00000000e+00  0.00000000e+00]]

  [[ 3.35897021e-05  5.15810279e-05]
   [-1.32222645e-04 -4.16456787e-05]
   [-1.90289706e-04 -2.83347064e-04]
   ...
   [ 0.00000000e+00  0.00000000e+00]
   [ 0.00000000e+00  0.00000000e+00]
   [ 0.00000000e+00  0.00000000e+00]]

  ...

  [[-3.16066726e-05 -4.02161568e-05]
   [ 1.09814471e-04  3.01360360e-05]
   [ 1.66954502e-04  2.21375056e-04]
   ...
   [ 0.00000000e+00  0.00000000e+00]
   [ 0.00000000e+00  0.00000000e+00]
   [ 0.00000000e+00  0.00000000e+00]]

  [[-3.15855359e-05 -4.24132704e-05]
   [ 1.17141492e-04  3.19613573e-05]
   [ 1.76567279e-04  2.35087122e-04]
   ...
   [ 0.00000000e+00  0.00000000e+00]
   [ 0.00000000e+00  0.00000000e+00]
   [ 0.00000000e+00  0.00000000e+00]]

  [[-3.20399704e-05 -4.44714024e-05]
   [ 1.23224323e-04  3.34034339e-05]
   [ 1.85065044e-04  2.47252436e-04]
   ...
   [ 0.00000000e+00  0.00000000e+00]
   [ 0.00000000e+00  0.00000000e+00]
   [ 0.00000000e+00  0.00000000e+00]]]


 ...


 [[[ 1.43652460e-05  1.78756418e-05]
   [ 1.47070736e-04  1.09986329e-04]
   [ 1.64975048e-04  3.21599975e-04]
   ...
   [ 0.00000000e+00  0.00000000e+00]
   [ 0.00000000e+00  0.00000000e+00]
   [ 0.00000000e+00  0.00000000e+00]]

  [[ 1.38610958e-05  1.40811599e-05]
   [ 1.52789187e-04  1.09549670e-04]
   [ 1.73606139e-04  3.31681455e-04]
   ...
   [ 0.00000000e+00  0.00000000e+00]
   [ 0.00000000e+00  0.00000000e+00]
   [ 0.00000000e+00  0.00000000e+00]]

  [[ 1.27664180e-05  1.00461793e-05]
   [ 1.57245682e-04  1.08249798e-04]
   [ 1.81296709e-04  3.39763472e-04]
   ...
   [ 0.00000000e+00  0.00000000e+00]
   [ 0.00000000e+00  0.00000000e+00]
   [ 0.00000000e+00  0.00000000e+00]]

  ...

  [[-1.33649310e-05 -2.72065918e-05]
   [-1.27483654e-04 -1.00076672e-04]
   [-1.47531289e-04 -2.73189478e-04]
   ...
   [ 0.00000000e+00  0.00000000e+00]
   [ 0.00000000e+00  0.00000000e+00]
   [ 0.00000000e+00  0.00000000e+00]]

  [[-1.46676512e-05 -2.40546669e-05]
   [-1.37112787e-04 -1.01673329e-04]
   [-1.59658812e-04 -2.88392301e-04]
   ...
   [ 0.00000000e+00  0.00000000e+00]
   [ 0.00000000e+00  0.00000000e+00]
   [ 0.00000000e+00  0.00000000e+00]]

  [[-1.52804514e-05 -2.07026151e-05]
   [-1.45404745e-04 -1.02530736e-04]
   [-1.70745159e-04 -3.01801483e-04]
   ...
   [ 0.00000000e+00  0.00000000e+00]
   [ 0.00000000e+00  0.00000000e+00]
   [ 0.00000000e+00  0.00000000e+00]]]


 [[[ 4.08223514e-06  5.68065343e-06]
   [ 1.42561970e-04  9.56754520e-05]
   [ 1.69654610e-04  3.09523253e-04]
   ...
   [ 0.00000000e+00  0.00000000e+00]
   [ 0.00000000e+00  0.00000000e+00]
   [ 0.00000000e+00  0.00000000e+00]]

  [[ 3.41027044e-06  2.30059686e-06]
   [ 1.47889048e-04  9.54821080e-05]
   [ 1.77840528e-04  3.19461979e-04]
   ...
   [ 0.00000000e+00  0.00000000e+00]
   [ 0.00000000e+00  0.00000000e+00]
   [ 0.00000000e+00  0.00000000e+00]]

  [[ 2.18682067e-06 -1.25251916e-06]
   [ 1.51965112e-04  9.45007996e-05]
   [ 1.85058670e-04  3.27454152e-04]
   ...
   [ 0.00000000e+00  0.00000000e+00]
   [ 0.00000000e+00  0.00000000e+00]
   [ 0.00000000e+00  0.00000000e+00]]

  ...

  [[-3.18913749e-06 -1.46812517e-05]
   [-1.23486592e-04 -8.56877450e-05]
   [-1.52783978e-04 -2.61581852e-04]
   ...
   [ 0.00000000e+00  0.00000000e+00]
   [ 0.00000000e+00  0.00000000e+00]
   [ 0.00000000e+00  0.00000000e+00]]

  [[-4.21573304e-06 -1.17436284e-05]
   [-1.32696179e-04 -8.73120152e-05]
   [-1.64545447e-04 -2.76500476e-04]
   ...
   [ 0.00000000e+00  0.00000000e+00]
   [ 0.00000000e+00  0.00000000e+00]
   [ 0.00000000e+00  0.00000000e+00]]

  [[-4.59756484e-06 -8.67521521e-06]
   [-1.40583812e-04 -8.82766690e-05]
   [-1.75237554e-04 -2.89680291e-04]
   ...
   [ 0.00000000e+00  0.00000000e+00]
   [ 0.00000000e+00  0.00000000e+00]
   [ 0.00000000e+00  0.00000000e+00]]]


 [[[-5.82827397e-06 -6.89901935e-06]
   [ 1.38366391e-04  8.09032281e-05]
   [ 1.74708417e-04  2.97015824e-04]
   ...
   [ 0.00000000e+00  0.00000000e+00]
   [ 0.00000000e+00  0.00000000e+00]
   [ 0.00000000e+00  0.00000000e+00]]

  [[-6.67007134e-06 -9.86981104e-06]
   [ 1.43288169e-04  8.09336198e-05]
   [ 1.82442804e-04  3.06763221e-04]
   ...
   [ 0.00000000e+00  0.00000000e+00]
   [ 0.00000000e+00  0.00000000e+00]
   [ 0.00000000e+00  0.00000000e+00]]

  [[-8.02533214e-06 -1.29445543e-05]
   [ 1.46970197e-04  8.02543800e-05]
   [ 1.89180573e-04  3.14620527e-04]
   ...
   [ 0.00000000e+00  0.00000000e+00]
   [ 0.00000000e+00  0.00000000e+00]
   [ 0.00000000e+00  0.00000000e+00]]

  ...

  [[ 6.62752200e-06 -1.77921004e-06]
   [-1.19823868e-04 -7.08932494e-05]
   [-1.58411509e-04 -2.49686535e-04]
   ...
   [ 0.00000000e+00  0.00000000e+00]
   [ 0.00000000e+00  0.00000000e+00]
   [ 0.00000000e+00  0.00000000e+00]]

  [[ 5.87864542e-06  9.54472739e-07]
   [-1.28598957e-04 -7.25193531e-05]
   [-1.69800158e-04 -2.64263392e-04]
   ...
   [ 0.00000000e+00  0.00000000e+00]
   [ 0.00000000e+00  0.00000000e+00]
   [ 0.00000000e+00  0.00000000e+00]]

  [[ 5.72989347e-06  3.74767365e-06]
   [-1.36067130e-04 -7.35672074e-05]
   [-1.80090530e-04 -2.77159997e-04]
   ...
   [ 0.00000000e+00  0.00000000e+00]
   [ 0.00000000e+00  0.00000000e+00]
   [ 0.00000000e+00  0.00000000e+00]]]]' group='<HDF5 file "NanoKB-Pulse_1.h5" (mode r+)>'
