Got On Axis Power Density - Temporal
Got On Axis POwer Density - Spectral
Got FWHM
Got Divergence
Got Centroid
Wrote History to File
Setup Beamline
Source Scaled
propagating pulse, hold on...
Error at name='data/arrEhor' value='[[[[ 2.18478144e-05  1.35997079e-05]
   [ 2.89241085e-04  7.19595337e-05]
   [ 2.53754988e-04  2.82182882e-04]
   ...
   [ 0.00000000e+00  0.00000000e+00]
   [ 0.00000000e+00  0.00000000e+00]
   [ 0.00000000e+00  0.00000000e+00]]

  [[ 1.81551623e-05  1.87789974e-05]
   [ 2.94419151e-04  8.12172584e-05]
   [ 2.52350990e-04  2.98794097e-04]
   ...
   [ 0.00000000e+00  0.00000000e+00]
   [ 0.00000000e+00  0.00000000e+00]
   [ 0.00000000e+00  0.00000000e+00]]

  [[ 1.40170005e-05  2.35844109e-05]
   [ 2.97388819e-04  8.92349126e-05]
   [ 2.49436649e-04  3.13248456e-04]
   ...
   [ 0.00000000e+00  0.00000000e+00]
   [ 0.00000000e+00  0.00000000e+00]
   [ 0.00000000e+00  0.00000000e+00]]

  ...

  [[-2.96992675e-05  5.36891594e-06]
   [-2.61864217e-04 -2.45418178e-05]
   [-2.59138033e-04 -2.08117548e-04]
   ...
   [ 0.00000000e+00  0.00000000e+00]
   [ 0.00000000e+00  0.00000000e+00]
   [ 0.00000000e+00  0.00000000e+00]]

  [[-2.78428433e-05 -8.54567020e-07]
   [-2.74413120e-04 -3.65524429e-05]
   [-2.63625989e-04 -2.30507110e-04]
   ...
   [ 0.00000000e+00  0.00000000e+00]
   [ 0.00000000e+00  0.00000000e+00]
   [ 0.00000000e+00  0.00000000e+00]]

  [[-2.54300849e-05 -6.82669406e-06]
   [-2.84622336e-04 -4.76531422e-05]
   [-2.66336254e-04 -2.51099613e-04]
   ...
   [ 0.00000000e+00  0.00000000e+00]
   [ 0.00000000e+00  0.00000000e+00]
   [ 0.00000000e+00  0.00000000e+00]]]


 [[[ 2.20377733e-05  6.14105090e-07]
   [ 2.74944498e-04  4.90344792e-05]
   [ 2.46812269e-04  2.54899729e-04]
   ...
   [ 0.00000000e+00  0.00000000e+00]
   [ 0.00000000e+00  0.00000000e+00]
   [ 0.00000000e+00  0.00000000e+00]]

  [[ 1.83590691e-05  5.30247326e-06]
   [ 2.79982080e-04  5.80838823e-05]
   [ 2.45231175e-04  2.71228171e-04]
   ...
   [ 0.00000000e+00  0.00000000e+00]
   [ 0.00000000e+00  0.00000000e+00]
   [ 0.00000000e+00  0.00000000e+00]]

  [[ 1.42400913e-05  9.69332632e-06]
   [ 2.82865105e-04  6.60292280e-05]
   [ 2.42159818e-04  2.85541959e-04]
   ...
   [ 0.00000000e+00  0.00000000e+00]
   [ 0.00000000e+00  0.00000000e+00]
   [ 0.00000000e+00  0.00000000e+00]]

  ...

  [[-2.93460344e-05  1.64411194e-05]
   [-2.47269112e-04 -3.74828210e-06]
   [-2.51595542e-04 -1.82852644e-04]
   ...
   [ 0.00000000e+00  0.00000000e+00]
   [ 0.00000000e+00  0.00000000e+00]
   [ 0.00000000e+00  0.00000000e+00]]

  [[-2.74435897e-05  1.09231696e-05]
   [-2.59481429e-04 -1.51602753e-05]
   [-2.55804975e-04 -2.04554206e-04]
   ...
   [ 0.00000000e+00  0.00000000e+00]
   [ 0.00000000e+00  0.00000000e+00]
   [ 0.00000000e+00  0.00000000e+00]]

  [[-2.49997138e-05  5.58757574e-06]
   [-2.69420794e-04 -2.57920765e-05]
   [-2.58270156e-04 -2.24595162e-04]
   ...
   [ 0.00000000e+00  0.00000000e+00]
   [ 0.00000000e+00  0.00000000e+00]
   [ 0.00000000e+00  0.00000000e+00]]]


 [[[ 2.27054061e-05 -1.23099226e-05]
   [ 2.61285837e-04  2.55238192e-05]
   [ 2.40692490e-04  2.27194381e-04]
   ...
   [ 0.00000000e+00  0.00000000e+00]
   [ 0.00000000e+00  0.00000000e+00]
   [ 0.00000000e+00  0.00000000e+00]]

  [[ 1.90709470e-05 -8.12504913e-06]
   [ 2.66183808e-04  3.43138054e-05]
   [ 2.38965527e-04  2.43172733e-04]
   ...
   [ 0.00000000e+00  0.00000000e+00]
   [ 0.00000000e+00  0.00000000e+00]
   [ 0.00000000e+00  0.00000000e+00]]

  [[ 1.49999078e-05 -4.16093735e-06]
   [ 2.68978765e-04  4.21396398e-05]
   [ 2.35767802e-04  2.57282372e-04]
   ...
   [ 0.00000000e+00  0.00000000e+00]
   [ 0.00000000e+00  0.00000000e+00]
   [ 0.00000000e+00  0.00000000e+00]]

  ...

  [[-2.93742396e-05  2.74285849e-05]
   [-2.33284882e-04  1.74851939e-05]
   [-2.44755880e-04 -1.57352246e-04]
   ...
   [ 0.00000000e+00  0.00000000e+00]
   [ 0.00000000e+00  0.00000000e+00]
   [ 0.00000000e+00  0.00000000e+00]]

  [[-2.74599897e-05  2.26321499e-05]
   [-2.45159579e-04  6.73470595e-06]
   [-2.48721015e-04 -1.78286238e-04]
   ...
   [ 0.00000000e+00  0.00000000e+00]
   [ 0.00000000e+00  0.00000000e+00]
   [ 0.00000000e+00  0.00000000e+00]]

  [[-2.50180692e-05  1.79487924e-05]
   [-2.54828075e-04 -3.36947687e-06]
   [-2.50973942e-04 -1.97699948e-04]
   ...
   [ 0.00000000e+00  0.00000000e+00]
   [ 0.00000000e+00  0.00000000e+00]
   [ 0.00000000e+00  0.00000000e+00]]]


 ...


 [[[-2.66521292e-05 -5.11272956e-05]
   [-3.41225415e-04 -1.19624434e-04]
   [-2.95937003e-04 -3.45727633e-04]
   ...
   [ 0.00000000e+00  0.00000000e+00]
   [ 0.00000000e+00  0.00000000e+00]
   [ 0.00000000e+00  0.00000000e+00]]

  [[-2.34263007e-05 -5.78434556e-05]
   [-3.47280846e-04 -1.28907239e-04]
   [-2.96075770e-04 -3.62781779e-04]
   ...
   [ 0.00000000e+00  0.00000000e+00]
   [ 0.00000000e+00  0.00000000e+00]
   [ 0.00000000e+00  0.00000000e+00]]

  [[-1.96994752e-05 -6.39881036e-05]
   [-3.50890652e-04 -1.36691291e-04]
   [-2.94506346e-04 -3.77367280e-04]
   ...
   [ 0.00000000e+00  0.00000000e+00]
   [ 0.00000000e+00  0.00000000e+00]
   [ 0.00000000e+00  0.00000000e+00]]

  ...

  [[ 3.43250831e-05  2.62472440e-05]
   [ 3.12025193e-04  6.81614329e-05]
   [ 2.98527739e-04  2.66643445e-04]
   ...
   [ 0.00000000e+00  0.00000000e+00]
   [ 0.00000000e+00  0.00000000e+00]
   [ 0.00000000e+00  0.00000000e+00]]

  [[ 3.32135533e-05  3.45197295e-05]
   [ 3.26201582e-04  8.08874902e-05]
   [ 3.05194844e-04  2.90282012e-04]
   ...
   [ 0.00000000e+00  0.00000000e+00]
   [ 0.00000000e+00  0.00000000e+00]
   [ 0.00000000e+00  0.00000000e+00]]

  [[ 3.14719618e-05  4.23718629e-05]
   [ 3.37780628e-04  9.24685519e-05]
   [ 3.09872092e-04  3.11837503e-04]
   ...
   [ 0.00000000e+00  0.00000000e+00]
   [ 0.00000000e+00  0.00000000e+00]
   [ 0.00000000e+00  0.00000000e+00]]]


 [[[-2.48064443e-05 -3.83610459e-05]
   [-3.24533961e-04 -9.96543968e-05]
   [-2.85762449e-04 -3.20778519e-04]
   ...
   [ 0.00000000e+00  0.00000000e+00]
   [ 0.00000000e+00  0.00000000e+00]
   [ 0.00000000e+00  0.00000000e+00]]

  [[-2.14825814e-05 -4.46445447e-05]
   [-3.30450712e-04 -1.08891771e-04]
   [-2.85635149e-04 -3.37771489e-04]
   ...
   [ 0.00000000e+00  0.00000000e+00]
   [ 0.00000000e+00  0.00000000e+00]
   [ 0.00000000e+00  0.00000000e+00]]

  [[-1.76719950e-05 -5.04282034e-05]
   [-3.33982141e-04 -1.16748663e-04]
   [-2.83832225e-04 -3.52420611e-04]
   ...
   [ 0.00000000e+00  0.00000000e+00]
   [ 0.00000000e+00  0.00000000e+00]
   [ 0.00000000e+00  0.00000000e+00]]

  ...

  [[ 3.23206368e-05  1.52759858e-05]
   [ 2.95185717e-04  4.98494446e-05]
   [ 2.88162904e-04  2.43103932e-04]
   ...
   [ 0.00000000e+00  0.00000000e+00]
   [ 0.00000000e+00  0.00000000e+00]
   [ 0.00000000e+00  0.00000000e+00]]

  [[ 3.10326068e-05  2.29204579e-05]
   [ 3.09020485e-04  6.21908039e-05]
   [ 2.94444821e-04  2.66326213e-04]
   ...
   [ 0.00000000e+00  0.00000000e+00]
   [ 0.00000000e+00  0.00000000e+00]
   [ 0.00000000e+00  0.00000000e+00]]

  [[ 2.91360557e-05  3.02086119e-05]
   [ 3.20328691e-04  7.34993009e-05]
   [ 2.98780040e-04  2.87586998e-04]
   ...
   [ 0.00000000e+00  0.00000000e+00]
   [ 0.00000000e+00  0.00000000e+00]
   [ 0.00000000e+00  0.00000000e+00]]]


 [[[-2.34143426e-05 -2.54707102e-05]
   [-3.08174320e-04 -7.89011683e-05]
   [-2.76121136e-04 -2.95094709e-04]
   ...
   [ 0.00000000e+00  0.00000000e+00]
   [ 0.00000000e+00  0.00000000e+00]
   [ 0.00000000e+00  0.00000000e+00]]

  [[-2.00210616e-05 -3.12994453e-05]
   [-3.13947123e-04 -8.80410371e-05]
   [-2.75749160e-04 -3.11954733e-04]
   ...
   [ 0.00000000e+00  0.00000000e+00]
   [ 0.00000000e+00  0.00000000e+00]
   [ 0.00000000e+00  0.00000000e+00]]

  [[-1.61533371e-05 -3.67018729e-05]
   [-3.17394326e-04 -9.59238241e-05]
   [-2.73733109e-04 -3.26601003e-04]
   ...
   [ 0.00000000e+00  0.00000000e+00]
   [ 0.00000000e+00  0.00000000e+00]
   [ 0.00000000e+00  0.00000000e+00]]

  ...

  [[ 3.06747570e-05  4.23856000e-06]
   [ 2.78669817e-04  3.09222487e-05]
   [ 2.78235326e-04  2.19053109e-04]
   ...
   [ 0.00000000e+00  0.00000000e+00]
   [ 0.00000000e+00  0.00000000e+00]
   [ 0.00000000e+00  0.00000000e+00]]

  [[ 2.92405311e-05  1.12267981e-05]
   [ 2.92150682e-04  4.28120075e-05]
   [ 2.84151844e-04  2.41771340e-04]
   ...
   [ 0.00000000e+00  0.00000000e+00]
   [ 0.00000000e+00  0.00000000e+00]
   [ 0.00000000e+00  0.00000000e+00]]

  [[ 2.72185353e-05  1.79243689e-05]
   [ 3.03178444e-04  5.37871820e-05]
   [ 2.88164185e-04  2.62654386e-04]
   ...
   [ 0.00000000e+00  0.00000000e+00]
   [ 0.00000000e+00  0.00000000e+00]
   [ 0.00000000e+00  0.00000000e+00]]]]' group='<HDF5 file "NanoKB-Pulse_47.h5" (mode r+)>'
