Got On Axis Power Density - Temporal
Got On Axis POwer Density - Spectral
Got FWHM
Got Divergence
Got Centroid
Wrote History to File
Setup Beamline
Source Scaled
propagating pulse, hold on...
Error at name='data/arrEhor' value='[[[[ 4.56300550e-05 -1.48604056e-04]
   [-1.85853660e-05 -1.98938258e-04]
   [ 2.02281899e-05 -2.19567562e-04]
   ...
   [ 0.00000000e+00  0.00000000e+00]
   [ 0.00000000e+00  0.00000000e+00]
   [ 0.00000000e+00  0.00000000e+00]]

  [[ 5.07618570e-05 -1.58506591e-04]
   [-8.55577582e-06 -2.12934683e-04]
   [ 3.71226779e-05 -2.28634206e-04]
   ...
   [ 0.00000000e+00  0.00000000e+00]
   [ 0.00000000e+00  0.00000000e+00]
   [ 0.00000000e+00  0.00000000e+00]]

  [[ 5.56124505e-05 -1.67576931e-04]
   [ 1.10017390e-06 -2.25361349e-04]
   [ 5.31962942e-05 -2.36073451e-04]
   ...
   [ 0.00000000e+00  0.00000000e+00]
   [ 0.00000000e+00  0.00000000e+00]
   [ 0.00000000e+00  0.00000000e+00]]

  ...

  [[-2.30753649e-05  1.15636634e-04]
   [ 5.75329977e-05  1.45541344e-04]
   [ 4.31189474e-05  1.81191266e-04]
   ...
   [ 0.00000000e+00  0.00000000e+00]
   [ 0.00000000e+00  0.00000000e+00]
   [ 0.00000000e+00  0.00000000e+00]]

  [[-2.83062855e-05  1.28036190e-04]
   [ 4.76280256e-05  1.64464174e-04]
   [ 2.49884051e-05  1.95913861e-04]
   ...
   [ 0.00000000e+00  0.00000000e+00]
   [ 0.00000000e+00  0.00000000e+00]
   [ 0.00000000e+00  0.00000000e+00]]

  [[-3.33804528e-05  1.39730910e-04]
   [ 3.78421137e-05  1.81955431e-04]
   [ 7.31429373e-06  2.09044272e-04]
   ...
   [ 0.00000000e+00  0.00000000e+00]
   [ 0.00000000e+00  0.00000000e+00]
   [ 0.00000000e+00  0.00000000e+00]]]


 [[[ 3.49678048e-05 -1.39703057e-04]
   [-3.95962779e-05 -1.84396660e-04]
   [-9.32008334e-06 -2.03184696e-04]
   ...
   [ 0.00000000e+00  0.00000000e+00]
   [ 0.00000000e+00  0.00000000e+00]
   [ 0.00000000e+00  0.00000000e+00]]

  [[ 3.96148462e-05 -1.48981475e-04]
   [-3.03109173e-05 -1.97477828e-04]
   [ 6.71335738e-06 -2.11470193e-04]
   ...
   [ 0.00000000e+00  0.00000000e+00]
   [ 0.00000000e+00  0.00000000e+00]
   [ 0.00000000e+00  0.00000000e+00]]

  [[ 4.40284894e-05 -1.57480594e-04]
   [-2.12911818e-05 -2.09065489e-04]
   [ 2.20763213e-05 -2.18210218e-04]
   ...
   [ 0.00000000e+00  0.00000000e+00]
   [ 0.00000000e+00  0.00000000e+00]
   [ 0.00000000e+00  0.00000000e+00]]

  ...

  [[-1.44685191e-05  1.08466964e-04]
   [ 7.51245534e-05  1.33273192e-04]
   [ 6.85451232e-05  1.66318147e-04]
   ...
   [ 0.00000000e+00  0.00000000e+00]
   [ 0.00000000e+00  0.00000000e+00]
   [ 0.00000000e+00  0.00000000e+00]]

  [[-1.91284325e-05  1.20068580e-04]
   [ 6.62078673e-05  1.51020431e-04]
   [ 5.16483233e-05  1.79967057e-04]
   ...
   [ 0.00000000e+00  0.00000000e+00]
   [ 0.00000000e+00  0.00000000e+00]
   [ 0.00000000e+00  0.00000000e+00]]

  [[-2.36663946e-05  1.31014458e-04]
   [ 5.73197467e-05  1.67411024e-04]
   [ 3.50768278e-05  1.92109786e-04]
   ...
   [ 0.00000000e+00  0.00000000e+00]
   [ 0.00000000e+00  0.00000000e+00]
   [ 0.00000000e+00  0.00000000e+00]]]


 [[[ 2.37625554e-05 -1.31422756e-04]
   [-6.10310562e-05 -1.71035848e-04]
   [-3.90919267e-05 -1.88251171e-04]
   ...
   [ 0.00000000e+00  0.00000000e+00]
   [ 0.00000000e+00  0.00000000e+00]
   [ 0.00000000e+00  0.00000000e+00]]

  [[ 2.78732095e-05 -1.40067656e-04]
   [-5.25786709e-05 -1.83196171e-04]
   [-2.40255085e-05 -1.95777393e-04]
   ...
   [ 0.00000000e+00  0.00000000e+00]
   [ 0.00000000e+00  0.00000000e+00]
   [ 0.00000000e+00  0.00000000e+00]]

  [[ 3.18009916e-05 -1.47983825e-04]
   [-4.42797827e-05 -1.93935251e-04]
   [-9.47575791e-06 -2.01833391e-04]
   ...
   [ 0.00000000e+00  0.00000000e+00]
   [ 0.00000000e+00  0.00000000e+00]
   [ 0.00000000e+00  0.00000000e+00]]

  ...

  [[-5.45777220e-06  1.01914957e-04]
   [ 9.29188172e-05  1.22174257e-04]
   [ 9.39360471e-05  1.52809080e-04]
   ...
   [ 0.00000000e+00  0.00000000e+00]
   [ 0.00000000e+00  0.00000000e+00]
   [ 0.00000000e+00  0.00000000e+00]]

  [[-9.48767592e-06  1.12712638e-04]
   [ 8.50861616e-05  1.38746036e-04]
   [ 7.83866999e-05  1.65412959e-04]
   ...
   [ 0.00000000e+00  0.00000000e+00]
   [ 0.00000000e+00  0.00000000e+00]
   [ 0.00000000e+00  0.00000000e+00]]

  [[-1.34326547e-05  1.22901489e-04]
   [ 7.71891646e-05  1.54032328e-04]
   [ 6.30286813e-05  1.76592075e-04]
   ...
   [ 0.00000000e+00  0.00000000e+00]
   [ 0.00000000e+00  0.00000000e+00]
   [ 0.00000000e+00  0.00000000e+00]]]


 ...


 [[[-6.52095914e-05  1.81843658e-04]
   [-2.87327330e-05  2.50209443e-04]
   [-9.20597449e-05  2.80701381e-04]
   ...
   [ 0.00000000e+00  0.00000000e+00]
   [ 0.00000000e+00  0.00000000e+00]
   [ 0.00000000e+00  0.00000000e+00]]

  [[-7.08901644e-05  1.93823129e-04]
   [-3.96062460e-05  2.67413998e-04]
   [-1.10279943e-04  2.93084362e-04]
   ...
   [ 0.00000000e+00  0.00000000e+00]
   [ 0.00000000e+00  0.00000000e+00]
   [ 0.00000000e+00  0.00000000e+00]]

  [[-7.62152777e-05  2.04784446e-04]
   [-4.98941081e-05  2.82774912e-04]
   [-1.27348278e-04  3.03518231e-04]
   ...
   [ 0.00000000e+00  0.00000000e+00]
   [ 0.00000000e+00  0.00000000e+00]
   [ 0.00000000e+00  0.00000000e+00]]

  ...

  [[ 3.93031696e-05 -1.42447214e-04]
   [-1.59837491e-05 -1.87810059e-04]
   [ 2.03502041e-05 -2.33858824e-04]
   ...
   [ 0.00000000e+00  0.00000000e+00]
   [ 0.00000000e+00  0.00000000e+00]
   [ 0.00000000e+00  0.00000000e+00]]

  [[ 4.51477208e-05 -1.57465620e-04]
   [-4.83659596e-06 -2.10758823e-04]
   [ 4.05343781e-05 -2.52898171e-04]
   ...
   [ 0.00000000e+00  0.00000000e+00]
   [ 0.00000000e+00  0.00000000e+00]
   [ 0.00000000e+00  0.00000000e+00]]

  [[ 5.07891127e-05 -1.71613428e-04]
   [ 6.02034561e-06 -2.32021703e-04]
   [ 5.99796076e-05 -2.70032906e-04]
   ...
   [ 0.00000000e+00  0.00000000e+00]
   [ 0.00000000e+00  0.00000000e+00]
   [ 0.00000000e+00  0.00000000e+00]]]


 [[[-5.68551259e-05  1.71032254e-04]
   [-1.02618023e-05  2.31779151e-04]
   [-6.48507776e-05  2.59302789e-04]
   ...
   [ 0.00000000e+00  0.00000000e+00]
   [ 0.00000000e+00  0.00000000e+00]
   [ 0.00000000e+00  0.00000000e+00]]

  [[-6.22416555e-05  1.82420583e-04]
   [-2.07096218e-05  2.48092751e-04]
   [-8.25801690e-05  2.70844699e-04]
   ...
   [ 0.00000000e+00  0.00000000e+00]
   [ 0.00000000e+00  0.00000000e+00]
   [ 0.00000000e+00  0.00000000e+00]]

  [[-6.73080722e-05  1.92849140e-04]
   [-3.06643633e-05  2.62651272e-04]
   [-9.92903515e-05  2.80535402e-04]
   ...
   [ 0.00000000e+00  0.00000000e+00]
   [ 0.00000000e+00  0.00000000e+00]
   [ 0.00000000e+00  0.00000000e+00]]

  ...

  [[ 3.24615867e-05 -1.33388312e-04]
   [-3.18741004e-05 -1.71733031e-04]
   [-3.68656674e-06 -2.14306740e-04]
   ...
   [ 0.00000000e+00  0.00000000e+00]
   [ 0.00000000e+00  0.00000000e+00]
   [ 0.00000000e+00  0.00000000e+00]]

  [[ 3.79568410e-05 -1.47635481e-04]
   [-2.13584408e-05 -1.93512315e-04]
   [ 1.56780825e-05 -2.32185790e-04]
   ...
   [ 0.00000000e+00  0.00000000e+00]
   [ 0.00000000e+00  0.00000000e+00]
   [ 0.00000000e+00  0.00000000e+00]]

  [[ 4.32734741e-05 -1.61065618e-04]
   [-1.10555193e-05 -2.13691383e-04]
   [ 3.44219261e-05 -2.48260068e-04]
   ...
   [ 0.00000000e+00  0.00000000e+00]
   [ 0.00000000e+00  0.00000000e+00]
   [ 0.00000000e+00  0.00000000e+00]]]


 [[[-4.78728798e-05  1.60616226e-04]
   [ 8.85339705e-06  2.14206448e-04]
   [-3.70537964e-05  2.38981636e-04]
   ...
   [ 0.00000000e+00  0.00000000e+00]
   [ 0.00000000e+00  0.00000000e+00]
   [ 0.00000000e+00  0.00000000e+00]]

  [[-5.29120625e-05  1.71391119e-04]
   [-1.07726169e-06  2.29603844e-04]
   [-5.41792360e-05  2.49683042e-04]
   ...
   [ 0.00000000e+00  0.00000000e+00]
   [ 0.00000000e+00  0.00000000e+00]
   [ 0.00000000e+00  0.00000000e+00]]

  [[-5.76698621e-05  1.81264404e-04]
   [-1.06116477e-05  2.43332237e-04]
   [-7.04252379e-05  2.58628716e-04]
   ...
   [ 0.00000000e+00  0.00000000e+00]
   [ 0.00000000e+00  0.00000000e+00]
   [ 0.00000000e+00  0.00000000e+00]]

  ...

  [[ 2.51466954e-05 -1.24763261e-04]
   [-4.81623210e-05 -1.56559370e-04]
   [-2.80084168e-05 -1.95805638e-04]
   ...
   [ 0.00000000e+00  0.00000000e+00]
   [ 0.00000000e+00  0.00000000e+00]
   [ 0.00000000e+00  0.00000000e+00]]

  [[ 3.02321041e-05 -1.38216463e-04]
   [-3.83781953e-05 -1.77144335e-04]
   [-9.58595774e-06 -2.12524814e-04]
   ...
   [ 0.00000000e+00  0.00000000e+00]
   [ 0.00000000e+00  0.00000000e+00]
   [ 0.00000000e+00  0.00000000e+00]]

  [[ 3.51661911e-05 -1.50906038e-04]
   [-2.87259063e-05 -1.96213092e-04]
   [ 8.33738159e-06 -2.27538272e-04]
   ...
   [ 0.00000000e+00  0.00000000e+00]
   [ 0.00000000e+00  0.00000000e+00]
   [ 0.00000000e+00  0.00000000e+00]]]]' group='<HDF5 file "NanoKB-Pulse_19.h5" (mode r+)>'
