Got On Axis Power Density - Temporal
Got On Axis POwer Density - Spectral
Got FWHM
Got Divergence
Got Centroid
Wrote History to File
Setup Beamline
Source Scaled
propagating pulse, hold on...
Error at name='data/arrEhor' value='[[[[ 3.00863292e-04  1.51855591e-06]
   [-4.80235431e-05  1.25400562e-04]
   [-2.40320267e-04 -3.01465134e-05]
   ...
   [ 0.00000000e+00  0.00000000e+00]
   [ 0.00000000e+00  0.00000000e+00]
   [ 0.00000000e+00  0.00000000e+00]]

  [[ 3.11917509e-04  1.08480863e-05]
   [-4.83522090e-05  1.30199609e-04]
   [-2.42179580e-04 -3.40134684e-05]
   ...
   [ 0.00000000e+00  0.00000000e+00]
   [ 0.00000000e+00  0.00000000e+00]
   [ 0.00000000e+00  0.00000000e+00]]

  [[ 3.20998079e-04  1.93024680e-05]
   [-4.87454272e-05  1.33976064e-04]
   [-2.43021219e-04 -3.76715798e-05]
   ...
   [ 0.00000000e+00  0.00000000e+00]
   [ 0.00000000e+00  0.00000000e+00]
   [ 0.00000000e+00  0.00000000e+00]]

  ...

  [[-2.54117243e-04  4.39930118e-05]
   [ 4.23893798e-05 -1.07366002e-04]
   [ 2.29439393e-04  6.25251050e-06]
   ...
   [ 0.00000000e+00  0.00000000e+00]
   [ 0.00000000e+00  0.00000000e+00]
   [ 0.00000000e+00  0.00000000e+00]]

  [[-2.71567726e-04  3.31158699e-05]
   [ 4.20069337e-05 -1.15105664e-04]
   [ 2.34481951e-04  1.03712555e-05]
   ...
   [ 0.00000000e+00  0.00000000e+00]
   [ 0.00000000e+00  0.00000000e+00]
   [ 0.00000000e+00  0.00000000e+00]]

  [[-2.87066534e-04  2.28556637e-05]
   [ 4.18214513e-05 -1.21880075e-04]
   [ 2.38531618e-04  1.44317664e-05]
   ...
   [ 0.00000000e+00  0.00000000e+00]
   [ 0.00000000e+00  0.00000000e+00]
   [ 0.00000000e+00  0.00000000e+00]]]


 [[[ 2.89142306e-04 -2.33733699e-05]
   [-3.77295619e-05  1.04145875e-04]
   [-2.28329169e-04 -2.87555085e-05]
   ...
   [ 0.00000000e+00  0.00000000e+00]
   [ 0.00000000e+00  0.00000000e+00]
   [ 0.00000000e+00  0.00000000e+00]]

  [[ 2.99516745e-04 -1.46140965e-05]
   [-3.85788298e-05  1.08306835e-04]
   [-2.30290447e-04 -3.29503127e-05]
   ...
   [ 0.00000000e+00  0.00000000e+00]
   [ 0.00000000e+00  0.00000000e+00]
   [ 0.00000000e+00  0.00000000e+00]]

  [[ 3.07963724e-04 -6.59828129e-06]
   [-3.95398019e-05  1.11552545e-04]
   [-2.31282494e-04 -3.69427107e-05]
   ...
   [ 0.00000000e+00  0.00000000e+00]
   [ 0.00000000e+00  0.00000000e+00]
   [ 0.00000000e+00  0.00000000e+00]]

  ...

  [[-2.43605449e-04  6.59089346e-05]
   [ 3.17748490e-05 -8.80869775e-05]
   [ 2.17339708e-04  4.53041412e-06]
   ...
   [ 0.00000000e+00  0.00000000e+00]
   [ 0.00000000e+00  0.00000000e+00]
   [ 0.00000000e+00  0.00000000e+00]]

  [[-2.60198169e-04  5.59434993e-05]
   [ 3.18109087e-05 -9.49006571e-05]
   [ 2.22351009e-04  8.95374797e-06]
   ...
   [ 0.00000000e+00  0.00000000e+00]
   [ 0.00000000e+00  0.00000000e+00]
   [ 0.00000000e+00  0.00000000e+00]]

  [[-2.74890830e-04  4.64744808e-05]
   [ 3.20864492e-05 -1.00853351e-04]
   [ 2.26419812e-04  1.33241456e-05]
   ...
   [ 0.00000000e+00  0.00000000e+00]
   [ 0.00000000e+00  0.00000000e+00]
   [ 0.00000000e+00  0.00000000e+00]]]


 [[[ 2.78288935e-04 -4.86973877e-05]
   [-2.63775346e-05  8.33738886e-05]
   [-2.16119050e-04 -2.67517080e-05]
   ...
   [ 0.00000000e+00  0.00000000e+00]
   [ 0.00000000e+00  0.00000000e+00]
   [ 0.00000000e+00  0.00000000e+00]]

  [[ 2.87982548e-04 -4.05778555e-05]
   [-2.77007166e-05  8.68627976e-05]
   [-2.18155939e-04 -3.12556222e-05]
   ...
   [ 0.00000000e+00  0.00000000e+00]
   [ 0.00000000e+00  0.00000000e+00]
   [ 0.00000000e+00  0.00000000e+00]]

  [[ 2.95794598e-04 -3.30656985e-05]
   [-2.91872075e-05  8.95427947e-05]
   [-2.19273905e-04 -3.55663324e-05]
   ...
   [ 0.00000000e+00  0.00000000e+00]
   [ 0.00000000e+00  0.00000000e+00]
   [ 0.00000000e+00  0.00000000e+00]]

  ...

  [[-2.33936458e-04  8.80725202e-05]
   [ 2.02372812e-05 -6.93422917e-05]
   [ 2.05076984e-04  2.27302758e-06]
   ...
   [ 0.00000000e+00  0.00000000e+00]
   [ 0.00000000e+00  0.00000000e+00]
   [ 0.00000000e+00  0.00000000e+00]]

  [[-2.49674311e-04  7.90974809e-05]
   [ 2.06355489e-05 -7.51961561e-05]
   [ 2.10026788e-04  6.97643463e-06]
   ...
   [ 0.00000000e+00  0.00000000e+00]
   [ 0.00000000e+00  0.00000000e+00]
   [ 0.00000000e+00  0.00000000e+00]]

  [[-2.63561757e-04  7.04952981e-05]
   [ 2.13193325e-05 -8.02916329e-05]
   [ 2.14085638e-04  1.16343590e-05]
   ...
   [ 0.00000000e+00  0.00000000e+00]
   [ 0.00000000e+00  0.00000000e+00]
   [ 0.00000000e+00  0.00000000e+00]]]


 ...


 [[[-3.43621505e-04 -5.59968248e-05]
   [ 6.27553527e-05 -1.94043896e-04]
   [ 2.75254104e-04  1.73246735e-05]
   ...
   [ 0.00000000e+00  0.00000000e+00]
   [ 0.00000000e+00  0.00000000e+00]
   [ 0.00000000e+00  0.00000000e+00]]

  [[-3.57188750e-04 -6.59538273e-05]
   [ 6.09602903e-05 -2.00440758e-04]
   [ 2.76797946e-04  2.00475697e-05]
   ...
   [ 0.00000000e+00  0.00000000e+00]
   [ 0.00000000e+00  0.00000000e+00]
   [ 0.00000000e+00  0.00000000e+00]]

  [[-3.68572713e-04 -7.47715239e-05]
   [ 5.91821663e-05 -2.05494958e-04]
   [ 2.77179817e-04  2.26147185e-05]
   ...
   [ 0.00000000e+00  0.00000000e+00]
   [ 0.00000000e+00  0.00000000e+00]
   [ 0.00000000e+00  0.00000000e+00]]

  ...

  [[ 2.90637516e-04  5.30982243e-06]
   [-6.00211570e-05  1.70338186e-04]
   [-2.63950700e-04  4.61015770e-06]
   ...
   [ 0.00000000e+00  0.00000000e+00]
   [ 0.00000000e+00  0.00000000e+00]
   [ 0.00000000e+00  0.00000000e+00]]

  [[ 3.11249751e-04  1.74269044e-05]
   [-5.75743252e-05  1.80494520e-04]
   [-2.69050419e-04  1.77385516e-06]
   ...
   [ 0.00000000e+00  0.00000000e+00]
   [ 0.00000000e+00  0.00000000e+00]
   [ 0.00000000e+00  0.00000000e+00]]

  [[ 3.29704257e-04  2.86925206e-05]
   [-5.52831880e-05  1.89381375e-04]
   [-2.73014797e-04 -1.05702532e-06]
   ...
   [ 0.00000000e+00  0.00000000e+00]
   [ 0.00000000e+00  0.00000000e+00]
   [ 0.00000000e+00  0.00000000e+00]]]


 [[[-3.28649621e-04 -3.35504592e-05]
   [ 5.68559153e-05 -1.71680949e-04]
   [ 2.64336268e-04  1.81664982e-05]
   ...
   [ 0.00000000e+00  0.00000000e+00]
   [ 0.00000000e+00  0.00000000e+00]
   [ 0.00000000e+00  0.00000000e+00]]

  [[-3.41540901e-04 -4.31843800e-05]
   [ 5.57291387e-05 -1.77588823e-04]
   [ 2.66074436e-04  2.12545474e-05]
   ...
   [ 0.00000000e+00  0.00000000e+00]
   [ 0.00000000e+00  0.00000000e+00]
   [ 0.00000000e+00  0.00000000e+00]]

  [[-3.52306466e-04 -5.17952540e-05]
   [ 5.46471274e-05 -1.82261865e-04]
   [ 2.66693882e-04  2.41835405e-05]
   ...
   [ 0.00000000e+00  0.00000000e+00]
   [ 0.00000000e+00  0.00000000e+00]
   [ 0.00000000e+00  0.00000000e+00]]

  ...

  [[ 2.77003390e-04 -1.48338195e-05]
   [-5.33291968e-05  1.49706291e-04]
   [-2.52720696e-04  4.30530145e-06]
   ...
   [ 0.00000000e+00  0.00000000e+00]
   [ 0.00000000e+00  0.00000000e+00]
   [ 0.00000000e+00  0.00000000e+00]]

  [[ 2.96748069e-04 -3.33778780e-06]
   [-5.14923231e-05  1.59090792e-04]
   [-2.57899024e-04  1.10537837e-06]
   ...
   [ 0.00000000e+00  0.00000000e+00]
   [ 0.00000000e+00  0.00000000e+00]
   [ 0.00000000e+00  0.00000000e+00]]

  [[ 3.14394856e-04  7.41335907e-06]
   [-4.98365443e-05  1.67310514e-04]
   [-2.61987414e-04 -2.08594770e-06]
   ...
   [ 0.00000000e+00  0.00000000e+00]
   [ 0.00000000e+00  0.00000000e+00]
   [ 0.00000000e+00  0.00000000e+00]]]


 [[[-3.14269768e-04 -1.04459041e-05]
   [ 4.98383997e-05 -1.49413041e-04]
   [ 2.52975733e-04  1.85022600e-05]
   ...
   [ 0.00000000e+00  0.00000000e+00]
   [ 0.00000000e+00  0.00000000e+00]
   [ 0.00000000e+00  0.00000000e+00]]

  [[-3.26470501e-04 -1.96859619e-05]
   [ 4.93441403e-05 -1.54788955e-04]
   [ 2.54883053e-04  2.19428202e-05]
   ...
   [ 0.00000000e+00  0.00000000e+00]
   [ 0.00000000e+00  0.00000000e+00]
   [ 0.00000000e+00  0.00000000e+00]]

  [[-3.36601835e-04 -2.80238673e-05]
   [ 4.89276172e-05 -1.59038536e-04]
   [ 2.55717081e-04  2.52231548e-05]
   ...
   [ 0.00000000e+00  0.00000000e+00]
   [ 0.00000000e+00  0.00000000e+00]
   [ 0.00000000e+00  0.00000000e+00]]

  ...

  [[ 2.63980852e-04 -3.54273398e-05]
   [-4.56390117e-05  1.29253909e-04]
   [-2.41113521e-04  4.43834278e-06]
   ...
   [ 0.00000000e+00  0.00000000e+00]
   [ 0.00000000e+00  0.00000000e+00]
   [ 0.00000000e+00  0.00000000e+00]]

  [[ 2.82840716e-04 -2.46347099e-05]
   [-4.43666431e-05  1.37819225e-04]
   [-2.46338313e-04  8.92229195e-07]
   ...
   [ 0.00000000e+00  0.00000000e+00]
   [ 0.00000000e+00  0.00000000e+00]
   [ 0.00000000e+00  0.00000000e+00]]

  [[ 2.99662410e-04 -1.44767473e-05]
   [-4.33050154e-05  1.45325292e-04]
   [-2.50520476e-04 -2.64412802e-06]
   ...
   [ 0.00000000e+00  0.00000000e+00]
   [ 0.00000000e+00  0.00000000e+00]
   [ 0.00000000e+00  0.00000000e+00]]]]' group='<HDF5 file "NanoKB-Pulse_2.h5" (mode r+)>'
