Got On Axis Power Density - Temporal
Got On Axis POwer Density - Spectral
Got FWHM
Got Divergence
Got Centroid
Wrote History to File
Setup Beamline
Source Scaled
propagating pulse, hold on...
Error at name='data/arrEhor' value='[[[[-1.08406596e-06  3.75652919e-04]
   [-2.16382963e-04  1.93530082e-04]
   [-1.81252923e-04  2.35796215e-05]
   ...
   [ 0.00000000e+00  0.00000000e+00]
   [ 0.00000000e+00  0.00000000e+00]
   [ 0.00000000e+00  0.00000000e+00]]

  [[-7.82748066e-06  3.87147767e-04]
   [-2.34497857e-04  1.95784189e-04]
   [-1.98081980e-04  1.09362836e-05]
   ...
   [ 0.00000000e+00  0.00000000e+00]
   [ 0.00000000e+00  0.00000000e+00]
   [ 0.00000000e+00  0.00000000e+00]]

  [[-1.44448177e-05  3.96482705e-04]
   [-2.51133402e-04  1.96409441e-04]
   [-2.13207139e-04 -2.16448302e-06]
   ...
   [ 0.00000000e+00  0.00000000e+00]
   [ 0.00000000e+00  0.00000000e+00]
   [ 0.00000000e+00  0.00000000e+00]]

  ...

  [[-3.56845449e-05 -3.27211776e-04]
   [ 1.45456201e-04 -1.84214558e-04]
   [ 1.18744261e-04 -6.35131219e-05]
   ...
   [ 0.00000000e+00  0.00000000e+00]
   [ 0.00000000e+00  0.00000000e+00]
   [ 0.00000000e+00  0.00000000e+00]]

  [[-2.97325641e-05 -3.45271517e-04]
   [ 1.67013597e-04 -1.92585139e-04]
   [ 1.40733071e-04 -5.38825479e-05]
   ...
   [ 0.00000000e+00  0.00000000e+00]
   [ 0.00000000e+00  0.00000000e+00]
   [ 0.00000000e+00  0.00000000e+00]]

  [[-2.36047781e-05 -3.61306884e-04]
   [ 1.87513375e-04 -1.99163114e-04]
   [ 1.61280332e-04 -4.34112844e-05]
   ...
   [ 0.00000000e+00  0.00000000e+00]
   [ 0.00000000e+00  0.00000000e+00]
   [ 0.00000000e+00  0.00000000e+00]]]


 [[[ 2.37159770e-06  3.53110838e-04]
   [-1.90117367e-04  1.69485153e-04]
   [-1.38709380e-04  1.58722796e-05]
   ...
   [ 0.00000000e+00  0.00000000e+00]
   [ 0.00000000e+00  0.00000000e+00]
   [ 0.00000000e+00  0.00000000e+00]]

  [[-4.71872136e-06  3.64528911e-04]
   [-2.08310419e-04  1.71186126e-04]
   [-1.54937472e-04  2.74479726e-06]
   ...
   [ 0.00000000e+00  0.00000000e+00]
   [ 0.00000000e+00  0.00000000e+00]
   [ 0.00000000e+00  0.00000000e+00]]

  [[-1.17086720e-05  3.73888033e-04]
   [-2.25162046e-04  1.71365740e-04]
   [-1.69673775e-04 -1.08078011e-05]
   ...
   [ 0.00000000e+00  0.00000000e+00]
   [ 0.00000000e+00  0.00000000e+00]
   [ 0.00000000e+00  0.00000000e+00]]

  ...

  [[-3.89354318e-05 -3.05322115e-04]
   [ 1.20891615e-04 -1.61213407e-04]
   [ 7.95721207e-05 -5.54876278e-05]
   ...
   [ 0.00000000e+00  0.00000000e+00]
   [ 0.00000000e+00  0.00000000e+00]
   [ 0.00000000e+00  0.00000000e+00]]

  [[-3.27018934e-05 -3.23013635e-04]
   [ 1.42156860e-04 -1.68698127e-04]
   [ 1.00373232e-04 -4.52175918e-05]
   ...
   [ 0.00000000e+00  0.00000000e+00]
   [ 0.00000000e+00  0.00000000e+00]
   [ 0.00000000e+00  0.00000000e+00]]

  [[-2.62718349e-05 -3.38784186e-04]
   [ 1.62493772e-04 -1.74505083e-04]
   [ 1.19932789e-04 -3.41554987e-05]
   ...
   [ 0.00000000e+00  0.00000000e+00]
   [ 0.00000000e+00  0.00000000e+00]
   [ 0.00000000e+00  0.00000000e+00]]]


 [[[ 6.84093311e-06  3.30385286e-04]
   [-1.62754732e-04  1.46615726e-04]
   [-9.60360412e-05  9.96566087e-06]
   ...
   [ 0.00000000e+00  0.00000000e+00]
   [ 0.00000000e+00  0.00000000e+00]
   [ 0.00000000e+00  0.00000000e+00]]

  [[-5.54881410e-07  3.41669831e-04]
   [-1.80929550e-04  1.47763480e-04]
   [-1.11589405e-04 -3.56731471e-06]
   ...
   [ 0.00000000e+00  0.00000000e+00]
   [ 0.00000000e+00  0.00000000e+00]
   [ 0.00000000e+00  0.00000000e+00]]

  [[-7.88107081e-06  3.50999413e-04]
   [-1.97908754e-04  1.47494269e-04]
   [-1.25865903e-04 -1.75017449e-05]
   ...
   [ 0.00000000e+00  0.00000000e+00]
   [ 0.00000000e+00  0.00000000e+00]
   [ 0.00000000e+00  0.00000000e+00]]

  ...

  [[-4.30498767e-05 -2.83388334e-04]
   [ 9.54938441e-05 -1.39328986e-04]
   [ 4.04322091e-05 -4.89948834e-05]
   ...
   [ 0.00000000e+00  0.00000000e+00]
   [ 0.00000000e+00  0.00000000e+00]
   [ 0.00000000e+00  0.00000000e+00]]

  [[-3.65851229e-05 -3.00646905e-04]
   [ 1.16354771e-04 -1.45931132e-04]
   [ 5.99582017e-05 -3.81788486e-05]
   ...
   [ 0.00000000e+00  0.00000000e+00]
   [ 0.00000000e+00  0.00000000e+00]
   [ 0.00000000e+00  0.00000000e+00]]

  [[-2.98999876e-05 -3.16089048e-04]
   [ 1.36420625e-04 -1.50968801e-04]
   [ 7.84469303e-05 -2.66133302e-05]
   ...
   [ 0.00000000e+00  0.00000000e+00]
   [ 0.00000000e+00  0.00000000e+00]
   [ 0.00000000e+00  0.00000000e+00]]]


 ...


 [[[-1.60190502e-05 -4.40749252e-04]
   [ 2.73693237e-04 -2.84721289e-04]
   [ 3.02053028e-04 -7.14624548e-05]
   ...
   [ 0.00000000e+00  0.00000000e+00]
   [ 0.00000000e+00  0.00000000e+00]
   [ 0.00000000e+00  0.00000000e+00]]

  [[-1.11079262e-05 -4.52385691e-04]
   [ 2.90795491e-04 -2.89442862e-04]
   [ 3.20704217e-04 -6.15988974e-05]
   ...
   [ 0.00000000e+00  0.00000000e+00]
   [ 0.00000000e+00  0.00000000e+00]
   [ 0.00000000e+00  0.00000000e+00]]

  [[-6.25379653e-06 -4.61573305e-04]
   [ 3.06146569e-04 -2.92111741e-04]
   [ 3.37079779e-04 -5.10290047e-05]
   ...
   [ 0.00000000e+00  0.00000000e+00]
   [ 0.00000000e+00  0.00000000e+00]
   [ 0.00000000e+00  0.00000000e+00]]

  ...

  [[ 5.00384922e-05  3.89510969e-04]
   [-2.00058639e-04  2.68384785e-04]
   [-2.28803852e-04  1.07207372e-04]
   ...
   [ 0.00000000e+00  0.00000000e+00]
   [ 0.00000000e+00  0.00000000e+00]
   [ 0.00000000e+00  0.00000000e+00]]

  [[ 4.61363961e-05  4.08478547e-04]
   [-2.21240814e-04  2.80429173e-04]
   [-2.54079670e-04  1.01228994e-04]
   ...
   [ 0.00000000e+00  0.00000000e+00]
   [ 0.00000000e+00  0.00000000e+00]
   [ 0.00000000e+00  0.00000000e+00]]

  [[ 4.19853277e-05  4.25141217e-04]
   [-2.41124828e-04  2.90262426e-04]
   [-2.77394429e-04  9.41358085e-05]
   ...
   [ 0.00000000e+00  0.00000000e+00]
   [ 0.00000000e+00  0.00000000e+00]
   [ 0.00000000e+00  0.00000000e+00]]]


 [[[-1.56027872e-05 -4.19456162e-04]
   [ 2.52608530e-04 -2.57002772e-04]
   [ 2.61727604e-04 -5.68169999e-05]
   ...
   [ 0.00000000e+00  0.00000000e+00]
   [ 0.00000000e+00  0.00000000e+00]
   [ 0.00000000e+00  0.00000000e+00]]

  [[-1.02402801e-05 -4.31210647e-04]
   [ 2.70098768e-04 -2.61210167e-04]
   [ 2.80054868e-04 -4.62387070e-05]
   ...
   [ 0.00000000e+00  0.00000000e+00]
   [ 0.00000000e+00  0.00000000e+00]
   [ 0.00000000e+00  0.00000000e+00]]

  [[-4.92629806e-06 -4.40608157e-04]
   [ 2.85947899e-04 -2.63483991e-04]
   [ 2.96301499e-04 -3.50161281e-05]
   ...
   [ 0.00000000e+00  0.00000000e+00]
   [ 0.00000000e+00  0.00000000e+00]
   [ 0.00000000e+00  0.00000000e+00]]

  ...

  [[ 4.98636255e-05  3.68402892e-04]
   [-1.79777431e-04  2.41867252e-04]
   [-1.91227722e-04  9.31648101e-05]
   ...
   [ 0.00000000e+00  0.00000000e+00]
   [ 0.00000000e+00  0.00000000e+00]
   [ 0.00000000e+00  0.00000000e+00]]

  [[ 4.55379450e-05  3.87230830e-04]
   [-2.01051211e-04  2.53050996e-04]
   [-2.15655615e-04  8.62521774e-05]
   ...
   [ 0.00000000e+00  0.00000000e+00]
   [ 0.00000000e+00  0.00000000e+00]
   [ 0.00000000e+00  0.00000000e+00]]

  [[ 4.09578206e-05  4.03847342e-04]
   [-2.21131268e-04  2.62147485e-04]
   [-2.38305409e-04  7.82981660e-05]
   ...
   [ 0.00000000e+00  0.00000000e+00]
   [ 0.00000000e+00  0.00000000e+00]
   [ 0.00000000e+00  0.00000000e+00]]]


 [[[-1.60315467e-05 -3.97586351e-04]
   [ 2.30132937e-04 -2.29913625e-04]
   [ 2.20618371e-04 -4.36972259e-05]
   ...
   [ 0.00000000e+00  0.00000000e+00]
   [ 0.00000000e+00  0.00000000e+00]
   [ 0.00000000e+00  0.00000000e+00]]

  [[-1.02486574e-05 -4.09399683e-04]
   [ 2.47917138e-04 -2.33590748e-04]
   [ 2.38532855e-04 -3.24677021e-05]
   ...
   [ 0.00000000e+00  0.00000000e+00]
   [ 0.00000000e+00  0.00000000e+00]
   [ 0.00000000e+00  0.00000000e+00]]

  [[-4.50142079e-06 -4.18950513e-04]
   [ 2.64179194e-04 -2.35452811e-04]
   [ 2.54567538e-04 -2.06490440e-05]
   ...
   [ 0.00000000e+00  0.00000000e+00]
   [ 0.00000000e+00  0.00000000e+00]
   [ 0.00000000e+00  0.00000000e+00]]

  ...

  [[ 5.04027594e-05  3.46885266e-04]
   [-1.58392897e-04  2.15969674e-04]
   [-1.53101428e-04  8.04043375e-05]
   ...
   [ 0.00000000e+00  0.00000000e+00]
   [ 0.00000000e+00  0.00000000e+00]
   [ 0.00000000e+00  0.00000000e+00]]

  [[ 4.56907328e-05  3.65500135e-04]
   [-1.79645285e-04  2.26272736e-04]
   [-1.76572023e-04  7.26304424e-05]
   ...
   [ 0.00000000e+00  0.00000000e+00]
   [ 0.00000000e+00  0.00000000e+00]
   [ 0.00000000e+00  0.00000000e+00]]

  [[ 4.07154621e-05  3.82000959e-04]
   [-1.99814778e-04  2.34612642e-04]
   [-1.98453752e-04  6.38836500e-05]
   ...
   [ 0.00000000e+00  0.00000000e+00]
   [ 0.00000000e+00  0.00000000e+00]
   [ 0.00000000e+00  0.00000000e+00]]]]' group='<HDF5 file "NanoKB-Pulse_61.h5" (mode r+)>'
