Got On Axis Power Density - Temporal
Got On Axis POwer Density - Spectral
Got FWHM
Got Divergence
Got Centroid
Wrote History to File
Setup Beamline
Source Scaled
propagating pulse, hold on...
Error at name='data/arrEhor' value='[[[[ 9.50388639e-05  5.68185169e-05]
   [ 1.83118929e-04 -1.85336103e-05]
   [ 1.95502667e-04 -3.44505497e-05]
   ...
   [ 0.00000000e+00  0.00000000e+00]
   [ 0.00000000e+00  0.00000000e+00]
   [ 0.00000000e+00  0.00000000e+00]]

  [[ 9.97196839e-05  5.90389500e-05]
   [ 1.90800754e-04 -1.41941146e-05]
   [ 2.03697418e-04 -2.86792947e-05]
   ...
   [ 0.00000000e+00  0.00000000e+00]
   [ 0.00000000e+00  0.00000000e+00]
   [ 0.00000000e+00  0.00000000e+00]]

  [[ 1.03605220e-04  6.11189389e-05]
   [ 1.97158763e-04 -9.78713433e-06]
   [ 2.10242288e-04 -2.26366828e-05]
   ...
   [ 0.00000000e+00  0.00000000e+00]
   [ 0.00000000e+00  0.00000000e+00]
   [ 0.00000000e+00  0.00000000e+00]]

  ...

  [[-7.87661411e-05 -4.57875685e-05]
   [-1.50833250e-04  3.81845020e-05]
   [-1.58925381e-04  5.73779907e-05]
   ...
   [ 0.00000000e+00  0.00000000e+00]
   [ 0.00000000e+00  0.00000000e+00]
   [ 0.00000000e+00  0.00000000e+00]]

  [[-8.58348067e-05 -4.78908805e-05]
   [-1.62482756e-04  3.48745489e-05]
   [-1.72096203e-04  5.34153769e-05]
   ...
   [ 0.00000000e+00  0.00000000e+00]
   [ 0.00000000e+00  0.00000000e+00]
   [ 0.00000000e+00  0.00000000e+00]]

  [[-9.21585743e-05 -5.00011338e-05]
   [-1.72915257e-04  3.12855191e-05]
   [-1.83732001e-04  4.88988953e-05]
   ...
   [ 0.00000000e+00  0.00000000e+00]
   [ 0.00000000e+00  0.00000000e+00]
   [ 0.00000000e+00  0.00000000e+00]]]


 [[[ 9.49236128e-05  5.78568361e-05]
   [ 1.70672181e-04 -1.50076748e-05]
   [ 1.70274900e-04 -3.24678404e-05]
   ...
   [ 0.00000000e+00  0.00000000e+00]
   [ 0.00000000e+00  0.00000000e+00]
   [ 0.00000000e+00  0.00000000e+00]]

  [[ 9.96287199e-05  5.97619510e-05]
   [ 1.78406350e-04 -1.06027355e-05]
   [ 1.78390983e-04 -2.62983540e-05]
   ...
   [ 0.00000000e+00  0.00000000e+00]
   [ 0.00000000e+00  0.00000000e+00]
   [ 0.00000000e+00  0.00000000e+00]]

  [[ 1.03548999e-04  6.15323224e-05]
   [ 1.84877295e-04 -6.13175143e-06]
   [ 1.84977645e-04 -1.98502585e-05]
   ...
   [ 0.00000000e+00  0.00000000e+00]
   [ 0.00000000e+00  0.00000000e+00]
   [ 0.00000000e+00  0.00000000e+00]]

  ...

  [[-7.87450772e-05 -4.77936846e-05]
   [-1.38775795e-04  3.42620187e-05]
   [-1.34719012e-04  5.53266218e-05]
   ...
   [ 0.00000000e+00  0.00000000e+00]
   [ 0.00000000e+00  0.00000000e+00]
   [ 0.00000000e+00  0.00000000e+00]]

  [[-8.57876439e-05 -4.95748718e-05]
   [-1.50297055e-04  3.08753588e-05]
   [-1.47470142e-04  5.09722340e-05]
   ...
   [ 0.00000000e+00  0.00000000e+00]
   [ 0.00000000e+00  0.00000000e+00]
   [ 0.00000000e+00  0.00000000e+00]]

  [[-9.20971142e-05 -5.13634368e-05]
   [-1.60662283e-04  2.72161178e-05]
   [-1.58807292e-04  4.60631636e-05]
   ...
   [ 0.00000000e+00  0.00000000e+00]
   [ 0.00000000e+00  0.00000000e+00]
   [ 0.00000000e+00  0.00000000e+00]]]


 [[[ 9.47004446e-05  5.88988369e-05]
   [ 1.57996939e-04 -1.18753096e-05]
   [ 1.44918376e-04 -3.13468336e-05]
   ...
   [ 0.00000000e+00  0.00000000e+00]
   [ 0.00000000e+00  0.00000000e+00]
   [ 0.00000000e+00  0.00000000e+00]]

  [[ 9.94322618e-05  6.04737324e-05]
   [ 1.65754856e-04 -7.42902421e-06]
   [ 1.52913810e-04 -2.48208107e-05]
   ...
   [ 0.00000000e+00  0.00000000e+00]
   [ 0.00000000e+00  0.00000000e+00]
   [ 0.00000000e+00  0.00000000e+00]]

  [[ 1.03390616e-04  6.19194470e-05]
   [ 1.72311979e-04 -2.91652532e-06]
   [ 1.59501462e-04 -1.80049719e-05]
   ...
   [ 0.00000000e+00  0.00000000e+00]
   [ 0.00000000e+00  0.00000000e+00]
   [ 0.00000000e+00  0.00000000e+00]]

  ...

  [[-7.86183664e-05 -4.98534755e-05]
   [-1.26572239e-04  3.06453403e-05]
   [-1.10487657e-04  5.39956054e-05]
   ...
   [ 0.00000000e+00  0.00000000e+00]
   [ 0.00000000e+00  0.00000000e+00]
   [ 0.00000000e+00  0.00000000e+00]]

  [[-8.56330807e-05 -5.12978586e-05]
   [-1.37929557e-04  2.72085890e-05]
   [-1.22767931e-04  4.92970103e-05]
   ...
   [ 0.00000000e+00  0.00000000e+00]
   [ 0.00000000e+00  0.00000000e+00]
   [ 0.00000000e+00  0.00000000e+00]]

  [[-9.19276790e-05 -5.27499760e-05]
   [-1.48193882e-04  2.35047191e-05]
   [-1.33757159e-04  4.40410804e-05]
   ...
   [ 0.00000000e+00  0.00000000e+00]
   [ 0.00000000e+00  0.00000000e+00]
   [ 0.00000000e+00  0.00000000e+00]]]


 ...


 [[[-9.71213885e-05 -4.91348364e-05]
   [-2.16531174e-04  4.17725714e-05]
   [-2.66133953e-04  5.82894718e-05]
   ...
   [ 0.00000000e+00  0.00000000e+00]
   [ 0.00000000e+00  0.00000000e+00]
   [ 0.00000000e+00  0.00000000e+00]]

  [[-1.01886260e-04 -5.19682544e-05]
   [-2.24072501e-04  3.81321297e-05]
   [-2.74509832e-04  5.43338465e-05]
   ...
   [ 0.00000000e+00  0.00000000e+00]
   [ 0.00000000e+00  0.00000000e+00]
   [ 0.00000000e+00  0.00000000e+00]]

  [[-1.05825333e-04 -5.46855772e-05]
   [-2.30131220e-04  3.43371648e-05]
   [-2.80912995e-04  5.00118549e-05]
   ...
   [ 0.00000000e+00  0.00000000e+00]
   [ 0.00000000e+00  0.00000000e+00]
   [ 0.00000000e+00  0.00000000e+00]]

  ...

  [[ 7.99523768e-05  3.63691288e-05]
   [ 1.82648801e-04 -6.04414490e-05]
   [ 2.26141594e-04 -7.86545570e-05]
   ...
   [ 0.00000000e+00  0.00000000e+00]
   [ 0.00000000e+00  0.00000000e+00]
   [ 0.00000000e+00  0.00000000e+00]]

  [[ 8.72201126e-05  3.89861088e-05]
   [ 1.94588778e-04 -5.80920205e-05]
   [ 2.40346286e-04 -7.68118480e-05]
   ...
   [ 0.00000000e+00  0.00000000e+00]
   [ 0.00000000e+00  0.00000000e+00]
   [ 0.00000000e+00  0.00000000e+00]]

  [[ 9.37164077e-05  4.16444927e-05]
   [ 2.05159638e-04 -5.53711252e-05]
   [ 2.52704573e-04 -7.43116107e-05]
   ...
   [ 0.00000000e+00  0.00000000e+00]
   [ 0.00000000e+00  0.00000000e+00]
   [ 0.00000000e+00  0.00000000e+00]]]


 [[[-9.74689174e-05 -5.00640235e-05]
   [-2.05377699e-04  3.67375978e-05]
   [-2.42229158e-04  5.27735865e-05]
   ...
   [ 0.00000000e+00  0.00000000e+00]
   [ 0.00000000e+00  0.00000000e+00]
   [ 0.00000000e+00  0.00000000e+00]]

  [[-1.02239559e-04 -5.26333497e-05]
   [-2.13063933e-04  3.29714276e-05]
   [-2.50681158e-04  4.83137228e-05]
   ...
   [ 0.00000000e+00  0.00000000e+00]
   [ 0.00000000e+00  0.00000000e+00]
   [ 0.00000000e+00  0.00000000e+00]]

  [[-1.06191437e-04 -5.50915684e-05]
   [-2.19319787e-04  2.90592252e-05]
   [-2.57270818e-04  4.34949798e-05]
   ...
   [ 0.00000000e+00  0.00000000e+00]
   [ 0.00000000e+00  0.00000000e+00]
   [ 0.00000000e+00  0.00000000e+00]]

  ...

  [[ 8.04128140e-05  3.80892307e-05]
   [ 1.71623033e-04 -5.52759811e-05]
   [ 2.02893629e-04 -7.35124777e-05]
   ...
   [ 0.00000000e+00  0.00000000e+00]
   [ 0.00000000e+00  0.00000000e+00]
   [ 0.00000000e+00  0.00000000e+00]]

  [[ 8.76502163e-05  4.04349412e-05]
   [ 1.83554745e-04 -5.27775337e-05]
   [ 2.16868895e-04 -7.11407993e-05]
   ...
   [ 0.00000000e+00  0.00000000e+00]
   [ 0.00000000e+00  0.00000000e+00]
   [ 0.00000000e+00  0.00000000e+00]]

  [[ 9.41240360e-05  4.28232561e-05]
   [ 1.94170483e-04 -4.99191628e-05]
   [ 2.29108642e-04 -6.81224337e-05]
   ...
   [ 0.00000000e+00  0.00000000e+00]
   [ 0.00000000e+00  0.00000000e+00]
   [ 0.00000000e+00  0.00000000e+00]]]


 [[[-9.76619340e-05 -5.10519094e-05]
   [-1.93797518e-04  3.19487845e-05]
   [-2.17813198e-04  4.79674236e-05]
   ...
   [ 0.00000000e+00  0.00000000e+00]
   [ 0.00000000e+00  0.00000000e+00]
   [ 0.00000000e+00  0.00000000e+00]]

  [[-1.02438848e-04 -5.33390812e-05]
   [-2.01598872e-04  2.80763925e-05]
   [-2.26296048e-04  4.30343789e-05]
   ...
   [ 0.00000000e+00  0.00000000e+00]
   [ 0.00000000e+00  0.00000000e+00]
   [ 0.00000000e+00  0.00000000e+00]]

  [[-1.06405118e-04 -5.55200422e-05]
   [-2.08024547e-04  2.40655791e-05]
   [-2.33029947e-04  3.77477445e-05]
   ...
   [ 0.00000000e+00  0.00000000e+00]
   [ 0.00000000e+00  0.00000000e+00]
   [ 0.00000000e+00  0.00000000e+00]]

  ...

  [[ 8.07313627e-05  3.99270866e-05]
   [ 1.60268886e-04 -5.02773364e-05]
   [ 1.79265189e-04 -6.89541193e-05]
   ...
   [ 0.00000000e+00  0.00000000e+00]
   [ 0.00000000e+00  0.00000000e+00]
   [ 0.00000000e+00  0.00000000e+00]]

  [[ 8.79336803e-05  4.19847602e-05]
   [ 1.72152635e-04 -4.76499008e-05]
   [ 1.92952022e-04 -6.60882433e-05]
   ...
   [ 0.00000000e+00  0.00000000e+00]
   [ 0.00000000e+00  0.00000000e+00]
   [ 0.00000000e+00  0.00000000e+00]]

  [[ 9.43817722e-05  4.40857657e-05]
   [ 1.82776261e-04 -4.46736158e-05]
   [ 2.05018077e-04 -6.25855973e-05]
   ...
   [ 0.00000000e+00  0.00000000e+00]
   [ 0.00000000e+00  0.00000000e+00]
   [ 0.00000000e+00  0.00000000e+00]]]]' group='<HDF5 file "NanoKB-Pulse_63.h5" (mode r+)>'
