Got On Axis Power Density - Temporal
Got On Axis POwer Density - Spectral
Got FWHM
Got Divergence
Got Centroid
Wrote History to File
Setup Beamline
Source Scaled
propagating pulse, hold on...
Error at name='data/arrEhor' value='[[[[-6.48451532e-05 -1.49383792e-04]
   [-2.04981388e-05  7.72142266e-06]
   [-1.09238545e-05  1.56166061e-05]
   ...
   [ 0.00000000e+00  0.00000000e+00]
   [ 0.00000000e+00  0.00000000e+00]
   [ 0.00000000e+00  0.00000000e+00]]

  [[-6.17132027e-05 -1.65384001e-04]
   [-1.69224568e-05 -1.84575390e-06]
   [-4.55229974e-06  1.28168967e-05]
   ...
   [ 0.00000000e+00  0.00000000e+00]
   [ 0.00000000e+00  0.00000000e+00]
   [ 0.00000000e+00  0.00000000e+00]]

  [[-5.82037101e-05 -1.80017276e-04]
   [-1.30895633e-05 -1.07581691e-05]
   [ 1.68985150e-06  1.00897314e-05]
   ...
   [ 0.00000000e+00  0.00000000e+00]
   [ 0.00000000e+00  0.00000000e+00]
   [ 0.00000000e+00  0.00000000e+00]]

  ...

  [[ 7.60964904e-05  9.01893727e-05]
   [ 2.71921672e-05 -4.12491827e-05]
   [ 2.91494052e-05 -2.57251631e-05]
   ...
   [ 0.00000000e+00  0.00000000e+00]
   [ 0.00000000e+00  0.00000000e+00]
   [ 0.00000000e+00  0.00000000e+00]]

  [[ 7.53315908e-05  1.09948982e-04]
   [ 2.52161353e-05 -2.98366831e-05]
   [ 2.27092114e-05 -2.24633532e-05]
   ...
   [ 0.00000000e+00  0.00000000e+00]
   [ 0.00000000e+00  0.00000000e+00]
   [ 0.00000000e+00  0.00000000e+00]]

  [[ 7.39880561e-05  1.28585685e-04]
   [ 2.28262088e-05 -1.89380389e-05]
   [ 1.63179684e-05 -1.92366333e-05]
   ...
   [ 0.00000000e+00  0.00000000e+00]
   [ 0.00000000e+00  0.00000000e+00]
   [ 0.00000000e+00  0.00000000e+00]]]


 [[[-5.64573274e-05 -1.34357208e-04]
   [-1.30976086e-05  1.89429920e-05]
   [-5.99584610e-06  1.68127863e-05]
   ...
   [ 0.00000000e+00  0.00000000e+00]
   [ 0.00000000e+00  0.00000000e+00]
   [ 0.00000000e+00  0.00000000e+00]]

  [[-5.34983410e-05 -1.49945467e-04]
   [-9.73124952e-06  9.73307033e-06]
   [ 1.01243280e-07  1.41231621e-05]
   ...
   [ 0.00000000e+00  0.00000000e+00]
   [ 0.00000000e+00  0.00000000e+00]
   [ 0.00000000e+00  0.00000000e+00]]

  [[-5.01940849e-05 -1.64249825e-04]
   [-6.13132215e-06  1.11030317e-06]
   [ 6.04605339e-06  1.14944160e-05]
   ...
   [ 0.00000000e+00  0.00000000e+00]
   [ 0.00000000e+00  0.00000000e+00]
   [ 0.00000000e+00  0.00000000e+00]]

  ...

  [[ 6.67518252e-05  7.73251231e-05]
   [ 1.88505819e-05 -5.06098149e-05]
   [ 2.35229691e-05 -2.62559151e-05]
   ...
   [ 0.00000000e+00  0.00000000e+00]
   [ 0.00000000e+00  0.00000000e+00]
   [ 0.00000000e+00  0.00000000e+00]]

  [[ 6.60206788e-05  9.64326755e-05]
   [ 1.69754530e-05 -3.97552503e-05]
   [ 1.72722102e-05 -2.31429476e-05]
   ...
   [ 0.00000000e+00  0.00000000e+00]
   [ 0.00000000e+00  0.00000000e+00]
   [ 0.00000000e+00  0.00000000e+00]]

  [[ 6.47544293e-05  1.14490744e-04]
   [ 1.47198243e-05 -2.93534813e-05]
   [ 1.10986120e-05 -2.00583454e-05]
   ...
   [ 0.00000000e+00  0.00000000e+00]
   [ 0.00000000e+00  0.00000000e+00]
   [ 0.00000000e+00  0.00000000e+00]]]


 [[[-4.87367688e-05 -1.18886717e-04]
   [-6.10640154e-06  3.03408469e-05]
   [-1.04372987e-06  1.82151052e-05]
   ...
   [ 0.00000000e+00  0.00000000e+00]
   [ 0.00000000e+00  0.00000000e+00]
   [ 0.00000000e+00  0.00000000e+00]]

  [[-4.59795301e-05 -1.34021102e-04]
   [-2.97662518e-06  2.15088003e-05]
   [ 4.76020932e-06  1.56290935e-05]
   ...
   [ 0.00000000e+00  0.00000000e+00]
   [ 0.00000000e+00  0.00000000e+00]
   [ 0.00000000e+00  0.00000000e+00]]

  [[-4.29061547e-05 -1.47957850e-04]
   [ 3.65111788e-07  1.31939023e-05]
   [ 1.03894954e-05  1.30910512e-05]
   ...
   [ 0.00000000e+00  0.00000000e+00]
   [ 0.00000000e+00  0.00000000e+00]
   [ 0.00000000e+00  0.00000000e+00]]

  ...

  [[ 5.79579864e-05  6.41371298e-05]
   [ 1.08226195e-05 -6.00882195e-05]
   [ 1.78043792e-05 -2.69998654e-05]
   ...
   [ 0.00000000e+00  0.00000000e+00]
   [ 0.00000000e+00  0.00000000e+00]
   [ 0.00000000e+00  0.00000000e+00]]

  [[ 5.72940990e-05  8.25383395e-05]
   [ 9.07845879e-06 -4.98198715e-05]
   [ 1.17626514e-05 -2.40342142e-05]
   ...
   [ 0.00000000e+00  0.00000000e+00]
   [ 0.00000000e+00  0.00000000e+00]
   [ 0.00000000e+00  0.00000000e+00]]

  [[ 5.61361230e-05  9.99672193e-05]
   [ 6.98613849e-06 -3.99412966e-05]
   [ 5.82622260e-06 -2.10888466e-05]
   ...
   [ 0.00000000e+00  0.00000000e+00]
   [ 0.00000000e+00  0.00000000e+00]
   [ 0.00000000e+00  0.00000000e+00]]]


 ...


 [[[ 1.02711172e-04  1.86317207e-04]
   [ 4.58379509e-05  2.20448092e-05]
   [ 2.45727333e-05 -1.45653285e-05]
   ...
   [ 0.00000000e+00  0.00000000e+00]
   [ 0.00000000e+00  0.00000000e+00]
   [ 0.00000000e+00  0.00000000e+00]]

  [[ 1.00068741e-04  2.03427175e-04]
   [ 4.23226811e-05  3.27230227e-05]
   [ 1.76684225e-05 -1.10663550e-05]
   ...
   [ 0.00000000e+00  0.00000000e+00]
   [ 0.00000000e+00  0.00000000e+00]
   [ 0.00000000e+00  0.00000000e+00]]

  [[ 9.68602326e-05  2.18973088e-04]
   [ 3.84297091e-05  4.25770813e-05]
   [ 1.08191343e-05 -7.66893027e-06]
   ...
   [ 0.00000000e+00  0.00000000e+00]
   [ 0.00000000e+00  0.00000000e+00]
   [ 0.00000000e+00  0.00000000e+00]]

  ...

  [[-1.12922113e-04 -1.20890370e-04]
   [-5.28436794e-05  1.69964987e-05]
   [-4.38318639e-05  2.76140672e-05]
   ...
   [ 0.00000000e+00  0.00000000e+00]
   [ 0.00000000e+00  0.00000000e+00]
   [ 0.00000000e+00  0.00000000e+00]]

  [[-1.13295704e-04 -1.42257049e-04]
   [-5.13785963e-05  4.02479145e-06]
   [-3.71400274e-05  2.35789666e-05]
   ...
   [ 0.00000000e+00  0.00000000e+00]
   [ 0.00000000e+00  0.00000000e+00]
   [ 0.00000000e+00  0.00000000e+00]]

  [[-1.12888141e-04 -1.62339682e-04]
   [-4.93619700e-05 -8.29214059e-06]
   [-3.04115511e-05  1.95884986e-05]
   ...
   [ 0.00000000e+00  0.00000000e+00]
   [ 0.00000000e+00  0.00000000e+00]
   [ 0.00000000e+00  0.00000000e+00]]]


 [[[ 9.20468810e-05  1.73518172e-04]
   [ 3.69283116e-05  1.20684945e-05]
   [ 1.98101388e-05 -1.48779172e-05]
   ...
   [ 0.00000000e+00  0.00000000e+00]
   [ 0.00000000e+00  0.00000000e+00]
   [ 0.00000000e+00  0.00000000e+00]]

  [[ 8.94805562e-05  1.90352628e-04]
   [ 3.35257064e-05  2.24569194e-05]
   [ 1.31126844e-05 -1.15118046e-05]
   ...
   [ 0.00000000e+00  0.00000000e+00]
   [ 0.00000000e+00  0.00000000e+00]
   [ 0.00000000e+00  0.00000000e+00]]

  [[ 8.63903624e-05  2.05691016e-04]
   [ 2.97764891e-05  3.20795625e-05]
   [ 6.49406729e-06 -8.24103063e-06]
   ...
   [ 0.00000000e+00  0.00000000e+00]
   [ 0.00000000e+00  0.00000000e+00]
   [ 0.00000000e+00  0.00000000e+00]]

  ...

  [[-1.01735495e-04 -1.09851346e-04]
   [-4.33686218e-05  2.53121361e-05]
   [-3.86199426e-05  2.72461293e-05]
   ...
   [ 0.00000000e+00  0.00000000e+00]
   [ 0.00000000e+00  0.00000000e+00]
   [ 0.00000000e+00  0.00000000e+00]]

  [[-1.02028374e-04 -1.30750836e-04]
   [-4.18947639e-05  1.27973999e-05]
   [-3.20486288e-05  2.33623159e-05]
   ...
   [ 0.00000000e+00  0.00000000e+00]
   [ 0.00000000e+00  0.00000000e+00]
   [ 0.00000000e+00  0.00000000e+00]]

  [[-1.01590042e-04 -1.50425665e-04]
   [-3.99077107e-05  8.86056228e-07]
   [-2.54685347e-05  1.95222237e-05]
   ...
   [ 0.00000000e+00  0.00000000e+00]
   [ 0.00000000e+00  0.00000000e+00]
   [ 0.00000000e+00  0.00000000e+00]]]


 [[[ 8.18196204e-05  1.60067066e-04]
   [ 2.83016216e-05  1.75824641e-06]
   [ 1.49559428e-05 -1.54082936e-05]
   ...
   [ 0.00000000e+00  0.00000000e+00]
   [ 0.00000000e+00  0.00000000e+00]
   [ 0.00000000e+00  0.00000000e+00]]

  [[ 7.93527215e-05  1.76576024e-04]
   [ 2.50376579e-05  1.18291518e-05]
   [ 8.48665695e-06 -1.21734902e-05]
   ...
   [ 0.00000000e+00  0.00000000e+00]
   [ 0.00000000e+00  0.00000000e+00]
   [ 0.00000000e+00  0.00000000e+00]]

  [[ 7.64029755e-05  1.91660889e-04]
   [ 2.14564843e-05  2.11953211e-05]
   [ 2.12002828e-06 -9.02645570e-06]
   ...
   [ 0.00000000e+00  0.00000000e+00]
   [ 0.00000000e+00  0.00000000e+00]
   [ 0.00000000e+00  0.00000000e+00]]

  ...

  [[-9.08824513e-05 -9.83212740e-05]
   [-3.40836159e-05  3.38703394e-05]
   [-3.32431591e-05  2.70834862e-05]
   ...
   [ 0.00000000e+00  0.00000000e+00]
   [ 0.00000000e+00  0.00000000e+00]
   [ 0.00000000e+00  0.00000000e+00]]

  [[-9.11187017e-05 -1.18688637e-04]
   [-3.26269073e-05  2.18506302e-05]
   [-2.68131316e-05  2.33550636e-05]
   ...
   [ 0.00000000e+00  0.00000000e+00]
   [ 0.00000000e+00  0.00000000e+00]
   [ 0.00000000e+00  0.00000000e+00]]

  [[-9.06735586e-05 -1.37895244e-04]
   [-3.06949660e-05  1.03799293e-05]
   [-2.04024927e-05  1.96678866e-05]
   ...
   [ 0.00000000e+00  0.00000000e+00]
   [ 0.00000000e+00  0.00000000e+00]
   [ 0.00000000e+00  0.00000000e+00]]]]' group='<HDF5 file "NanoKB-Pulse_11.h5" (mode r+)>'
