Got On Axis Power Density - Temporal
Got On Axis POwer Density - Spectral
Got FWHM
Got Divergence
Got Centroid
Wrote History to File
Setup Beamline
Source Scaled
propagating pulse, hold on...
Error at name='data/arrEhor' value='[[[[-1.66968297e-04 -3.77120632e-05]
   [ 2.64968639e-05 -4.69016595e-05]
   [ 1.73751614e-04 -3.72897957e-05]
   ...
   [ 0.00000000e+00  0.00000000e+00]
   [ 0.00000000e+00  0.00000000e+00]
   [ 0.00000000e+00  0.00000000e+00]]

  [[-1.72781583e-04 -5.08624180e-05]
   [ 2.54091392e-05 -5.13018895e-05]
   [ 1.79163166e-04 -3.67228240e-05]
   ...
   [ 0.00000000e+00  0.00000000e+00]
   [ 0.00000000e+00  0.00000000e+00]
   [ 0.00000000e+00  0.00000000e+00]]

  [[-1.77543043e-04 -6.34170065e-05]
   [ 2.37130735e-05 -5.56723426e-05]
   [ 1.83123120e-04 -3.69043555e-05]
   ...
   [ 0.00000000e+00  0.00000000e+00]
   [ 0.00000000e+00  0.00000000e+00]
   [ 0.00000000e+00  0.00000000e+00]]

  ...

  [[ 1.42918216e-04 -1.17308218e-05]
   [-2.41428716e-05  3.50078990e-05]
   [-1.46563951e-04  5.07414661e-05]
   ...
   [ 0.00000000e+00  0.00000000e+00]
   [ 0.00000000e+00  0.00000000e+00]
   [ 0.00000000e+00  0.00000000e+00]]

  [[ 1.52526147e-04  2.34437289e-06]
   [-2.48143479e-05  3.94209274e-05]
   [-1.56512237e-04  4.84265001e-05]
   ...
   [ 0.00000000e+00  0.00000000e+00]
   [ 0.00000000e+00  0.00000000e+00]
   [ 0.00000000e+00  0.00000000e+00]]

  [[ 1.61103031e-04  1.61004009e-05]
   [-2.48104297e-05  4.38223688e-05]
   [-1.64938654e-04  4.67624304e-05]
   ...
   [ 0.00000000e+00  0.00000000e+00]
   [ 0.00000000e+00  0.00000000e+00]
   [ 0.00000000e+00  0.00000000e+00]]]


 [[[-1.60829586e-04 -3.10782525e-05]
   [ 2.26521097e-05 -7.41102704e-05]
   [ 1.77762719e-04 -7.80114715e-05]
   ...
   [ 0.00000000e+00  0.00000000e+00]
   [ 0.00000000e+00  0.00000000e+00]
   [ 0.00000000e+00  0.00000000e+00]]

  [[-1.66385376e-04 -4.36799819e-05]
   [ 2.08585207e-05 -7.82496791e-05]
   [ 1.82132906e-04 -7.77101595e-05]
   ...
   [ 0.00000000e+00  0.00000000e+00]
   [ 0.00000000e+00  0.00000000e+00]
   [ 0.00000000e+00  0.00000000e+00]]

  [[-1.70924148e-04 -5.57249004e-05]
   [ 1.84680939e-05 -8.22261354e-05]
   [ 1.85016281e-04 -7.79565671e-05]
   ...
   [ 0.00000000e+00  0.00000000e+00]
   [ 0.00000000e+00  0.00000000e+00]
   [ 0.00000000e+00  0.00000000e+00]]

  ...

  [[ 1.37527328e-04 -1.62523484e-05]
   [-2.11135903e-05  6.20661813e-05]
   [-1.51511689e-04  8.97699938e-05]
   ...
   [ 0.00000000e+00  0.00000000e+00]
   [ 0.00000000e+00  0.00000000e+00]
   [ 0.00000000e+00  0.00000000e+00]]

  [[ 1.46744103e-04 -2.80691961e-06]
   [-2.10499129e-05  6.65907646e-05]
   [-1.60498719e-04  8.82738095e-05]
   ...
   [ 0.00000000e+00  0.00000000e+00]
   [ 0.00000000e+00  0.00000000e+00]
   [ 0.00000000e+00  0.00000000e+00]]

  [[ 1.54965266e-04  1.03472412e-05]
   [-2.03272884e-05  7.09673259e-05]
   [-1.67936276e-04  8.72264864e-05]
   ...
   [ 0.00000000e+00  0.00000000e+00]
   [ 0.00000000e+00  0.00000000e+00]
   [ 0.00000000e+00  0.00000000e+00]]]


 [[[-1.54636597e-04 -2.41135112e-05]
   [ 2.01493258e-05 -1.00993413e-04]
   [ 1.83363343e-04 -1.17915886e-04]
   ...
   [ 0.00000000e+00  0.00000000e+00]
   [ 0.00000000e+00  0.00000000e+00]
   [ 0.00000000e+00  0.00000000e+00]]

  [[-1.59947711e-04 -3.61240418e-05]
   [ 1.76569738e-05 -1.04910367e-04]
   [ 1.86720776e-04 -1.17948584e-04]
   ...
   [ 0.00000000e+00  0.00000000e+00]
   [ 0.00000000e+00  0.00000000e+00]
   [ 0.00000000e+00  0.00000000e+00]]

  [[-1.64277764e-04 -4.76194036e-05]
   [ 1.45746926e-05 -1.08532731e-04]
   [ 1.88550839e-04 -1.18330310e-04]
   ...
   [ 0.00000000e+00  0.00000000e+00]
   [ 0.00000000e+00  0.00000000e+00]
   [ 0.00000000e+00  0.00000000e+00]]

  ...

  [[ 1.32039771e-04 -2.09559857e-05]
   [-1.93969954e-05  8.87575734e-05]
   [-1.57985211e-04  1.27868247e-04]
   ...
   [ 0.00000000e+00  0.00000000e+00]
   [ 0.00000000e+00  0.00000000e+00]
   [ 0.00000000e+00  0.00000000e+00]]

  [[ 1.40872507e-04 -8.19102843e-06]
   [-1.86173384e-05  9.34285781e-05]
   [-1.66050348e-04  1.27253588e-04]
   ...
   [ 0.00000000e+00  0.00000000e+00]
   [ 0.00000000e+00  0.00000000e+00]
   [ 0.00000000e+00  0.00000000e+00]]

  [[ 1.48746840e-04  4.31220406e-06]
   [-1.71911815e-05  9.78166063e-05]
   [-1.72533953e-04  1.26887317e-04]
   ...
   [ 0.00000000e+00  0.00000000e+00]
   [ 0.00000000e+00  0.00000000e+00]
   [ 0.00000000e+00  0.00000000e+00]]]


 ...


 [[[ 1.87148093e-04  4.63530778e-05]
   [-4.74166118e-05 -3.29019385e-05]
   [-1.75282286e-04 -7.85983502e-05]
   ...
   [ 0.00000000e+00  0.00000000e+00]
   [ 0.00000000e+00  0.00000000e+00]
   [ 0.00000000e+00  0.00000000e+00]]

  [[ 1.94495064e-04  6.05256464e-05]
   [-4.81928000e-05 -2.74647628e-05]
   [-1.83953642e-04 -7.91291313e-05]
   ...
   [ 0.00000000e+00  0.00000000e+00]
   [ 0.00000000e+00  0.00000000e+00]
   [ 0.00000000e+00  0.00000000e+00]]

  [[ 2.00660012e-04  7.40617616e-05]
   [-4.82825126e-05 -2.16908156e-05]
   [-1.91182291e-04 -7.83806827e-05]
   ...
   [ 0.00000000e+00  0.00000000e+00]
   [ 0.00000000e+00  0.00000000e+00]
   [ 0.00000000e+00  0.00000000e+00]]

  ...

  [[-1.58021605e-04  7.08000425e-06]
   [ 4.30487125e-05  4.48177670e-05]
   [ 1.44132457e-04  6.23373053e-05]
   ...
   [ 0.00000000e+00  0.00000000e+00]
   [ 0.00000000e+00  0.00000000e+00]
   [ 0.00000000e+00  0.00000000e+00]]

  [[-1.69571154e-04 -8.00666839e-06]
   [ 4.57906172e-05  4.03915219e-05]
   [ 1.57330360e-04  6.60531878e-05]
   ...
   [ 0.00000000e+00  0.00000000e+00]
   [ 0.00000000e+00  0.00000000e+00]
   [ 0.00000000e+00  0.00000000e+00]]

  [[-1.79975497e-04 -2.27611727e-05]
   [ 4.77633366e-05  3.56037344e-05]
   [ 1.69000501e-04  6.85823325e-05]
   ...
   [ 0.00000000e+00  0.00000000e+00]
   [ 0.00000000e+00  0.00000000e+00]
   [ 0.00000000e+00  0.00000000e+00]]]


 [[[ 1.81157244e-04  4.10628272e-05]
   [-3.83701008e-05 -5.82765006e-06]
   [-1.72505941e-04 -3.65156593e-05]
   ...
   [ 0.00000000e+00  0.00000000e+00]
   [ 0.00000000e+00  0.00000000e+00]
   [ 0.00000000e+00  0.00000000e+00]]

  [[ 1.88202757e-04  5.48422759e-05]
   [-3.84507839e-05 -7.90854756e-07]
   [-1.80076720e-04 -3.70356283e-05]
   ...
   [ 0.00000000e+00  0.00000000e+00]
   [ 0.00000000e+00  0.00000000e+00]
   [ 0.00000000e+00  0.00000000e+00]]

  [[ 1.94098684e-04  6.80135345e-05]
   [-3.78764344e-05  4.45039632e-06]
   [-1.86195015e-04 -3.64786029e-05]
   ...
   [ 0.00000000e+00  0.00000000e+00]
   [ 0.00000000e+00  0.00000000e+00]
   [ 0.00000000e+00  0.00000000e+00]]

  ...

  [[-1.52930021e-04  1.07960059e-05]
   [ 3.48964131e-05  1.77295260e-05]
   [ 1.42519115e-04  2.15293367e-05]
   ...
   [ 0.00000000e+00  0.00000000e+00]
   [ 0.00000000e+00  0.00000000e+00]
   [ 0.00000000e+00  0.00000000e+00]]

  [[-1.64064273e-04 -3.84618988e-06]
   [ 3.68619949e-05  1.33331105e-05]
   [ 1.54635840e-04  2.46770524e-05]
   ...
   [ 0.00000000e+00  0.00000000e+00]
   [ 0.00000000e+00  0.00000000e+00]
   [ 0.00000000e+00  0.00000000e+00]]

  [[-1.74084387e-04 -1.81751402e-05]
   [ 3.80940983e-05  8.71081102e-06]
   [ 1.65221791e-04  2.68434869e-05]
   ...
   [ 0.00000000e+00  0.00000000e+00]
   [ 0.00000000e+00  0.00000000e+00]
   [ 0.00000000e+00  0.00000000e+00]]]


 [[[ 1.74966379e-04  3.54334625e-05]
   [-3.05816975e-05  2.13309922e-05]
   [-1.71315129e-04  5.31457226e-06]
   ...
   [ 0.00000000e+00  0.00000000e+00]
   [ 0.00000000e+00  0.00000000e+00]
   [ 0.00000000e+00  0.00000000e+00]]

  [[ 1.81712647e-04  4.87711950e-05]
   [-2.99660987e-05  2.60006345e-05]
   [-1.77796697e-04  4.87254692e-06]
   ...
   [ 0.00000000e+00  0.00000000e+00]
   [ 0.00000000e+00  0.00000000e+00]
   [ 0.00000000e+00  0.00000000e+00]]

  [[ 1.87343190e-04  6.15317549e-05]
   [-2.87221064e-05  3.07417613e-05]
   [-1.82810938e-04  5.30454372e-06]
   ...
   [ 0.00000000e+00  0.00000000e+00]
   [ 0.00000000e+00  0.00000000e+00]
   [ 0.00000000e+00  0.00000000e+00]]

  ...

  [[-1.47635132e-04  1.46796701e-05]
   [ 2.79785982e-05 -9.40241625e-06]
   [ 1.42450634e-04 -1.89016191e-05]
   ...
   [ 0.00000000e+00  0.00000000e+00]
   [ 0.00000000e+00  0.00000000e+00]
   [ 0.00000000e+00  0.00000000e+00]]

  [[-1.58347437e-04  5.38055644e-07]
   [ 2.91777469e-05 -1.38037512e-05]
   [ 1.53508459e-04 -1.63903005e-05]
   ...
   [ 0.00000000e+00  0.00000000e+00]
   [ 0.00000000e+00  0.00000000e+00]
   [ 0.00000000e+00  0.00000000e+00]]

  [[-1.67978869e-04 -1.33118720e-05]
   [ 2.96755770e-05 -1.82946369e-05]
   [ 1.63027216e-04 -1.46557768e-05]
   ...
   [ 0.00000000e+00  0.00000000e+00]
   [ 0.00000000e+00  0.00000000e+00]
   [ 0.00000000e+00  0.00000000e+00]]]]' group='<HDF5 file "NanoKB-Pulse_53.h5" (mode r+)>'
