Got On Axis Power Density - Temporal
Got On Axis POwer Density - Spectral
Got FWHM
Got Divergence
Got Centroid
Wrote History to File
Setup Beamline
Source Scaled
propagating pulse, hold on...
Error at name='data/arrEver' value='[[[[ 0. -0.]
   [ 0.  0.]
   [ 0.  0.]
   ...
   [ 0.  0.]
   [ 0.  0.]
   [ 0.  0.]]

  [[ 0. -0.]
   [ 0.  0.]
   [ 0.  0.]
   ...
   [ 0.  0.]
   [ 0.  0.]
   [ 0.  0.]]

  [[ 0. -0.]
   [ 0.  0.]
   [ 0.  0.]
   ...
   [ 0.  0.]
   [ 0.  0.]
   [ 0.  0.]]

  ...

  [[ 0.  0.]
   [ 0.  0.]
   [ 0.  0.]
   ...
   [ 0.  0.]
   [ 0.  0.]
   [ 0.  0.]]

  [[ 0. -0.]
   [ 0.  0.]
   [ 0.  0.]
   ...
   [ 0.  0.]
   [ 0.  0.]
   [ 0.  0.]]

  [[ 0.  0.]
   [ 0.  0.]
   [ 0.  0.]
   ...
   [ 0.  0.]
   [ 0.  0.]
   [ 0.  0.]]]


 [[[ 0. -0.]
   [ 0.  0.]
   [ 0.  0.]
   ...
   [ 0.  0.]
   [ 0.  0.]
   [ 0.  0.]]

  [[ 0. -0.]
   [ 0.  0.]
   [ 0.  0.]
   ...
   [ 0.  0.]
   [ 0.  0.]
   [ 0.  0.]]

  [[ 0. -0.]
   [ 0.  0.]
   [ 0.  0.]
   ...
   [ 0.  0.]
   [ 0.  0.]
   [ 0.  0.]]

  ...

  [[ 0. -0.]
   [ 0.  0.]
   [ 0.  0.]
   ...
   [ 0.  0.]
   [ 0.  0.]
   [ 0.  0.]]

  [[ 0.  0.]
   [ 0.  0.]
   [ 0.  0.]
   ...
   [ 0.  0.]
   [ 0.  0.]
   [ 0.  0.]]

  [[ 0. -0.]
   [ 0.  0.]
   [ 0.  0.]
   ...
   [ 0.  0.]
   [ 0.  0.]
   [ 0.  0.]]]


 [[[ 0. -0.]
   [ 0.  0.]
   [ 0.  0.]
   ...
   [ 0.  0.]
   [ 0.  0.]
   [ 0.  0.]]

  [[ 0. -0.]
   [ 0.  0.]
   [ 0.  0.]
   ...
   [ 0.  0.]
   [ 0.  0.]
   [ 0.  0.]]

  [[ 0. -0.]
   [ 0.  0.]
   [ 0.  0.]
   ...
   [ 0.  0.]
   [ 0.  0.]
   [ 0.  0.]]

  ...

  [[ 0.  0.]
   [ 0.  0.]
   [ 0.  0.]
   ...
   [ 0.  0.]
   [ 0.  0.]
   [ 0.  0.]]

  [[ 0. -0.]
   [ 0.  0.]
   [ 0.  0.]
   ...
   [ 0.  0.]
   [ 0.  0.]
   [ 0.  0.]]

  [[ 0. -0.]
   [ 0.  0.]
   [ 0.  0.]
   ...
   [ 0.  0.]
   [ 0.  0.]
   [ 0.  0.]]]


 ...


 [[[ 0.  0.]
   [ 0.  0.]
   [ 0.  0.]
   ...
   [ 0.  0.]
   [ 0.  0.]
   [ 0.  0.]]

  [[ 0. -0.]
   [ 0.  0.]
   [ 0.  0.]
   ...
   [ 0.  0.]
   [ 0.  0.]
   [ 0.  0.]]

  [[ 0.  0.]
   [ 0.  0.]
   [ 0.  0.]
   ...
   [ 0.  0.]
   [ 0.  0.]
   [ 0.  0.]]

  ...

  [[ 0.  0.]
   [ 0.  0.]
   [ 0.  0.]
   ...
   [ 0.  0.]
   [ 0.  0.]
   [ 0.  0.]]

  [[ 0. -0.]
   [ 0.  0.]
   [ 0.  0.]
   ...
   [ 0.  0.]
   [ 0.  0.]
   [ 0.  0.]]

  [[ 0.  0.]
   [ 0.  0.]
   [ 0.  0.]
   ...
   [ 0.  0.]
   [ 0.  0.]
   [ 0.  0.]]]


 [[[ 0. -0.]
   [ 0.  0.]
   [ 0.  0.]
   ...
   [ 0.  0.]
   [ 0.  0.]
   [ 0.  0.]]

  [[ 0.  0.]
   [ 0.  0.]
   [ 0.  0.]
   ...
   [ 0.  0.]
   [ 0.  0.]
   [ 0.  0.]]

  [[ 0. -0.]
   [ 0.  0.]
   [ 0.  0.]
   ...
   [ 0.  0.]
   [ 0.  0.]
   [ 0.  0.]]

  ...

  [[ 0. -0.]
   [ 0.  0.]
   [ 0.  0.]
   ...
   [ 0.  0.]
   [ 0.  0.]
   [ 0.  0.]]

  [[ 0.  0.]
   [ 0.  0.]
   [ 0.  0.]
   ...
   [ 0.  0.]
   [ 0.  0.]
   [ 0.  0.]]

  [[ 0. -0.]
   [ 0.  0.]
   [ 0.  0.]
   ...
   [ 0.  0.]
   [ 0.  0.]
   [ 0.  0.]]]


 [[[ 0.  0.]
   [ 0.  0.]
   [ 0.  0.]
   ...
   [ 0.  0.]
   [ 0.  0.]
   [ 0.  0.]]

  [[ 0. -0.]
   [ 0.  0.]
   [ 0.  0.]
   ...
   [ 0.  0.]
   [ 0.  0.]
   [ 0.  0.]]

  [[ 0. -0.]
   [ 0.  0.]
   [ 0.  0.]
   ...
   [ 0.  0.]
   [ 0.  0.]
   [ 0.  0.]]

  ...

  [[ 0.  0.]
   [ 0.  0.]
   [ 0.  0.]
   ...
   [ 0.  0.]
   [ 0.  0.]
   [ 0.  0.]]

  [[ 0. -0.]
   [ 0.  0.]
   [ 0.  0.]
   ...
   [ 0.  0.]
   [ 0.  0.]
   [ 0.  0.]]

  [[ 0.  0.]
   [ 0.  0.]
   [ 0.  0.]
   ...
   [ 0.  0.]
   [ 0.  0.]
   [ 0.  0.]]]]' group='<HDF5 file "NanoKB-Pulse_57.h5" (mode r+)>'
