Got On Axis Power Density - Temporal
Got On Axis POwer Density - Spectral
Got FWHM
Got Divergence
Got Centroid
Wrote History to File
Setup Beamline
Source Scaled
propagating pulse, hold on...
Error at name='data/arrEhor' value='[[[[ 6.51958035e-05  3.76774609e-04]
   [-1.27808686e-04  2.47886899e-04]
   [-2.43356262e-04  6.89879453e-05]
   ...
   [ 0.00000000e+00  0.00000000e+00]
   [ 0.00000000e+00  0.00000000e+00]
   [ 0.00000000e+00  0.00000000e+00]]

  [[ 6.92552858e-05  3.90017143e-04]
   [-1.30974702e-04  2.56091182e-04]
   [-2.50209996e-04  7.42830380e-05]
   ...
   [ 0.00000000e+00  0.00000000e+00]
   [ 0.00000000e+00  0.00000000e+00]
   [ 0.00000000e+00  0.00000000e+00]]

  [[ 7.31565888e-05  4.01458616e-04]
   [-1.33325550e-04  2.63130874e-04]
   [-2.55665014e-04  7.94109874e-05]
   ...
   [ 0.00000000e+00  0.00000000e+00]
   [ 0.00000000e+00  0.00000000e+00]
   [ 0.00000000e+00  0.00000000e+00]]

  ...

  [[-6.82965547e-05 -3.23807995e-04]
   [ 1.02827049e-04 -2.22140196e-04]
   [ 2.12033352e-04 -6.29539791e-05]
   ...
   [ 0.00000000e+00  0.00000000e+00]
   [ 0.00000000e+00  0.00000000e+00]
   [ 0.00000000e+00  0.00000000e+00]]

  [[-7.36638613e-05 -3.41869221e-04]
   [ 1.07725413e-04 -2.33867671e-04]
   [ 2.22616974e-04 -6.91900423e-05]
   ...
   [ 0.00000000e+00  0.00000000e+00]
   [ 0.00000000e+00  0.00000000e+00]
   [ 0.00000000e+00  0.00000000e+00]]

  [[-7.87696554e-05 -3.58328980e-04]
   [ 1.11966576e-04 -2.44490133e-04]
   [ 2.31898870e-04 -7.52046762e-05]
   ...
   [ 0.00000000e+00  0.00000000e+00]
   [ 0.00000000e+00  0.00000000e+00]
   [ 0.00000000e+00  0.00000000e+00]]]


 [[[ 5.84897425e-05  3.67149682e-04]
   [-1.33703754e-04  2.48607452e-04]
   [-2.43920920e-04  6.49552821e-05]
   ...
   [ 0.00000000e+00  0.00000000e+00]
   [ 0.00000000e+00  0.00000000e+00]
   [ 0.00000000e+00  0.00000000e+00]]

  [[ 6.21582949e-05  3.80385813e-04]
   [-1.37415453e-04  2.56551051e-04]
   [-2.50783778e-04  7.00445453e-05]
   ...
   [ 0.00000000e+00  0.00000000e+00]
   [ 0.00000000e+00  0.00000000e+00]
   [ 0.00000000e+00  0.00000000e+00]]

  [[ 6.57010314e-05  3.91852518e-04]
   [-1.40268952e-04  2.63356080e-04]
   [-2.56235711e-04  7.49773535e-05]
   ...
   [ 0.00000000e+00  0.00000000e+00]
   [ 0.00000000e+00  0.00000000e+00]
   [ 0.00000000e+00  0.00000000e+00]]

  ...

  [[-6.24813983e-05 -3.14663572e-04]
   [ 1.06766107e-04 -2.23975105e-04]
   [ 2.12666651e-04 -5.96077371e-05]
   ...
   [ 0.00000000e+00  0.00000000e+00]
   [ 0.00000000e+00  0.00000000e+00]
   [ 0.00000000e+00  0.00000000e+00]]

  [[-6.73665054e-05 -3.32651107e-04]
   [ 1.12343820e-04 -2.35407861e-04]
   [ 2.23306139e-04 -6.56186312e-05]
   ...
   [ 0.00000000e+00  0.00000000e+00]
   [ 0.00000000e+00  0.00000000e+00]
   [ 0.00000000e+00  0.00000000e+00]]

  [[-7.20200696e-05 -3.49063688e-04]
   [ 1.17225638e-04 -2.45753414e-04]
   [ 2.32631268e-04 -7.14131675e-05]
   ...
   [ 0.00000000e+00  0.00000000e+00]
   [ 0.00000000e+00  0.00000000e+00]
   [ 0.00000000e+00  0.00000000e+00]]]


 [[[ 5.24028655e-05  3.56513890e-04]
   [-1.39076976e-04  2.48764642e-04]
   [-2.43801929e-04  6.09149720e-05]
   ...
   [ 0.00000000e+00  0.00000000e+00]
   [ 0.00000000e+00  0.00000000e+00]
   [ 0.00000000e+00  0.00000000e+00]]

  [[ 5.56744635e-05  3.69685353e-04]
   [-1.43315629e-04  2.56401836e-04]
   [-2.50642654e-04  6.57859346e-05]
   ...
   [ 0.00000000e+00  0.00000000e+00]
   [ 0.00000000e+00  0.00000000e+00]
   [ 0.00000000e+00  0.00000000e+00]]

  [[ 5.88500807e-05  3.81124002e-04]
   [-1.46657403e-04  2.62929709e-04]
   [-2.56064115e-04  7.05106577e-05]
   ...
   [ 0.00000000e+00  0.00000000e+00]
   [ 0.00000000e+00  0.00000000e+00]
   [ 0.00000000e+00  0.00000000e+00]]

  ...

  [[-5.72473291e-05 -3.04681424e-04]
   [ 1.10282250e-04 -2.25379190e-04]
   [ 2.12729050e-04 -5.62641326e-05]
   ...
   [ 0.00000000e+00  0.00000000e+00]
   [ 0.00000000e+00  0.00000000e+00]
   [ 0.00000000e+00  0.00000000e+00]]

  [[-6.16483158e-05 -3.22522217e-04]
   [ 1.16512339e-04 -2.36461623e-04]
   [ 2.23383468e-04 -6.20347637e-05]
   ...
   [ 0.00000000e+00  0.00000000e+00]
   [ 0.00000000e+00  0.00000000e+00]
   [ 0.00000000e+00  0.00000000e+00]]

  [[-6.58454446e-05 -3.38821177e-04]
   [ 1.22011152e-04 -2.46477663e-04]
   [ 2.32714287e-04 -6.75945194e-05]
   ...
   [ 0.00000000e+00  0.00000000e+00]
   [ 0.00000000e+00  0.00000000e+00]
   [ 0.00000000e+00  0.00000000e+00]]]


 ...


 [[[-1.07821659e-04 -3.94306699e-04]
   [ 9.54556235e-05 -2.47177115e-04]
   [ 2.33397848e-04 -9.21020692e-05]
   ...
   [ 0.00000000e+00  0.00000000e+00]
   [ 0.00000000e+00  0.00000000e+00]
   [ 0.00000000e+00  0.00000000e+00]]

  [[-1.13621631e-04 -4.06952779e-04]
   [ 9.64821666e-05 -2.55940919e-04]
   [ 2.39750705e-04 -9.82399724e-05]
   ...
   [ 0.00000000e+00  0.00000000e+00]
   [ 0.00000000e+00  0.00000000e+00]
   [ 0.00000000e+00  0.00000000e+00]]

  [[-1.19063108e-04 -4.17751493e-04]
   [ 9.69044777e-05 -2.63451540e-04]
   [ 2.44773517e-04 -1.04116480e-04]
   ...
   [ 0.00000000e+00  0.00000000e+00]
   [ 0.00000000e+00  0.00000000e+00]
   [ 0.00000000e+00  0.00000000e+00]]

  ...

  [[ 1.05475665e-04  3.41024075e-04]
   [-7.82224161e-05  2.18058689e-04]
   [-2.02966636e-04  8.26296382e-05]
   ...
   [ 0.00000000e+00  0.00000000e+00]
   [ 0.00000000e+00  0.00000000e+00]
   [ 0.00000000e+00  0.00000000e+00]]

  [[ 1.13110829e-04  3.58519203e-04]
   [-8.03602888e-05  2.30443271e-04]
   [-2.12804138e-04  8.99209190e-05]
   ...
   [ 0.00000000e+00  0.00000000e+00]
   [ 0.00000000e+00  0.00000000e+00]
   [ 0.00000000e+00  0.00000000e+00]]

  [[ 1.20304758e-04  3.74379422e-04]
   [-8.20313653e-05  2.41664064e-04]
   [-2.21409398e-04  9.69182074e-05]
   ...
   [ 0.00000000e+00  0.00000000e+00]
   [ 0.00000000e+00  0.00000000e+00]
   [ 0.00000000e+00  0.00000000e+00]]]


 [[[-9.94232760e-05 -3.88380897e-04]
   [ 1.02508202e-04 -2.50053126e-04]
   [ 2.36159656e-04 -8.85025001e-05]
   ...
   [ 0.00000000e+00  0.00000000e+00]
   [ 0.00000000e+00  0.00000000e+00]
   [ 0.00000000e+00  0.00000000e+00]]

  [[-1.04875209e-04 -4.01210069e-04]
   [ 1.04121580e-04 -2.58726475e-04]
   [ 2.42618597e-04 -9.44865242e-05]
   ...
   [ 0.00000000e+00  0.00000000e+00]
   [ 0.00000000e+00  0.00000000e+00]
   [ 0.00000000e+00  0.00000000e+00]]

  [[-1.10007109e-04 -4.12205118e-04]
   [ 1.05076360e-04 -2.66159506e-04]
   [ 2.47724296e-04 -1.00216894e-04]
   ...
   [ 0.00000000e+00  0.00000000e+00]
   [ 0.00000000e+00  0.00000000e+00]
   [ 0.00000000e+00  0.00000000e+00]]

  ...

  [[ 9.80281839e-05  3.34991521e-04]
   [-8.30535064e-05  2.21512601e-04]
   [-2.05432138e-04  7.96385648e-05]
   ...
   [ 0.00000000e+00  0.00000000e+00]
   [ 0.00000000e+00  0.00000000e+00]
   [ 0.00000000e+00  0.00000000e+00]]

  [[ 1.05217587e-04  3.52651579e-04]
   [-8.59329593e-05  2.33812447e-04]
   [-2.15449734e-04  8.67700364e-05]
   ...
   [ 0.00000000e+00  0.00000000e+00]
   [ 0.00000000e+00  0.00000000e+00]
   [ 0.00000000e+00  0.00000000e+00]]

  [[ 1.12000474e-04  3.68687004e-04]
   [-8.82979148e-05  2.44954193e-04]
   [-2.24212577e-04  9.36095530e-05]
   ...
   [ 0.00000000e+00  0.00000000e+00]
   [ 0.00000000e+00  0.00000000e+00]
   [ 0.00000000e+00  0.00000000e+00]]]


 [[[-9.13258409e-05 -3.81308229e-04]
   [ 1.09224573e-04 -2.52282218e-04]
   [ 2.38264445e-04 -8.47065676e-05]
   ...
   [ 0.00000000e+00  0.00000000e+00]
   [ 0.00000000e+00  0.00000000e+00]
   [ 0.00000000e+00  0.00000000e+00]]

  [[-9.64118954e-05 -3.94264731e-04]
   [ 1.11418762e-04 -2.60816421e-04]
   [ 2.44801573e-04 -9.05176348e-05]
   ...
   [ 0.00000000e+00  0.00000000e+00]
   [ 0.00000000e+00  0.00000000e+00]
   [ 0.00000000e+00  0.00000000e+00]]

  [[-1.01215264e-04 -4.05405823e-04]
   [ 1.12903232e-04 -2.68127566e-04]
   [ 2.49965495e-04 -9.60839097e-05]
   ...
   [ 0.00000000e+00  0.00000000e+00]
   [ 0.00000000e+00  0.00000000e+00]
   [ 0.00000000e+00  0.00000000e+00]]

  ...

  [[ 9.08811271e-05  3.27995658e-04]
   [-8.76065969e-05  2.24471965e-04]
   [-2.07350415e-04  7.64856231e-05]
   ...
   [ 0.00000000e+00  0.00000000e+00]
   [ 0.00000000e+00  0.00000000e+00]
   [ 0.00000000e+00  0.00000000e+00]]

  [[ 9.76070587e-05  3.45749082e-04]
   [-9.12164833e-05  2.36627122e-04]
   [-2.17511304e-04  8.34338280e-05]
   ...
   [ 0.00000000e+00  0.00000000e+00]
   [ 0.00000000e+00  0.00000000e+00]
   [ 0.00000000e+00  0.00000000e+00]]

  [[ 1.03959908e-04  3.61894839e-04]
   [-9.42664919e-05  2.47633550e-04]
   [-2.26398799e-04  9.00932573e-05]
   ...
   [ 0.00000000e+00  0.00000000e+00]
   [ 0.00000000e+00  0.00000000e+00]
   [ 0.00000000e+00  0.00000000e+00]]]]' group='<HDF5 file "NanoKB-Pulse_54.h5" (mode r+)>'
