Got On Axis Power Density - Temporal
Got On Axis POwer Density - Spectral
Got FWHM
Got Divergence
Got Centroid
Wrote History to File
Setup Beamline
Source Scaled
propagating pulse, hold on...
Error at name='data/arrEhor' value='[[[[-4.76686371e-04  9.50642279e-05]
   [-5.14901651e-04 -2.42108639e-04]
   [-3.01619089e-04 -3.67937610e-04]
   ...
   [ 0.00000000e+00  0.00000000e+00]
   [ 0.00000000e+00  0.00000000e+00]
   [ 0.00000000e+00  0.00000000e+00]]

  [[-4.90597391e-04  9.53227282e-05]
   [-5.31338854e-04 -2.47871882e-04]
   [-3.14606732e-04 -3.80122918e-04]
   ...
   [ 0.00000000e+00  0.00000000e+00]
   [ 0.00000000e+00  0.00000000e+00]
   [ 0.00000000e+00  0.00000000e+00]]

  [[-5.01526345e-04  9.46981818e-05]
   [-5.44982264e-04 -2.52581900e-04]
   [-3.25793342e-04 -3.90309142e-04]
   ...
   [ 0.00000000e+00  0.00000000e+00]
   [ 0.00000000e+00  0.00000000e+00]
   [ 0.00000000e+00  0.00000000e+00]]

  ...

  [[ 4.12697322e-04 -1.09077511e-04]
   [ 4.59969102e-04  1.96551366e-04]
   [ 2.68154952e-04  3.07449605e-04]
   ...
   [ 0.00000000e+00  0.00000000e+00]
   [ 0.00000000e+00  0.00000000e+00]
   [ 0.00000000e+00  0.00000000e+00]]

  [[ 4.35033144e-04 -1.13376096e-04]
   [ 4.84806253e-04  2.03951349e-04]
   [ 2.87172967e-04  3.24331224e-04]
   ...
   [ 0.00000000e+00  0.00000000e+00]
   [ 0.00000000e+00  0.00000000e+00]
   [ 0.00000000e+00  0.00000000e+00]]

  [[ 4.54642170e-04 -1.16453826e-04]
   [ 5.06967306e-04  2.10657017e-04]
   [ 3.04348185e-04  3.39533231e-04]
   ...
   [ 0.00000000e+00  0.00000000e+00]
   [ 0.00000000e+00  0.00000000e+00]
   [ 0.00000000e+00  0.00000000e+00]]]


 [[[-4.42087039e-04  9.24569395e-05]
   [-4.84854041e-04 -2.34979612e-04]
   [-2.81308632e-04 -3.47183319e-04]
   ...
   [ 0.00000000e+00  0.00000000e+00]
   [ 0.00000000e+00  0.00000000e+00]
   [ 0.00000000e+00  0.00000000e+00]]

  [[-4.55888890e-04  9.18305159e-05]
   [-5.00795490e-04 -2.41731381e-04]
   [-2.93270568e-04 -3.59907746e-04]
   ...
   [ 0.00000000e+00  0.00000000e+00]
   [ 0.00000000e+00  0.00000000e+00]
   [ 0.00000000e+00  0.00000000e+00]]

  [[-4.66870784e-04  9.03232067e-05]
   [-5.14073123e-04 -2.47455289e-04]
   [-3.03515582e-04 -3.70717753e-04]
   ...
   [ 0.00000000e+00  0.00000000e+00]
   [ 0.00000000e+00  0.00000000e+00]
   [ 0.00000000e+00  0.00000000e+00]]

  ...

  [[ 3.79452802e-04 -1.07465130e-04]
   [ 4.31691355e-04  1.88043603e-04]
   [ 2.50298152e-04  2.86464201e-04]
   ...
   [ 0.00000000e+00  0.00000000e+00]
   [ 0.00000000e+00  0.00000000e+00]
   [ 0.00000000e+00  0.00000000e+00]]

  [[ 4.01230878e-04 -1.10858855e-04]
   [ 4.55706439e-04  1.96377456e-04]
   [ 2.68078322e-04  3.03685491e-04]
   ...
   [ 0.00000000e+00  0.00000000e+00]
   [ 0.00000000e+00  0.00000000e+00]
   [ 0.00000000e+00  0.00000000e+00]]

  [[ 4.20444761e-04 -1.13038914e-04]
   [ 4.77169699e-04  2.04041527e-04]
   [ 2.84095062e-04  3.19309183e-04]
   ...
   [ 0.00000000e+00  0.00000000e+00]
   [ 0.00000000e+00  0.00000000e+00]
   [ 0.00000000e+00  0.00000000e+00]]]


 [[[-4.07022570e-04  9.14514312e-05]
   [-4.54773253e-04 -2.25949378e-04]
   [-2.61858600e-04 -3.25013854e-04]
   ...
   [ 0.00000000e+00  0.00000000e+00]
   [ 0.00000000e+00  0.00000000e+00]
   [ 0.00000000e+00  0.00000000e+00]]

  [[-4.20619879e-04  8.99743609e-05]
   [-4.70130006e-04 -2.33619139e-04]
   [-2.72751029e-04 -3.38176731e-04]
   ...
   [ 0.00000000e+00  0.00000000e+00]
   [ 0.00000000e+00  0.00000000e+00]
   [ 0.00000000e+00  0.00000000e+00]]

  [[-4.31565364e-04  8.76124832e-05]
   [-4.82954085e-04 -2.40294117e-04]
   [-2.82009831e-04 -3.49515438e-04]
   ...
   [ 0.00000000e+00  0.00000000e+00]
   [ 0.00000000e+00  0.00000000e+00]
   [ 0.00000000e+00  0.00000000e+00]]

  ...

  [[ 3.45977140e-04 -1.07312604e-04]
   [ 4.03582089e-04  1.77880560e-04]
   [ 2.33365659e-04  2.64357688e-04]
   ...
   [ 0.00000000e+00  0.00000000e+00]
   [ 0.00000000e+00  0.00000000e+00]
   [ 0.00000000e+00  0.00000000e+00]]

  [[ 3.67088214e-04 -1.09844790e-04]
   [ 4.26674611e-04  1.87060112e-04]
   [ 2.49864708e-04  2.81799730e-04]
   ...
   [ 0.00000000e+00  0.00000000e+00]
   [ 0.00000000e+00  0.00000000e+00]
   [ 0.00000000e+00  0.00000000e+00]]

  [[ 3.85803025e-04 -1.11167028e-04]
   [ 4.47341648e-04  1.95602493e-04]
   [ 2.64677947e-04  2.97733844e-04]
   ...
   [ 0.00000000e+00  0.00000000e+00]
   [ 0.00000000e+00  0.00000000e+00]
   [ 0.00000000e+00  0.00000000e+00]]]


 ...


 [[[ 5.69934957e-04 -1.39997093e-04]
   [ 6.14492223e-04  2.22351679e-04]
   [ 3.86030908e-04  4.02222475e-04]
   ...
   [ 0.00000000e+00  0.00000000e+00]
   [ 0.00000000e+00  0.00000000e+00]
   [ 0.00000000e+00  0.00000000e+00]]

  [[ 5.83441521e-04 -1.43738318e-04]
   [ 6.31945441e-04  2.23935247e-04]
   [ 4.02238860e-04  4.11448418e-04]
   ...
   [ 0.00000000e+00  0.00000000e+00]
   [ 0.00000000e+00  0.00000000e+00]
   [ 0.00000000e+00  0.00000000e+00]]

  [[ 5.93558245e-04 -1.46391540e-04]
   [ 6.46193046e-04  2.24592441e-04]
   [ 4.16283496e-04  4.18575306e-04]
   ...
   [ 0.00000000e+00  0.00000000e+00]
   [ 0.00000000e+00  0.00000000e+00]
   [ 0.00000000e+00  0.00000000e+00]]

  ...

  [[-5.02935669e-04  1.46963197e-04]
   [-5.53670106e-04 -1.85236815e-04]
   [-3.42981162e-04 -3.46184737e-04]
   ...
   [ 0.00000000e+00  0.00000000e+00]
   [ 0.00000000e+00  0.00000000e+00]
   [ 0.00000000e+00  0.00000000e+00]]

  [[-5.25896263e-04  1.55323185e-04]
   [-5.80498890e-04 -1.88066711e-04]
   [-3.66079883e-04 -3.60265229e-04]
   ...
   [ 0.00000000e+00  0.00000000e+00]
   [ 0.00000000e+00  0.00000000e+00]
   [ 0.00000000e+00  0.00000000e+00]]

  [[-5.45735413e-04  1.62261582e-04]
   [-6.04265602e-04 -1.90314822e-04]
   [-3.87007225e-04 -3.72562616e-04]
   ...
   [ 0.00000000e+00  0.00000000e+00]
   [ 0.00000000e+00  0.00000000e+00]
   [ 0.00000000e+00  0.00000000e+00]]]


 [[[ 5.38039953e-04 -1.31467998e-04]
   [ 5.85531292e-04  2.22149290e-04]
   [ 3.63259343e-04  3.87130392e-04]
   ...
   [ 0.00000000e+00  0.00000000e+00]
   [ 0.00000000e+00  0.00000000e+00]
   [ 0.00000000e+00  0.00000000e+00]]

  [[ 5.51766425e-04 -1.34260059e-04]
   [ 6.02830667e-04  2.24908377e-04]
   [ 3.78643221e-04  3.97217838e-04]
   ...
   [ 0.00000000e+00  0.00000000e+00]
   [ 0.00000000e+00  0.00000000e+00]
   [ 0.00000000e+00  0.00000000e+00]]

  [[ 5.62248111e-04 -1.35987924e-04]
   [ 6.17041311e-04  2.26738208e-04]
   [ 3.91951879e-04  4.05262748e-04]
   ...
   [ 0.00000000e+00  0.00000000e+00]
   [ 0.00000000e+00  0.00000000e+00]
   [ 0.00000000e+00  0.00000000e+00]]

  ...

  [[-4.71580890e-04  1.39832482e-04]
   [-5.25711745e-04 -1.82927484e-04]
   [-3.22324049e-04 -3.29900358e-04]
   ...
   [ 0.00000000e+00  0.00000000e+00]
   [ 0.00000000e+00  0.00000000e+00]
   [ 0.00000000e+00  0.00000000e+00]]

  [[-4.94367443e-04  1.47181228e-04]
   [-5.52099664e-04 -1.86939054e-04]
   [-3.44389933e-04 -3.44705186e-04]
   ...
   [ 0.00000000e+00  0.00000000e+00]
   [ 0.00000000e+00  0.00000000e+00]
   [ 0.00000000e+00  0.00000000e+00]]

  [[-5.14179294e-04  1.53133995e-04]
   [-5.75540180e-04 -1.90369508e-04]
   [-3.64367035e-04 -3.57785844e-04]
   ...
   [ 0.00000000e+00  0.00000000e+00]
   [ 0.00000000e+00  0.00000000e+00]
   [ 0.00000000e+00  0.00000000e+00]]]


 [[[ 5.05161239e-04 -1.24218830e-04]
   [ 5.55916457e-04  2.20212867e-04]
   [ 3.40803410e-04  3.70459689e-04]
   ...
   [ 0.00000000e+00  0.00000000e+00]
   [ 0.00000000e+00  0.00000000e+00]
   [ 0.00000000e+00  0.00000000e+00]]

  [[ 5.19012974e-04 -1.26076295e-04]
   [ 5.72962454e-04  2.24099538e-04]
   [ 3.55298369e-04  3.81322752e-04]
   ...
   [ 0.00000000e+00  0.00000000e+00]
   [ 0.00000000e+00  0.00000000e+00]
   [ 0.00000000e+00  0.00000000e+00]]

  [[ 5.29771845e-04 -1.26888786e-04]
   [ 5.87042305e-04  2.27061435e-04]
   [ 3.67808680e-04  3.90207570e-04]
   ...
   [ 0.00000000e+00  0.00000000e+00]
   [ 0.00000000e+00  0.00000000e+00]
   [ 0.00000000e+00  0.00000000e+00]]

  ...

  [[-4.39504453e-04  1.33882961e-04]
   [-4.97345463e-04 -1.79083625e-04]
   [-3.02109693e-04 -3.12313030e-04]
   ...
   [ 0.00000000e+00  0.00000000e+00]
   [ 0.00000000e+00  0.00000000e+00]
   [ 0.00000000e+00  0.00000000e+00]]

  [[-4.62002790e-04  1.40239572e-04]
   [-5.23176626e-04 -1.84215445e-04]
   [-3.23072396e-04 -3.27738235e-04]
   ...
   [ 0.00000000e+00  0.00000000e+00]
   [ 0.00000000e+00  0.00000000e+00]
   [ 0.00000000e+00  0.00000000e+00]]

  [[-4.81679745e-04  1.45223399e-04]
   [-5.46180294e-04 -1.88772930e-04]
   [-3.42030689e-04 -3.41505918e-04]
   ...
   [ 0.00000000e+00  0.00000000e+00]
   [ 0.00000000e+00  0.00000000e+00]
   [ 0.00000000e+00  0.00000000e+00]]]]' group='<HDF5 file "NanoKB-Pulse_10.h5" (mode r+)>'
