Got On Axis Power Density - Temporal
Got On Axis POwer Density - Spectral
Got FWHM
Got Divergence
Got Centroid
Wrote History to File
Setup Beamline
Source Scaled
propagating pulse, hold on...
Error at name='data/arrEhor' value='[[[[-3.54928961e-05  2.35636966e-04]
   [-9.97103707e-05  1.16289812e-04]
   [-1.25884862e-05 -3.25645397e-06]
   ...
   [ 0.00000000e+00  0.00000000e+00]
   [ 0.00000000e+00  0.00000000e+00]
   [ 0.00000000e+00  0.00000000e+00]]

  [[-3.89818233e-05  2.43426606e-04]
   [-1.04371858e-04  1.16735209e-04]
   [-1.17183044e-05 -9.87072417e-06]
   ...
   [ 0.00000000e+00  0.00000000e+00]
   [ 0.00000000e+00  0.00000000e+00]
   [ 0.00000000e+00  0.00000000e+00]]

  [[-4.15836257e-05  2.49255070e-04]
   [-1.07603315e-04  1.16559379e-04]
   [-1.06195184e-05 -1.58017083e-05]
   ...
   [ 0.00000000e+00  0.00000000e+00]
   [ 0.00000000e+00  0.00000000e+00]
   [ 0.00000000e+00  0.00000000e+00]]

  ...

  [[ 1.00089910e-05 -2.01147603e-04]
   [ 7.17103103e-05 -1.14722650e-04]
   [ 1.25745510e-05 -2.10272628e-05]
   ...
   [ 0.00000000e+00  0.00000000e+00]
   [ 0.00000000e+00  0.00000000e+00]
   [ 0.00000000e+00  0.00000000e+00]]

  [[ 1.53102610e-05 -2.15147476e-04]
   [ 8.04862575e-05 -1.17603908e-04]
   [ 1.29467089e-05 -1.24554372e-05]
   ...
   [ 0.00000000e+00  0.00000000e+00]
   [ 0.00000000e+00  0.00000000e+00]
   [ 0.00000000e+00  0.00000000e+00]]

  [[ 1.99481965e-05 -2.27132463e-04]
   [ 8.79002328e-05 -1.19706070e-04]
   [ 1.29920563e-05 -4.50865991e-06]
   ...
   [ 0.00000000e+00  0.00000000e+00]
   [ 0.00000000e+00  0.00000000e+00]
   [ 0.00000000e+00  0.00000000e+00]]]


 [[[-1.08307659e-05  2.41664777e-04]
   [-8.43490416e-05  1.43708385e-04]
   [-2.42969309e-05  2.78540792e-05]
   ...
   [ 0.00000000e+00  0.00000000e+00]
   [ 0.00000000e+00  0.00000000e+00]
   [ 0.00000000e+00  0.00000000e+00]]

  [[-1.38873838e-05  2.49015662e-04]
   [-8.83139364e-05  1.44242498e-04]
   [-2.30776877e-05  2.20111197e-05]
   ...
   [ 0.00000000e+00  0.00000000e+00]
   [ 0.00000000e+00  0.00000000e+00]
   [ 0.00000000e+00  0.00000000e+00]]

  [[-1.61981952e-05  2.54370651e-04]
   [-9.09345254e-05  1.44011050e-04]
   [-2.15733799e-05  1.66975660e-05]
   ...
   [ 0.00000000e+00  0.00000000e+00]
   [ 0.00000000e+00  0.00000000e+00]
   [ 0.00000000e+00  0.00000000e+00]]

  ...

  [[-1.28417696e-05 -2.07161545e-04]
   [ 5.76452112e-05 -1.40358141e-04]
   [ 2.35899261e-05 -4.95395798e-05]
   ...
   [ 0.00000000e+00  0.00000000e+00]
   [ 0.00000000e+00  0.00000000e+00]
   [ 0.00000000e+00  0.00000000e+00]]

  [[-8.37398966e-06 -2.20784001e-04]
   [ 6.54497198e-05 -1.43706289e-04]
   [ 2.37210916e-05 -4.21684235e-05]
   ...
   [ 0.00000000e+00  0.00000000e+00]
   [ 0.00000000e+00  0.00000000e+00]
   [ 0.00000000e+00  0.00000000e+00]]

  [[-4.42947021e-06 -2.32367573e-04]
   [ 7.19862146e-05 -1.46141872e-04]
   [ 2.34808049e-05 -3.52740244e-05]
   ...
   [ 0.00000000e+00  0.00000000e+00]
   [ 0.00000000e+00  0.00000000e+00]
   [ 0.00000000e+00  0.00000000e+00]]]


 [[[ 1.34667544e-05  2.48291501e-04]
   [-7.01496392e-05  1.71316657e-04]
   [-3.72926115e-05  5.80858396e-05]
   ...
   [ 0.00000000e+00  0.00000000e+00]
   [ 0.00000000e+00  0.00000000e+00]
   [ 0.00000000e+00  0.00000000e+00]]

  [[ 1.08785198e-05  2.55219667e-04]
   [-7.34182613e-05  1.71987820e-04]
   [-3.57810532e-05  5.30498255e-05]
   ...
   [ 0.00000000e+00  0.00000000e+00]
   [ 0.00000000e+00  0.00000000e+00]
   [ 0.00000000e+00  0.00000000e+00]]

  [[ 8.89541207e-06  2.60117202e-04]
   [-7.54249413e-05  1.71747844e-04]
   [-3.39220969e-05  4.83919684e-05]
   ...
   [ 0.00000000e+00  0.00000000e+00]
   [ 0.00000000e+00  0.00000000e+00]
   [ 0.00000000e+00  0.00000000e+00]]

  ...

  [[-3.52466523e-05 -2.13745254e-04]
   [ 4.47198909e-05 -1.66093363e-04]
   [ 3.57388599e-05 -7.71381383e-05]
   ...
   [ 0.00000000e+00  0.00000000e+00]
   [ 0.00000000e+00  0.00000000e+00]
   [ 0.00000000e+00  0.00000000e+00]]

  [[-3.16499027e-05 -2.27006210e-04]
   [ 5.15601496e-05 -1.69958235e-04]
   [ 3.56998316e-05 -7.09995729e-05]
   ...
   [ 0.00000000e+00  0.00000000e+00]
   [ 0.00000000e+00  0.00000000e+00]
   [ 0.00000000e+00  0.00000000e+00]]

  [[-2.84350153e-05 -2.38204273e-04]
   [ 5.72222270e-05 -1.72776476e-04]
   [ 3.52397728e-05 -6.51912633e-05]
   ...
   [ 0.00000000e+00  0.00000000e+00]
   [ 0.00000000e+00  0.00000000e+00]
   [ 0.00000000e+00  0.00000000e+00]]]


 ...


 [[[ 9.98033356e-05 -2.26413904e-04]
   [ 1.49906060e-04 -4.39082687e-05]
   [-9.35343269e-06  1.00283803e-04]
   ...
   [ 0.00000000e+00  0.00000000e+00]
   [ 0.00000000e+00  0.00000000e+00]
   [ 0.00000000e+00  0.00000000e+00]]

  [[ 1.03901737e-04 -2.35809217e-04]
   [ 1.56593422e-04 -4.47038801e-05]
   [-8.44058104e-06  1.08914348e-04]
   ...
   [ 0.00000000e+00  0.00000000e+00]
   [ 0.00000000e+00  0.00000000e+00]
   [ 0.00000000e+00  0.00000000e+00]]

  [[ 1.06788502e-04 -2.43278962e-04]
   [ 1.61592339e-04 -4.52167951e-05]
   [-7.67659822e-06  1.16404990e-04]
   ...
   [ 0.00000000e+00  0.00000000e+00]
   [ 0.00000000e+00  0.00000000e+00]
   [ 0.00000000e+00  0.00000000e+00]]

  ...

  [[-7.11623288e-05  1.90357896e-04]
   [-1.17835785e-04  4.55016561e-05]
   [ 9.76892261e-06 -6.85844570e-05]
   ...
   [ 0.00000000e+00  0.00000000e+00]
   [ 0.00000000e+00  0.00000000e+00]
   [ 0.00000000e+00  0.00000000e+00]]

  [[-7.79643015e-05  2.05919307e-04]
   [-1.29413427e-04  4.78674810e-05]
   [ 7.70270253e-06 -8.04055890e-05]
   ...
   [ 0.00000000e+00  0.00000000e+00]
   [ 0.00000000e+00  0.00000000e+00]
   [ 0.00000000e+00  0.00000000e+00]]

  [[-8.37806438e-05  2.19482725e-04]
   [-1.39358031e-04  4.97655783e-05]
   [ 5.91327262e-06 -9.11642128e-05]
   ...
   [ 0.00000000e+00  0.00000000e+00]
   [ 0.00000000e+00  0.00000000e+00]
   [ 0.00000000e+00  0.00000000e+00]]]


 [[[ 7.43676064e-05 -2.29354482e-04]
   [ 1.30198721e-04 -6.92279937e-05]
   [-3.32481909e-06  6.70489389e-05]
   ...
   [ 0.00000000e+00  0.00000000e+00]
   [ 0.00000000e+00  0.00000000e+00]
   [ 0.00000000e+00  0.00000000e+00]]

  [[ 7.81727940e-05 -2.38260036e-04]
   [ 1.36207760e-04 -6.99362354e-05]
   [-2.94937104e-06  7.50593535e-05]
   ...
   [ 0.00000000e+00  0.00000000e+00]
   [ 0.00000000e+00  0.00000000e+00]
   [ 0.00000000e+00  0.00000000e+00]]

  [[ 8.09055564e-05 -2.45215284e-04]
   [ 1.40628006e-04 -7.02273755e-05]
   [-2.75501043e-06  8.20880741e-05]
   ...
   [ 0.00000000e+00  0.00000000e+00]
   [ 0.00000000e+00  0.00000000e+00]
   [ 0.00000000e+00  0.00000000e+00]]

  ...

  [[-4.72608335e-05  1.93434025e-04]
   [-9.95302034e-05  6.94058399e-05]
   [ 3.85824433e-06 -3.77776778e-05]
   ...
   [ 0.00000000e+00  0.00000000e+00]
   [ 0.00000000e+00  0.00000000e+00]
   [ 0.00000000e+00  0.00000000e+00]]

  [[-5.33732418e-05  2.08548357e-04]
   [-1.10125256e-04  7.20361568e-05]
   [ 2.28084627e-06 -4.85456840e-05]
   ...
   [ 0.00000000e+00  0.00000000e+00]
   [ 0.00000000e+00  0.00000000e+00]
   [ 0.00000000e+00  0.00000000e+00]]

  [[-5.86398201e-05  2.21649272e-04]
   [-1.19193021e-04  7.40738033e-05]
   [ 1.00276236e-06 -5.84032096e-05]
   ...
   [ 0.00000000e+00  0.00000000e+00]
   [ 0.00000000e+00  0.00000000e+00]
   [ 0.00000000e+00  0.00000000e+00]]]


 [[[ 4.90319217e-05 -2.32912906e-04]
   [ 1.11429617e-04 -9.50721151e-05]
   [ 4.11542851e-06  3.42052263e-05]
   ...
   [ 0.00000000e+00  0.00000000e+00]
   [ 0.00000000e+00  0.00000000e+00]
   [ 0.00000000e+00  0.00000000e+00]]

  [[ 5.25049654e-05 -2.41336660e-04]
   [ 1.16750627e-04 -9.57396478e-05]
   [ 4.00112458e-06  4.15481991e-05]
   ...
   [ 0.00000000e+00  0.00000000e+00]
   [ 0.00000000e+00  0.00000000e+00]
   [ 0.00000000e+00  0.00000000e+00]]

  [[ 5.50463592e-05 -2.47784366e-04]
   [ 1.20580284e-04 -9.58533856e-05]
   [ 3.66810696e-06  4.80671915e-05]
   ...
   [ 0.00000000e+00  0.00000000e+00]
   [ 0.00000000e+00  0.00000000e+00]
   [ 0.00000000e+00  0.00000000e+00]]

  ...

  [[-2.35539028e-05  1.97112604e-04]
   [-8.21618305e-05  9.37311561e-05]
   [-3.31733031e-06 -7.44298904e-06]
   ...
   [ 0.00000000e+00  0.00000000e+00]
   [ 0.00000000e+00  0.00000000e+00]
   [ 0.00000000e+00  0.00000000e+00]]

  [[-2.89344225e-05  2.11786697e-04]
   [-9.17672878e-05  9.66771768e-05]
   [-4.46501053e-06 -1.71056290e-05]
   ...
   [ 0.00000000e+00  0.00000000e+00]
   [ 0.00000000e+00  0.00000000e+00]
   [ 0.00000000e+00  0.00000000e+00]]

  [[-3.36094927e-05  2.24431700e-04]
   [-9.99494878e-05  9.89045875e-05]
   [-5.28752753e-06 -2.60119577e-05]
   ...
   [ 0.00000000e+00  0.00000000e+00]
   [ 0.00000000e+00  0.00000000e+00]
   [ 0.00000000e+00  0.00000000e+00]]]]' group='<HDF5 file "NanoKB-Pulse_60.h5" (mode r+)>'
