Got On Axis Power Density - Temporal
Got On Axis POwer Density - Spectral
Got FWHM
Got Divergence
Got Centroid
Wrote History to File
Setup Beamline
Source Scaled
propagating pulse, hold on...
Error at name='data/arrEhor' value='[[[[ 2.08156016e-05  4.11243564e-05]
   [ 3.58524012e-05  1.38552903e-04]
   [ 9.62446429e-05  1.09395500e-04]
   ...
   [ 0.00000000e+00  0.00000000e+00]
   [ 0.00000000e+00  0.00000000e+00]
   [ 0.00000000e+00  0.00000000e+00]]

  [[ 2.16328699e-05  4.78545153e-05]
   [ 3.06202564e-05  1.51273751e-04]
   [ 9.15707569e-05  1.17895237e-04]
   ...
   [ 0.00000000e+00  0.00000000e+00]
   [ 0.00000000e+00  0.00000000e+00]
   [ 0.00000000e+00  0.00000000e+00]]

  [[ 2.14326465e-05  5.39428656e-05]
   [ 2.49304558e-05  1.62511831e-04]
   [ 8.63441746e-05  1.25191029e-04]
   ...
   [ 0.00000000e+00  0.00000000e+00]
   [ 0.00000000e+00  0.00000000e+00]
   [ 0.00000000e+00  0.00000000e+00]]

  ...

  [[-1.26737041e-05 -1.68998722e-05]
   [-5.26632903e-05 -8.96243946e-05]
   [-1.10097091e-04 -7.18927258e-05]
   ...
   [ 0.00000000e+00  0.00000000e+00]
   [ 0.00000000e+00  0.00000000e+00]
   [ 0.00000000e+00  0.00000000e+00]]

  [[-1.72071032e-05 -2.50851281e-05]
   [-4.99987327e-05 -1.06667874e-04]
   [-1.07954533e-04 -8.39198256e-05]
   ...
   [ 0.00000000e+00  0.00000000e+00]
   [ 0.00000000e+00  0.00000000e+00]
   [ 0.00000000e+00  0.00000000e+00]]

  [[-2.05757078e-05 -3.28242313e-05]
   [-4.66148122e-05 -1.22406287e-04]
   [-1.05044244e-04 -9.48865709e-05]
   ...
   [ 0.00000000e+00  0.00000000e+00]
   [ 0.00000000e+00  0.00000000e+00]
   [ 0.00000000e+00  0.00000000e+00]]]


 [[[ 9.85000028e-08  2.07166681e-06]
   [ 3.34257020e-05  1.02571394e-04]
   [ 9.64348583e-05  8.68957868e-05]
   ...
   [ 0.00000000e+00  0.00000000e+00]
   [ 0.00000000e+00  0.00000000e+00]
   [ 0.00000000e+00  0.00000000e+00]]

  [[-2.66693974e-07  8.78199808e-06]
   [ 2.75490293e-05  1.14642564e-04]
   [ 9.15974888e-05  9.49646055e-05]
   ...
   [ 0.00000000e+00  0.00000000e+00]
   [ 0.00000000e+00  0.00000000e+00]
   [ 0.00000000e+00  0.00000000e+00]]

  [[-1.55150417e-06  1.50463993e-05]
   [ 2.12211162e-05  1.25411199e-04]
   [ 8.61977242e-05  1.01944999e-04]
   ...
   [ 0.00000000e+00  0.00000000e+00]
   [ 0.00000000e+00  0.00000000e+00]
   [ 0.00000000e+00  0.00000000e+00]]

  ...

  [[ 5.79036850e-06  2.00498798e-05]
   [-5.05576791e-05 -5.66947092e-05]
   [-1.09699693e-04 -5.13436789e-05]
   ...
   [ 0.00000000e+00  0.00000000e+00]
   [ 0.00000000e+00  0.00000000e+00]
   [ 0.00000000e+00  0.00000000e+00]]

  [[ 2.74316312e-06  1.23975806e-05]
   [-4.71788990e-05 -7.26009530e-05]
   [-1.07383668e-04 -6.26106848e-05]
   ...
   [ 0.00000000e+00  0.00000000e+00]
   [ 0.00000000e+00  0.00000000e+00]
   [ 0.00000000e+00  0.00000000e+00]]

  [[ 7.57334817e-07  5.00602118e-06]
   [-4.30973378e-05 -8.73720928e-05]
   [-1.04299994e-04 -7.29287567e-05]
   ...
   [ 0.00000000e+00  0.00000000e+00]
   [ 0.00000000e+00  0.00000000e+00]
   [ 0.00000000e+00  0.00000000e+00]]]


 [[[-1.86853795e-05 -3.76806274e-05]
   [ 3.26202789e-05  6.65793705e-05]
   [ 9.74166542e-05  6.43064850e-05]
   ...
   [ 0.00000000e+00  0.00000000e+00]
   [ 0.00000000e+00  0.00000000e+00]
   [ 0.00000000e+00  0.00000000e+00]]

  [[-2.02169631e-05 -3.10746000e-05]
   [ 2.61590994e-05  7.79355396e-05]
   [ 9.24574706e-05  7.19153177e-05]
   ...
   [ 0.00000000e+00  0.00000000e+00]
   [ 0.00000000e+00  0.00000000e+00]
   [ 0.00000000e+00  0.00000000e+00]]

  [[-2.25775057e-05 -2.47138723e-05]
   [ 1.92467014e-05  8.81701199e-05]
   [ 8.69221985e-05  7.85535667e-05]
   ...
   [ 0.00000000e+00  0.00000000e+00]
   [ 0.00000000e+00  0.00000000e+00]
   [ 0.00000000e+00  0.00000000e+00]]

  ...

  [[ 2.24287851e-05  5.75132508e-05]
   [-4.98657901e-05 -2.38931498e-05]
   [-1.09952503e-04 -3.07688133e-05]
   ...
   [ 0.00000000e+00  0.00000000e+00]
   [ 0.00000000e+00  0.00000000e+00]
   [ 0.00000000e+00  0.00000000e+00]]

  [[ 2.08382771e-05  5.04919626e-05]
   [-4.58466238e-05 -3.85865787e-05]
   [-1.07511587e-04 -4.12392073e-05]
   ...
   [ 0.00000000e+00  0.00000000e+00]
   [ 0.00000000e+00  0.00000000e+00]
   [ 0.00000000e+00  0.00000000e+00]]

  [[ 2.02112278e-05  4.35396032e-05]
   [-4.11362489e-05 -5.23177405e-05]
   [-1.04300074e-04 -5.08745288e-05]
   ...
   [ 0.00000000e+00  0.00000000e+00]
   [ 0.00000000e+00  0.00000000e+00]
   [ 0.00000000e+00  0.00000000e+00]]]


 ...


 [[[-1.00881371e-04 -1.47686529e-04]
   [-6.43546882e-05 -2.41558140e-04]
   [-1.08676330e-04 -1.69772946e-04]
   ...
   [ 0.00000000e+00  0.00000000e+00]
   [ 0.00000000e+00  0.00000000e+00]
   [ 0.00000000e+00  0.00000000e+00]]

  [[-1.05592248e-04 -1.53746470e-04]
   [-6.20761930e-05 -2.55923253e-04]
   [-1.05197592e-04 -1.79545983e-04]
   ...
   [ 0.00000000e+00  0.00000000e+00]
   [ 0.00000000e+00  0.00000000e+00]
   [ 0.00000000e+00  0.00000000e+00]]

  [[-1.08900749e-04 -1.58679060e-04]
   [-5.91855060e-05 -2.68318865e-04]
   [-1.01101956e-04 -1.87815502e-04]
   ...
   [ 0.00000000e+00  0.00000000e+00]
   [ 0.00000000e+00  0.00000000e+00]
   [ 0.00000000e+00  0.00000000e+00]]

  ...

  [[ 8.40159046e-05  1.19151708e-04]
   [ 7.61858973e-05  1.83842567e-04]
   [ 1.21315999e-04  1.26273037e-04]
   ...
   [ 0.00000000e+00  0.00000000e+00]
   [ 0.00000000e+00  0.00000000e+00]
   [ 0.00000000e+00  0.00000000e+00]]

  [[ 9.35581920e-05  1.27874620e-04]
   [ 7.70368424e-05  2.03765201e-04]
   [ 1.20651304e-04  1.40359974e-04]
   ...
   [ 0.00000000e+00  0.00000000e+00]
   [ 0.00000000e+00  0.00000000e+00]
   [ 0.00000000e+00  0.00000000e+00]]

  [[ 1.01550737e-04  1.35698589e-04]
   [ 7.70013794e-05  2.21935625e-04]
   [ 1.19138524e-04  1.53110741e-04]
   ...
   [ 0.00000000e+00  0.00000000e+00]
   [ 0.00000000e+00  0.00000000e+00]
   [ 0.00000000e+00  0.00000000e+00]]]


 [[[-7.32831177e-05 -1.13010661e-04]
   [-5.56124214e-05 -2.06947851e-04]
   [-1.05561077e-04 -1.48221749e-04]
   ...
   [ 0.00000000e+00  0.00000000e+00]
   [ 0.00000000e+00  0.00000000e+00]
   [ 0.00000000e+00  0.00000000e+00]]

  [[-7.68089449e-05 -1.19361750e-04]
   [-5.25116593e-05 -2.20921051e-04]
   [-1.01787933e-04 -1.57677379e-04]
   ...
   [ 0.00000000e+00  0.00000000e+00]
   [ 0.00000000e+00  0.00000000e+00]
   [ 0.00000000e+00  0.00000000e+00]]

  [[-7.90553313e-05 -1.24756887e-04]
   [-4.88314472e-05 -2.33089275e-04]
   [-9.74029972e-05 -1.65736317e-04]
   ...
   [ 0.00000000e+00  0.00000000e+00]
   [ 0.00000000e+00  0.00000000e+00]
   [ 0.00000000e+00  0.00000000e+00]]

  ...

  [[ 5.89978954e-05  8.58442872e-05]
   [ 6.84795014e-05  1.51726868e-04]
   [ 1.18114855e-04  1.06424355e-04]
   ...
   [ 0.00000000e+00  0.00000000e+00]
   [ 0.00000000e+00  0.00000000e+00]
   [ 0.00000000e+00  0.00000000e+00]]

  [[ 6.69970395e-05  9.44122221e-05]
   [ 6.83792096e-05  1.70814485e-04]
   [ 1.17113166e-04  1.19897792e-04]
   ...
   [ 0.00000000e+00  0.00000000e+00]
   [ 0.00000000e+00  0.00000000e+00]
   [ 0.00000000e+00  0.00000000e+00]]

  [[ 7.35721769e-05  1.02245474e-04]
   [ 6.74316834e-05  1.88307793e-04]
   [ 1.15275383e-04  1.32137531e-04]
   ...
   [ 0.00000000e+00  0.00000000e+00]
   [ 0.00000000e+00  0.00000000e+00]
   [ 0.00000000e+00  0.00000000e+00]]]


 [[[-4.72137035e-05 -7.70846964e-05]
   [-4.83233744e-05 -1.71782143e-04]
   [-1.03147671e-04 -1.26274943e-04]
   ...
   [ 0.00000000e+00  0.00000000e+00]
   [ 0.00000000e+00  0.00000000e+00]
   [ 0.00000000e+00  0.00000000e+00]]

  [[-4.95496533e-05 -8.36431573e-05]
   [-4.44441175e-05 -1.85283483e-04]
   [-9.91148700e-05 -1.35375463e-04]
   ...
   [ 0.00000000e+00  0.00000000e+00]
   [ 0.00000000e+00  0.00000000e+00]
   [ 0.00000000e+00  0.00000000e+00]]

  [[-5.07243822e-05 -8.94258555e-05]
   [-4.00133031e-05 -1.97153597e-04]
   [-9.44721105e-05 -1.43189420e-04]
   ...
   [ 0.00000000e+00  0.00000000e+00]
   [ 0.00000000e+00  0.00000000e+00]
   [ 0.00000000e+00  0.00000000e+00]]

  ...

  [[ 3.54475596e-05  5.14999410e-05]
   [ 6.20478022e-05  1.19250282e-04]
   [ 1.15483752e-04  8.62832239e-05]
   ...
   [ 0.00000000e+00  0.00000000e+00]
   [ 0.00000000e+00  0.00000000e+00]
   [ 0.00000000e+00  0.00000000e+00]]

  [[ 4.19069765e-05  5.98112529e-05]
   [ 6.10511852e-05  1.37409588e-04]
   [ 1.14184477e-04  9.90932967e-05]
   ...
   [ 0.00000000e+00  0.00000000e+00]
   [ 0.00000000e+00  0.00000000e+00]
   [ 0.00000000e+00  0.00000000e+00]]

  [[ 4.70634986e-05  6.75583506e-05]
   [ 5.92419856e-05  1.54136869e-04]
   [ 1.12059082e-04  1.10775720e-04]
   ...
   [ 0.00000000e+00  0.00000000e+00]
   [ 0.00000000e+00  0.00000000e+00]
   [ 0.00000000e+00  0.00000000e+00]]]]' group='<HDF5 file "NanoKB-Pulse_14.h5" (mode r+)>'
