Got On Axis Power Density - Temporal
Got On Axis POwer Density - Spectral
Got FWHM
Got Divergence
Got Centroid
Wrote History to File
Setup Beamline
Source Scaled
propagating pulse, hold on...
Error at name='data/arrEhor' value='[[[[ 0.00011046  0.00040652]
   [ 0.00014226  0.00033653]
   [ 0.0002551   0.00036399]
   ...
   [ 0.          0.        ]
   [ 0.          0.        ]
   [ 0.          0.        ]]

  [[ 0.00010809  0.000419  ]
   [ 0.00014557  0.0003478 ]
   [ 0.00026255  0.00037927]
   ...
   [ 0.          0.        ]
   [ 0.          0.        ]
   [ 0.          0.        ]]

  [[ 0.00010534  0.00042853]
   [ 0.00014819  0.00035696]
   [ 0.00026881  0.00039267]
   ...
   [ 0.          0.        ]
   [ 0.          0.        ]
   [ 0.          0.        ]]

  ...

  [[-0.00013206 -0.00034552]
   [-0.0001424  -0.00028397]
   [-0.0002411  -0.00029646]
   ...
   [ 0.          0.        ]
   [ 0.          0.        ]
   [ 0.          0.        ]]

  [[-0.00013218 -0.00036671]
   [-0.00014867 -0.00030101]
   [-0.00025293 -0.00031637]
   ...
   [ 0.          0.        ]
   [ 0.          0.        ]
   [ 0.          0.        ]]

  [[-0.00013156 -0.00038509]
   [-0.00015408 -0.00031613]
   [-0.00026353 -0.00033471]
   ...
   [ 0.          0.        ]
   [ 0.          0.        ]
   [ 0.          0.        ]]]


 [[[ 0.00011452  0.00037354]
   [ 0.00013752  0.00031519]
   [ 0.00024165  0.00034977]
   ...
   [ 0.          0.        ]
   [ 0.          0.        ]
   [ 0.          0.        ]]

  [[ 0.00011168  0.0003858 ]
   [ 0.00014038  0.00032628]
   [ 0.00024891  0.00036489]
   ...
   [ 0.          0.        ]
   [ 0.          0.        ]
   [ 0.          0.        ]]

  [[ 0.00010842  0.00039526]
   [ 0.00014257  0.00033536]
   [ 0.00025506  0.00037819]
   ...
   [ 0.          0.        ]
   [ 0.          0.        ]
   [ 0.          0.        ]]

  ...

  [[-0.00013571 -0.00031387]
   [-0.00013808 -0.00026392]
   [-0.00022795 -0.00028372]
   ...
   [ 0.          0.        ]
   [ 0.          0.        ]
   [ 0.          0.        ]]

  [[-0.00013546 -0.00033441]
   [-0.00014384 -0.00028052]
   [-0.00023939 -0.00030331]
   ...
   [ 0.          0.        ]
   [ 0.          0.        ]
   [ 0.          0.        ]]

  [[-0.00013444 -0.0003523 ]
   [-0.00014877 -0.0002953 ]
   [-0.00024966 -0.00032138]
   ...
   [ 0.          0.        ]
   [ 0.          0.        ]
   [ 0.          0.        ]]]


 [[[ 0.0001201   0.00034035]
   [ 0.00013375  0.00029333]
   [ 0.00022869  0.00033452]
   ...
   [ 0.          0.        ]
   [ 0.          0.        ]
   [ 0.          0.        ]]

  [[ 0.00011683  0.00035232]
   [ 0.00013618  0.00030417]
   [ 0.00023576  0.0003494 ]
   ...
   [ 0.          0.        ]
   [ 0.          0.        ]
   [ 0.          0.        ]]

  [[ 0.00011309  0.00036164]
   [ 0.00013795  0.0003131 ]
   [ 0.00024177  0.00036253]
   ...
   [ 0.          0.        ]
   [ 0.          0.        ]
   [ 0.          0.        ]]

  ...

  [[-0.00014072 -0.00028216]
   [-0.00013465 -0.00024352]
   [-0.00021526 -0.00027017]
   ...
   [ 0.          0.        ]
   [ 0.          0.        ]
   [ 0.          0.        ]]

  [[-0.00014015 -0.00030198]
   [-0.00013993 -0.00025961]
   [-0.0002263  -0.00028935]
   ...
   [ 0.          0.        ]
   [ 0.          0.        ]
   [ 0.          0.        ]]

  [[-0.00013878 -0.00031929]
   [-0.00014438 -0.00027397]
   [-0.00023623 -0.00030706]
   ...
   [ 0.          0.        ]
   [ 0.          0.        ]
   [ 0.          0.        ]]]


 ...


 [[[-0.00013161 -0.00049686]
   [-0.00018089 -0.00038787]
   [-0.00031628 -0.00038459]
   ...
   [ 0.          0.        ]
   [ 0.          0.        ]
   [ 0.          0.        ]]

  [[-0.00013148 -0.0005096 ]
   [-0.00018615 -0.00039903]
   [-0.00032499 -0.00039952]
   ...
   [ 0.          0.        ]
   [ 0.          0.        ]
   [ 0.          0.        ]]

  [[-0.00013091 -0.00051899]
   [-0.00019055 -0.00040786]
   [-0.00033221 -0.00041249]
   ...
   [ 0.          0.        ]
   [ 0.          0.        ]
   [ 0.          0.        ]]

  ...

  [[ 0.0001504   0.00043188]
   [ 0.00017665  0.00033271]
   [ 0.00029783  0.00031484]
   ...
   [ 0.          0.        ]
   [ 0.          0.        ]
   [ 0.          0.        ]]

  [[ 0.00015301  0.0004544 ]
   [ 0.00018539  0.00035017]
   [ 0.00031176  0.00033453]
   ...
   [ 0.          0.        ]
   [ 0.          0.        ]
   [ 0.          0.        ]]

  [[ 0.0001548   0.00047373]
   [ 0.0001931   0.0003655 ]
   [ 0.00032417  0.0003526 ]
   ...
   [ 0.          0.        ]
   [ 0.          0.        ]
   [ 0.          0.        ]]]


 [[[-0.00012982 -0.00046543]
   [-0.00017271 -0.00036899]
   [-0.00030151 -0.00037445]
   ...
   [ 0.          0.        ]
   [ 0.          0.        ]
   [ 0.          0.        ]]

  [[-0.00012912 -0.00047819]
   [-0.0001775  -0.0003802 ]
   [-0.00031006 -0.00038944]
   ...
   [ 0.          0.        ]
   [ 0.          0.        ]
   [ 0.          0.        ]]

  [[-0.00012796 -0.00048774]
   [-0.00018145 -0.00038916]
   [-0.00031719 -0.00040251]
   ...
   [ 0.          0.        ]
   [ 0.          0.        ]
   [ 0.          0.        ]]

  ...

  [[ 0.00014867  0.00040126]
   [ 0.00016912  0.00031453]
   [ 0.00028344  0.00030547]
   ...
   [ 0.          0.        ]
   [ 0.          0.        ]
   [ 0.          0.        ]]

  [[ 0.00015076  0.00042342]
   [ 0.00017731  0.00033182]
   [ 0.00029702  0.00032511]
   ...
   [ 0.          0.        ]
   [ 0.          0.        ]
   [ 0.          0.        ]]

  [[ 0.00015202  0.00044252]
   [ 0.00018449  0.00034706]
   [ 0.00030913  0.00034317]
   ...
   [ 0.          0.        ]
   [ 0.          0.        ]
   [ 0.          0.        ]]]


 [[[-0.00012936 -0.0004333 ]
   [-0.00016523 -0.00034931]
   [-0.00028682 -0.00036315]
   ...
   [ 0.          0.        ]
   [ 0.          0.        ]
   [ 0.          0.        ]]

  [[-0.00012812 -0.000446  ]
   [-0.00016955 -0.0003605 ]
   [-0.0002952  -0.00037813]
   ...
   [ 0.          0.        ]
   [ 0.          0.        ]
   [ 0.          0.        ]]

  [[-0.00012639 -0.00045564]
   [-0.00017306 -0.00036952]
   [-0.00030223 -0.00039123]
   ...
   [ 0.          0.        ]
   [ 0.          0.        ]
   [ 0.          0.        ]]

  ...

  [[ 0.00014814  0.00037013]
   [ 0.00016225  0.00029574]
   [ 0.00026914  0.00029518]
   ...
   [ 0.          0.        ]
   [ 0.          0.        ]
   [ 0.          0.        ]]

  [[ 0.00014974  0.00039183]
   [ 0.00016988  0.00031277]
   [ 0.00028234  0.00031469]
   ...
   [ 0.          0.        ]
   [ 0.          0.        ]
   [ 0.          0.        ]]

  [[ 0.0001505   0.00041062]
   [ 0.00017654  0.00032785]
   [ 0.00029414  0.00033266]
   ...
   [ 0.          0.        ]
   [ 0.          0.        ]
   [ 0.          0.        ]]]]' group='<HDF5 file "NanoKB-Pulse_23.h5" (mode r+)>'
