Got On Axis Power Density - Temporal
Got On Axis POwer Density - Spectral
Got FWHM
Got Divergence
Got Centroid
Wrote History to File
Setup Beamline
Source Scaled
propagating pulse, hold on...
Error at name='data/arrEhor' value='[[[[ 1.91473009e-04 -9.01219319e-05]
   [ 1.23089965e-04 -1.18970740e-04]
   [ 1.23223450e-04 -7.47606391e-05]
   ...
   [ 0.00000000e+00  0.00000000e+00]
   [ 0.00000000e+00  0.00000000e+00]
   [ 0.00000000e+00  0.00000000e+00]]

  [[ 2.01224160e-04 -9.51985276e-05]
   [ 1.34619069e-04 -1.20156496e-04]
   [ 1.26710453e-04 -6.93977199e-05]
   ...
   [ 0.00000000e+00  0.00000000e+00]
   [ 0.00000000e+00  0.00000000e+00]
   [ 0.00000000e+00  0.00000000e+00]]

  [[ 2.09837221e-04 -9.93542344e-05]
   [ 1.45121739e-04 -1.20385208e-04]
   [ 1.29530512e-04 -6.34330863e-05]
   ...
   [ 0.00000000e+00  0.00000000e+00]
   [ 0.00000000e+00  0.00000000e+00]
   [ 0.00000000e+00  0.00000000e+00]]

  ...

  [[-1.52294946e-04  7.70259867e-05]
   [-7.75747103e-05  1.13546375e-04]
   [-1.04718871e-04  9.21051687e-05]
   ...
   [ 0.00000000e+00  0.00000000e+00]
   [ 0.00000000e+00  0.00000000e+00]
   [ 0.00000000e+00  0.00000000e+00]]

  [[-1.64729689e-04  8.54711980e-05]
   [-9.15930141e-05  1.18383672e-04]
   [-1.10193869e-04  8.90159208e-05]
   ...
   [ 0.00000000e+00  0.00000000e+00]
   [ 0.00000000e+00  0.00000000e+00]
   [ 0.00000000e+00  0.00000000e+00]]

  [[-1.76258734e-04  9.29362723e-05]
   [-1.04838895e-04  1.22164158e-04]
   [-1.15132345e-04  8.51715231e-05]
   ...
   [ 0.00000000e+00  0.00000000e+00]
   [ 0.00000000e+00  0.00000000e+00]
   [ 0.00000000e+00  0.00000000e+00]]]


 [[[ 1.71207445e-04 -7.52783963e-05]
   [ 1.01498066e-04 -1.08373897e-04]
   [ 1.10575151e-04 -7.18266165e-05]
   ...
   [ 0.00000000e+00  0.00000000e+00]
   [ 0.00000000e+00  0.00000000e+00]
   [ 0.00000000e+00  0.00000000e+00]]

  [[ 1.80712435e-04 -7.98627661e-05]
   [ 1.12636320e-04 -1.09502682e-04]
   [ 1.14078633e-04 -6.68075663e-05]
   ...
   [ 0.00000000e+00  0.00000000e+00]
   [ 0.00000000e+00  0.00000000e+00]
   [ 0.00000000e+00  0.00000000e+00]]

  [[ 1.89186263e-04 -8.36026229e-05]
   [ 1.22866259e-04 -1.09723915e-04]
   [ 1.16991381e-04 -6.11957221e-05]
   ...
   [ 0.00000000e+00  0.00000000e+00]
   [ 0.00000000e+00  0.00000000e+00]
   [ 0.00000000e+00  0.00000000e+00]]

  ...

  [[-1.34054266e-04  6.31883013e-05]
   [-5.83625260e-05  1.02466249e-04]
   [-9.26875146e-05  8.76300473e-05]
   ...
   [ 0.00000000e+00  0.00000000e+00]
   [ 0.00000000e+00  0.00000000e+00]
   [ 0.00000000e+00  0.00000000e+00]]

  [[-1.45969272e-04  7.08908556e-05]
   [-7.16593568e-05  1.07053231e-04]
   [-9.79333854e-05  8.48288983e-05]
   ...
   [ 0.00000000e+00  0.00000000e+00]
   [ 0.00000000e+00  0.00000000e+00]
   [ 0.00000000e+00  0.00000000e+00]]

  [[-1.57073329e-04  7.76949892e-05]
   [-8.42914960e-05  1.10646120e-04]
   [-1.02719001e-04  8.12960570e-05]
   ...
   [ 0.00000000e+00  0.00000000e+00]
   [ 0.00000000e+00  0.00000000e+00]
   [ 0.00000000e+00  0.00000000e+00]]]


 [[[ 1.50061052e-04 -6.16260295e-05]
   [ 7.94174921e-05 -9.88379616e-05]
   [ 9.77064046e-05 -6.93601178e-05]
   ...
   [ 0.00000000e+00  0.00000000e+00]
   [ 0.00000000e+00  0.00000000e+00]
   [ 0.00000000e+00  0.00000000e+00]]

  [[ 1.59252144e-04 -6.57173732e-05]
   [ 9.01130188e-05 -9.99253389e-05]
   [ 1.01219906e-04 -6.46991321e-05]
   ...
   [ 0.00000000e+00  0.00000000e+00]
   [ 0.00000000e+00  0.00000000e+00]
   [ 0.00000000e+00  0.00000000e+00]]

  [[ 1.67522579e-04 -6.90358138e-05]
   [ 1.00021782e-04 -1.00151221e-04]
   [ 1.04220671e-04 -5.94527737e-05]
   ...
   [ 0.00000000e+00  0.00000000e+00]
   [ 0.00000000e+00  0.00000000e+00]
   [ 0.00000000e+00  0.00000000e+00]]

  ...

  [[-1.15106632e-04  5.04874879e-05]
   [-3.87844011e-05  9.23586776e-05]
   [-8.04408046e-05  8.35592655e-05]
   ...
   [ 0.00000000e+00  0.00000000e+00]
   [ 0.00000000e+00  0.00000000e+00]
   [ 0.00000000e+00  0.00000000e+00]]

  [[-1.26420404e-04  5.74537698e-05]
   [-5.12984043e-05  9.67200758e-05]
   [-8.54468090e-05  8.10649799e-05]
   ...
   [ 0.00000000e+00  0.00000000e+00]
   [ 0.00000000e+00  0.00000000e+00]
   [ 0.00000000e+00  0.00000000e+00]]

  [[-1.37022580e-04  6.36002951e-05]
   [-6.32582232e-05  1.00145815e-04]
   [-9.00702653e-05  7.78612230e-05]
   ...
   [ 0.00000000e+00  0.00000000e+00]
   [ 0.00000000e+00  0.00000000e+00]
   [ 0.00000000e+00  0.00000000e+00]]]


 ...


 [[[-2.38947585e-04  1.52746026e-04]
   [-1.75925641e-04  1.65082558e-04]
   [-1.54629553e-04  9.36815122e-05]
   ...
   [ 0.00000000e+00  0.00000000e+00]
   [ 0.00000000e+00  0.00000000e+00]
   [ 0.00000000e+00  0.00000000e+00]]

  [[-2.48688128e-04  1.59755800e-04]
   [-1.88213191e-04  1.67135193e-04]
   [-1.58333671e-04  8.75724727e-05]
   ...
   [ 0.00000000e+00  0.00000000e+00]
   [ 0.00000000e+00  0.00000000e+00]
   [ 0.00000000e+00  0.00000000e+00]]

  [[-2.57062085e-04  1.65529549e-04]
   [-1.99203103e-04  1.67997612e-04]
   [-1.61186006e-04  8.07816541e-05]
   ...
   [ 0.00000000e+00  0.00000000e+00]
   [ 0.00000000e+00  0.00000000e+00]
   [ 0.00000000e+00  0.00000000e+00]]

  ...

  [[ 1.95685338e-04 -1.34223999e-04]
   [ 1.24426981e-04 -1.58047784e-04]
   [ 1.33333204e-04 -1.14150171e-04]
   ...
   [ 0.00000000e+00  0.00000000e+00]
   [ 0.00000000e+00  0.00000000e+00]
   [ 0.00000000e+00  0.00000000e+00]]

  [[ 2.08633239e-04 -1.45547223e-04]
   [ 1.39906537e-04 -1.64523968e-04]
   [ 1.39594049e-04 -1.10631387e-04]
   ...
   [ 0.00000000e+00  0.00000000e+00]
   [ 0.00000000e+00  0.00000000e+00]
   [ 0.00000000e+00  0.00000000e+00]]

  [[ 2.20481510e-04 -1.55574962e-04]
   [ 1.54376874e-04 -1.69691906e-04]
   [ 1.45144440e-04 -1.06244195e-04]
   ...
   [ 0.00000000e+00  0.00000000e+00]
   [ 0.00000000e+00  0.00000000e+00]
   [ 0.00000000e+00  0.00000000e+00]]]


 [[[-2.22697781e-04  1.34121219e-04]
   [-1.56985319e-04  1.50820430e-04]
   [-1.43162775e-04  8.89778676e-05]
   ...
   [ 0.00000000e+00  0.00000000e+00]
   [ 0.00000000e+00  0.00000000e+00]
   [ 0.00000000e+00  0.00000000e+00]]

  [[-2.32423175e-04  1.40656222e-04]
   [-1.69050792e-04  1.52761888e-04]
   [-1.46889462e-04  8.31609650e-05]
   ...
   [ 0.00000000e+00  0.00000000e+00]
   [ 0.00000000e+00  0.00000000e+00]
   [ 0.00000000e+00  0.00000000e+00]]

  [[-2.40868249e-04  1.46043574e-04]
   [-1.79920986e-04  1.53577057e-04]
   [-1.49834144e-04  7.66798912e-05]
   ...
   [ 0.00000000e+00  0.00000000e+00]
   [ 0.00000000e+00  0.00000000e+00]
   [ 0.00000000e+00  0.00000000e+00]]

  ...

  [[ 1.80830481e-04 -1.16794356e-04]
   [ 1.07441854e-04 -1.43651923e-04]
   [ 1.22502723e-04 -1.08161868e-04]
   ...
   [ 0.00000000e+00  0.00000000e+00]
   [ 0.00000000e+00  0.00000000e+00]
   [ 0.00000000e+00  0.00000000e+00]]

  [[ 1.93548258e-04 -1.27368054e-04]
   [ 1.22416124e-04 -1.49794520e-04]
   [ 1.28563814e-04 -1.04858314e-04]
   ...
   [ 0.00000000e+00  0.00000000e+00]
   [ 0.00000000e+00  0.00000000e+00]
   [ 0.00000000e+00  0.00000000e+00]]

  [[ 2.05242191e-04 -1.36738570e-04]
   [ 1.36473900e-04 -1.54701993e-04]
   [ 1.33983413e-04 -1.00716592e-04]
   ...
   [ 0.00000000e+00  0.00000000e+00]
   [ 0.00000000e+00  0.00000000e+00]
   [ 0.00000000e+00  0.00000000e+00]]]


 [[[-2.05299308e-04  1.16304735e-04]
   [-1.37272655e-04  1.37339681e-04]
   [-1.31310575e-04  8.46148541e-05]
   ...
   [ 0.00000000e+00  0.00000000e+00]
   [ 0.00000000e+00  0.00000000e+00]
   [ 0.00000000e+00  0.00000000e+00]]

  [[-2.14941800e-04  1.22352096e-04]
   [-1.49059124e-04  1.39179450e-04]
   [-1.35050825e-04  7.91091879e-05]
   ...
   [ 0.00000000e+00  0.00000000e+00]
   [ 0.00000000e+00  0.00000000e+00]
   [ 0.00000000e+00  0.00000000e+00]]

  [[-2.23395269e-04  1.27338979e-04]
   [-1.59757517e-04  1.39954864e-04]
   [-1.38081785e-04  7.29553794e-05]
   ...
   [ 0.00000000e+00  0.00000000e+00]
   [ 0.00000000e+00  0.00000000e+00]
   [ 0.00000000e+00  0.00000000e+00]]

  ...

  [[ 1.65025936e-04 -1.00153222e-04]
   [ 8.98429571e-05 -1.29964785e-04]
   [ 1.11311725e-04 -1.02434518e-04]
   ...
   [ 0.00000000e+00  0.00000000e+00]
   [ 0.00000000e+00  0.00000000e+00]
   [ 0.00000000e+00  0.00000000e+00]]

  [[ 1.77429334e-04 -1.09966320e-04]
   [ 1.04241837e-04 -1.35786453e-04]
   [ 1.17156924e-04 -9.93673675e-05]
   ...
   [ 0.00000000e+00  0.00000000e+00]
   [ 0.00000000e+00  0.00000000e+00]
   [ 0.00000000e+00  0.00000000e+00]]

  [[ 1.88890190e-04 -1.18667042e-04]
   [ 1.17821277e-04 -1.40445220e-04]
   [ 1.22431622e-04 -9.54915085e-05]
   ...
   [ 0.00000000e+00  0.00000000e+00]
   [ 0.00000000e+00  0.00000000e+00]
   [ 0.00000000e+00  0.00000000e+00]]]]' group='<HDF5 file "NanoKB-Pulse_5.h5" (mode r+)>'
